( This log file was generated by 'pmGenerator 1.2.3' (master branch), compiled by 'oneAPI DPC++/C++ Compiler 2024.2.0 (2024.2.0.20240602)'.
  The run was executed on a CLAIX-2018-OPTANE MPI node
  — 2-socket Intel Xeon Gold 6338, 32 cores each (64 cores total per node), 2.0 GHz, 3.20 GHz turbo mode, 512 GiB DDR4-3200 caching for 2 TiB non-volatile memory (NVM) (Intel Optane DC Persistent Memory DIMMs) —
  running Linux, Rocky 9.6.
  Wall-clock time:   7.4475 h
  CPU utilization: 476.64 core-h )
Fri May 29 15:16:08 2026: Process started. [pid: 53821, tid:22683799594816]
Tasks:
1. resetRepresentativesFor("CCCpqrCCrpCsp", true, 0, true, "l40")
2. generateDProofRepresentativeFiles(4294967295, true, true, null, 40, -1, true)

[Main] Calling resetRepresentativesFor("CCCpqrCCrpCsp", true, 0, true, "l40").
Loaded 1 custom axioms. [SHA-512/224 hash: 97553789db1645226627da044ed0a2e6a9cfd5963d66a8a44e121146]
(1) CCC0.1.2CC2.0C3.0    -    CCCpqrCCrpCsp    -    ((0\imply1)\imply2)\imply((2\imply0)\imply(3\imply0))
Selected extracted proof system at "data/97553789db1645226627da044ed0a2e6a9cfd5963d66a8a44e121146/extraction-l40/".
(1) 1    -    CCC0.1.2CC2.0C3.0    -    CCCpqrCCrpCsp    -    ((0\imply1)\imply2)\imply((2\imply0)\imply(3\imply0))
[Main] Calling generateDProofRepresentativeFiles(4294967295, true, true, null, 40, -1, true).
Fri May 29 15:16:08 2026: Unlimited D-proof representative generator started. [parallel ; 64 hardware thread contexts, candidate queue capacities: 50, conclusion length limit: 40, use conclusion strings]
0.00 ms taken to load initial representatives.
32.66 ms taken to read 1 condensed detachment proof and conclusion from data/97553789db1645226627da044ed0a2e6a9cfd5963d66a8a44e121146/extraction-l40/dProofs-withConclusions/dProofs3.txt. [tid:22683597141568]
25.50 ms taken to read 1 condensed detachment proof and conclusion from data/97553789db1645226627da044ed0a2e6a9cfd5963d66a8a44e121146/extraction-l40/dProofs-withConclusions/dProofs5.txt. [tid:22683595040320]
4.62 ms taken to read 3 condensed detachment proofs and conclusions from data/97553789db1645226627da044ed0a2e6a9cfd5963d66a8a44e121146/extraction-l40/dProofs-withConclusions/dProofs7.txt. [tid:22683592939072]
5.44 ms taken to read 8 condensed detachment proofs and conclusions from data/97553789db1645226627da044ed0a2e6a9cfd5963d66a8a44e121146/extraction-l40/dProofs-withConclusions/dProofs9.txt. [tid:22683590837824]
24.18 ms taken to read 14 condensed detachment proofs and conclusions from data/97553789db1645226627da044ed0a2e6a9cfd5963d66a8a44e121146/extraction-l40/dProofs-withConclusions/dProofs11.txt. [tid:22683588736576]
14.17 ms taken to read 21 condensed detachment proofs and conclusions from data/97553789db1645226627da044ed0a2e6a9cfd5963d66a8a44e121146/extraction-l40/dProofs-withConclusions/dProofs13.txt. [tid:22683586635328]
10.99 ms taken to read 30 condensed detachment proofs and conclusions from data/97553789db1645226627da044ed0a2e6a9cfd5963d66a8a44e121146/extraction-l40/dProofs-withConclusions/dProofs15.txt. [tid:22683584534080]
7.60 ms taken to read 38 condensed detachment proofs and conclusions from data/97553789db1645226627da044ed0a2e6a9cfd5963d66a8a44e121146/extraction-l40/dProofs-withConclusions/dProofs17.txt. [tid:22683582432832]
16.70 ms taken to read 59 condensed detachment proofs and conclusions from data/97553789db1645226627da044ed0a2e6a9cfd5963d66a8a44e121146/extraction-l40/dProofs-withConclusions/dProofs19.txt. [tid:22683580331584]
6.90 ms taken to read 87 condensed detachment proofs and conclusions from data/97553789db1645226627da044ed0a2e6a9cfd5963d66a8a44e121146/extraction-l40/dProofs-withConclusions/dProofs21.txt. [tid:22683578230336]
10.30 ms taken to read 108 condensed detachment proofs and conclusions from data/97553789db1645226627da044ed0a2e6a9cfd5963d66a8a44e121146/extraction-l40/dProofs-withConclusions/dProofs23.txt. [tid:22683576129088]
169.04 ms taken to read 157 condensed detachment proofs and conclusions from data/97553789db1645226627da044ed0a2e6a9cfd5963d66a8a44e121146/extraction-l40/dProofs-withConclusions/dProofs25.txt. [tid:22683574027840]
13.49 ms taken to read 185 condensed detachment proofs and conclusions from data/97553789db1645226627da044ed0a2e6a9cfd5963d66a8a44e121146/extraction-l40/dProofs-withConclusions/dProofs27.txt. [tid:22683571926592]
14.92 ms taken to read 249 condensed detachment proofs and conclusions from data/97553789db1645226627da044ed0a2e6a9cfd5963d66a8a44e121146/extraction-l40/dProofs-withConclusions/dProofs29.txt. [tid:22683569825344]
12.67 ms taken to read 327 condensed detachment proofs and conclusions from data/97553789db1645226627da044ed0a2e6a9cfd5963d66a8a44e121146/extraction-l40/dProofs-withConclusions/dProofs31.txt. [tid:22683567724096]
16.11 ms taken to read 422 condensed detachment proofs and conclusions from data/97553789db1645226627da044ed0a2e6a9cfd5963d66a8a44e121146/extraction-l40/dProofs-withConclusions/dProofs33.txt. [tid:22683565622848]
22.51 ms taken to read 561 condensed detachment proofs and conclusions from data/97553789db1645226627da044ed0a2e6a9cfd5963d66a8a44e121146/extraction-l40/dProofs-withConclusions/dProofs35.txt. [tid:22683563521600]
10.67 ms taken to read 673 condensed detachment proofs and conclusions from data/97553789db1645226627da044ed0a2e6a9cfd5963d66a8a44e121146/extraction-l40/dProofs-withConclusions/dProofs37.txt. [tid:22683561420352]
43.84 ms taken to read 924 condensed detachment proofs and conclusions from data/97553789db1645226627da044ed0a2e6a9cfd5963d66a8a44e121146/extraction-l40/dProofs-withConclusions/dProofs39.txt. [tid:22683559319104]
19.88 ms taken to read 1159 condensed detachment proofs and conclusions from data/97553789db1645226627da044ed0a2e6a9cfd5963d66a8a44e121146/extraction-l40/dProofs-withConclusions/dProofs41.txt. [tid:22683557217856]
19.71 ms taken to read 1503 condensed detachment proofs and conclusions from data/97553789db1645226627da044ed0a2e6a9cfd5963d66a8a44e121146/extraction-l40/dProofs-withConclusions/dProofs43.txt. [tid:22683555116608]
134.83 ms taken to read 1876 condensed detachment proofs and conclusions from data/97553789db1645226627da044ed0a2e6a9cfd5963d66a8a44e121146/extraction-l40/dProofs-withConclusions/dProofs45.txt. [tid:22683553015360]
122.31 ms taken to read 2441 condensed detachment proofs and conclusions from data/97553789db1645226627da044ed0a2e6a9cfd5963d66a8a44e121146/extraction-l40/dProofs-withConclusions/dProofs47.txt. [tid:22683550914112]
25.90 ms taken to read 3049 condensed detachment proofs and conclusions from data/97553789db1645226627da044ed0a2e6a9cfd5963d66a8a44e121146/extraction-l40/dProofs-withConclusions/dProofs49.txt. [tid:22683548812864]
31.71 ms taken to read 3943 condensed detachment proofs and conclusions from data/97553789db1645226627da044ed0a2e6a9cfd5963d66a8a44e121146/extraction-l40/dProofs-withConclusions/dProofs51.txt. [tid:22683546711616]
29.88 ms taken to read 4947 condensed detachment proofs and conclusions from data/97553789db1645226627da044ed0a2e6a9cfd5963d66a8a44e121146/extraction-l40/dProofs-withConclusions/dProofs53.txt. [tid:22683544610368]
33.05 ms taken to read 6309 condensed detachment proofs and conclusions from data/97553789db1645226627da044ed0a2e6a9cfd5963d66a8a44e121146/extraction-l40/dProofs-withConclusions/dProofs55.txt. [tid:22683542509120]
68.30 ms taken to read 7991 condensed detachment proofs and conclusions from data/97553789db1645226627da044ed0a2e6a9cfd5963d66a8a44e121146/extraction-l40/dProofs-withConclusions/dProofs57.txt. [tid:22683540407872]
88.76 ms taken to read 10033 condensed detachment proofs and conclusions from data/97553789db1645226627da044ed0a2e6a9cfd5963d66a8a44e121146/extraction-l40/dProofs-withConclusions/dProofs59.txt. [tid:22683538306624]
61.01 ms taken to read 12799 condensed detachment proofs and conclusions from data/97553789db1645226627da044ed0a2e6a9cfd5963d66a8a44e121146/extraction-l40/dProofs-withConclusions/dProofs61.txt. [tid:22681789396544]
32.51 ms taken to read 16331 condensed detachment proofs and conclusions from data/97553789db1645226627da044ed0a2e6a9cfd5963d66a8a44e121146/extraction-l40/dProofs-withConclusions/dProofs63.txt. [tid:22681787295296]
76.64 ms taken to read 20563 condensed detachment proofs and conclusions from data/97553789db1645226627da044ed0a2e6a9cfd5963d66a8a44e121146/extraction-l40/dProofs-withConclusions/dProofs65.txt. [tid:22681785194048]
48.36 ms taken to read 26742 condensed detachment proofs and conclusions from data/97553789db1645226627da044ed0a2e6a9cfd5963d66a8a44e121146/extraction-l40/dProofs-withConclusions/dProofs67.txt. [tid:22681783092800]
44.31 ms taken to read 33603 condensed detachment proofs and conclusions from data/97553789db1645226627da044ed0a2e6a9cfd5963d66a8a44e121146/extraction-l40/dProofs-withConclusions/dProofs69.txt. [tid:22681780991552]
163.14 ms taken to read 42831 condensed detachment proofs and conclusions from data/97553789db1645226627da044ed0a2e6a9cfd5963d66a8a44e121146/extraction-l40/dProofs-withConclusions/dProofs71.txt. [tid:22681778890304]
55.41 ms taken to read 54140 condensed detachment proofs and conclusions from data/97553789db1645226627da044ed0a2e6a9cfd5963d66a8a44e121146/extraction-l40/dProofs-withConclusions/dProofs73.txt. [tid:22681776789056]
66.36 ms taken to read 68100 condensed detachment proofs and conclusions from data/97553789db1645226627da044ed0a2e6a9cfd5963d66a8a44e121146/extraction-l40/dProofs-withConclusions/dProofs75.txt. [tid:22681774687808]
101.19 ms taken to read 86149 condensed detachment proofs and conclusions from data/97553789db1645226627da044ed0a2e6a9cfd5963d66a8a44e121146/extraction-l40/dProofs-withConclusions/dProofs77.txt. [tid:22681772586560]
145.20 ms taken to read 105763 condensed detachment proofs and conclusions from data/97553789db1645226627da044ed0a2e6a9cfd5963d66a8a44e121146/extraction-l40/dProofs-withConclusions/dProofs79.txt. [tid:22681770485312]
187.06 ms taken to read 131511 condensed detachment proofs and conclusions from data/97553789db1645226627da044ed0a2e6a9cfd5963d66a8a44e121146/extraction-l40/dProofs-withConclusions/dProofs81.txt. [tid:22681768384064]
205.71 ms taken to read 160674 condensed detachment proofs and conclusions from data/97553789db1645226627da044ed0a2e6a9cfd5963d66a8a44e121146/extraction-l40/dProofs-withConclusions/dProofs83.txt. [tid:22681766282816]
234.79 ms taken to read 196091 condensed detachment proofs and conclusions from data/97553789db1645226627da044ed0a2e6a9cfd5963d66a8a44e121146/extraction-l40/dProofs-withConclusions/dProofs85.txt. [tid:22681764181568]
239.27 ms taken to read 238828 condensed detachment proofs and conclusions from data/97553789db1645226627da044ed0a2e6a9cfd5963d66a8a44e121146/extraction-l40/dProofs-withConclusions/dProofs87.txt. [tid:22681762080320]
275.52 ms taken to read 285765 condensed detachment proofs and conclusions from data/97553789db1645226627da044ed0a2e6a9cfd5963d66a8a44e121146/extraction-l40/dProofs-withConclusions/dProofs89.txt. [tid:22681759979072]
327.15 ms taken to read 344834 condensed detachment proofs and conclusions from data/97553789db1645226627da044ed0a2e6a9cfd5963d66a8a44e121146/extraction-l40/dProofs-withConclusions/dProofs91.txt. [tid:22681757877824]
371.28 ms taken to read 409861 condensed detachment proofs and conclusions from data/97553789db1645226627da044ed0a2e6a9cfd5963d66a8a44e121146/extraction-l40/dProofs-withConclusions/dProofs93.txt. [tid:22681755776576]
476.27 ms total read duration.
Loaded 47 representative collections of sizes:
1 : 1
3 : 1
5 : 1
7 : 3
9 : 8
11 : 14
13 : 21
15 : 30
17 : 38
19 : 59
21 : 87
23 : 108
25 : 157
27 : 185
29 : 249
31 : 327
33 : 422
35 : 561
37 : 673
39 : 924
41 : 1159
43 : 1503
45 : 1876
47 : 2441
49 : 3049
51 : 3943
53 : 4947
55 : 6309
57 : 7991
59 : 10033
61 : 12799
63 : 16331
65 : 20563
67 : 26742
69 : 33603
71 : 42831
73 : 54140
75 : 68100
77 : 86149
79 : 105763
81 : 131511
83 : 160674
85 : 196091
87 : 238828
89 : 285765
91 : 344834
93 : 409861
2281705 representatives in total.
Fri May 29 15:16:08 2026: Inserted ≈ 5% of D-proof conclusions. [ 114085 of 2281705] (ETC: Fri May 29 15:16:09 2026 ; 442.28 ms remaining ; 465.56 ms total)
Fri May 29 15:16:08 2026: Inserted ≈10% of D-proof conclusions. [ 228170 of 2281705] (ETC: Fri May 29 15:16:09 2026 ; 431.34 ms remaining ; 479.26 ms total)
Fri May 29 15:16:09 2026: Inserted ≈15% of D-proof conclusions. [ 342255 of 2281705] (ETC: Fri May 29 15:16:09 2026 ; 406.84 ms remaining ; 478.63 ms total)
Fri May 29 15:16:09 2026: Inserted ≈20% of D-proof conclusions. [ 456341 of 2281705] (ETC: Fri May 29 15:16:09 2026 ; 363.50 ms remaining ; 454.38 ms total)
Fri May 29 15:16:09 2026: Inserted ≈25% of D-proof conclusions. [ 570426 of 2281705] (ETC: Fri May 29 15:16:09 2026 ; 338.13 ms remaining ; 450.84 ms total)
Fri May 29 15:16:09 2026: Inserted ≈30% of D-proof conclusions. [ 684511 of 2281705] (ETC: Fri May 29 15:16:09 2026 ; 326.38 ms remaining ; 466.25 ms total)
Fri May 29 15:16:09 2026: Inserted ≈35% of D-proof conclusions. [ 798596 of 2281705] (ETC: Fri May 29 15:16:09 2026 ; 296.36 ms remaining ; 455.93 ms total)
Fri May 29 15:16:09 2026: Inserted ≈40% of D-proof conclusions. [ 912682 of 2281705] (ETC: Fri May 29 15:16:09 2026 ; 270.16 ms remaining ; 450.26 ms total)
Fri May 29 15:16:09 2026: Inserted ≈45% of D-proof conclusions. [1026767 of 2281705] (ETC: Fri May 29 15:16:09 2026 ; 245.45 ms remaining ; 446.27 ms total)
Fri May 29 15:16:09 2026: Inserted ≈50% of D-proof conclusions. [1140852 of 2281705] (ETC: Fri May 29 15:16:09 2026 ; 221.19 ms remaining ; 442.37 ms total)
Fri May 29 15:16:09 2026: Inserted ≈55% of D-proof conclusions. [1254937 of 2281705] (ETC: Fri May 29 15:16:09 2026 ; 196.71 ms remaining ; 437.13 ms total)
Fri May 29 15:16:09 2026: Inserted ≈60% of D-proof conclusions. [1369023 of 2281705] (ETC: Fri May 29 15:16:09 2026 ; 173.85 ms remaining ; 434.63 ms total)
Fri May 29 15:16:09 2026: Inserted ≈65% of D-proof conclusions. [1483108 of 2281705] (ETC: Fri May 29 15:16:09 2026 ; 150.81 ms remaining ; 430.87 ms total)
Fri May 29 15:16:09 2026: Inserted ≈70% of D-proof conclusions. [1597193 of 2281705] (ETC: Fri May 29 15:16:09 2026 ; 131.81 ms remaining ; 439.36 ms total)
Fri May 29 15:16:09 2026: Inserted ≈75% of D-proof conclusions. [1711278 of 2281705] (ETC: Fri May 29 15:16:09 2026 ; 109.04 ms remaining ; 436.15 ms total)
Fri May 29 15:16:09 2026: Inserted ≈80% of D-proof conclusions. [1825364 of 2281705] (ETC: Fri May 29 15:16:09 2026 ; 86.66 ms remaining ; 433.30 ms total)
Fri May 29 15:16:09 2026: Inserted ≈85% of D-proof conclusions. [1939449 of 2281705] (ETC: Fri May 29 15:16:09 2026 ; 64.63 ms remaining ; 430.88 ms total)
Fri May 29 15:16:09 2026: Inserted ≈90% of D-proof conclusions. [2053534 of 2281705] (ETC: Fri May 29 15:16:09 2026 ; 43.04 ms remaining ; 430.44 ms total)
Fri May 29 15:16:09 2026: Inserted ≈95% of D-proof conclusions. [2167619 of 2281705] (ETC: Fri May 29 15:16:09 2026 ; 21.59 ms remaining ; 431.85 ms total)
Fri May 29 15:16:09 2026: Inserted 100% of D-proof conclusions. [2281705 of 2281705] (ETC: Fri May 29 15:16:09 2026 ; 0.00 ms remaining ; 434.97 ms total)
435.13 ms total insertion duration.
Determined the number of proof string candidates for iteration as 182833601. [most relevant: {43,51} with 2*5926329 = 11852658, i.e. ≈6.48%]
Estimated removal count set to 5249128, based on entry 93:4465398 and last known pair (91:3798684, 93:4465398) with 4465398/3798684 ≈ 1.17551 and 4465398 * (4465398/3798684)^1 ≈ 5249128.20.
Fri May 29 15:16:09 2026: Starting to generate D-proof representatives of length 95.
Fri May 29 15:16:27 2026: Iterated ≈ 2% of D-proof candidates. [  3656672 of 182833601] (ETC: Fri May 29 15:31:19 2026 ; 14 min 52 s 408.39 ms remaining ; 15 min 10 s 620.80 ms total)
Fri May 29 15:16:45 2026: Iterated ≈ 4% of D-proof candidates. [  7313344 of 182833601] (ETC: Fri May 29 15:31:06 2026 ; 14 min 21 s 510.29 ms remaining ; 14 min 57 s 406.55 ms total)
Fri May 29 15:17:01 2026: Iterated ≈ 6% of D-proof candidates. [ 10970016 of 182833601] (ETC: Fri May 29 15:30:41 2026 ; 13 min 40 s 251.59 ms remaining ; 14 min 32 s 608.07 ms total)
Fri May 29 15:17:21 2026: Iterated ≈ 8% of D-proof candidates. [ 14626688 of 182833601] (ETC: Fri May 29 15:31:07 2026 ; 13 min 46 s 515.03 ms remaining ; 14 min 58 s 385.90 ms total)
Fri May 29 15:17:39 2026: Iterated ≈10% of D-proof candidates. [ 18283360 of 182833601] (ETC: Fri May 29 15:31:06 2026 ; 13 min 27 s 290.19 ms remaining ; 14 min 56 s 989.10 ms total)
Fri May 29 15:17:58 2026: Iterated ≈12% of D-proof candidates. [ 21940032 of 182833601] (ETC: Fri May 29 15:31:22 2026 ; 13 min 23 s 667.28 ms remaining ; 15 min 13 s 258.27 ms total)
Fri May 29 15:18:17 2026: Iterated ≈14% of D-proof candidates. [ 25596704 of 182833601] (ETC: Fri May 29 15:31:27 2026 ; 13 min  9 s 637.27 ms remaining ; 15 min 18 s 182.88 ms total)
Fri May 29 15:18:35 2026: Iterated ≈16% of D-proof candidates. [ 29253376 of 182833601] (ETC: Fri May 29 15:31:21 2026 ; 12 min 46 s  79.75 ms remaining ; 15 min 11 s 999.70 ms total)
Fri May 29 15:18:50 2026: Iterated ≈18% of D-proof candidates. [ 32910048 of 182833601] (ETC: Fri May 29 15:31:04 2026 ; 12 min 14 s 401.39 ms remaining ; 14 min 55 s 611.45 ms total)
Fri May 29 15:19:08 2026: Iterated ≈20% of D-proof candidates. [ 36566720 of 182833601] (ETC: Fri May 29 15:31:07 2026 ; 11 min 58 s 461.11 ms remaining ; 14 min 58 s  76.38 ms total)
Fri May 29 15:19:25 2026: Iterated ≈22% of D-proof candidates. [ 40223392 of 182833601] (ETC: Fri May 29 15:31:02 2026 ; 11 min 36 s 639.40 ms remaining ; 14 min 53 s 127.44 ms total)
Fri May 29 15:19:45 2026: Iterated ≈24% of D-proof candidates. [ 43880064 of 182833601] (ETC: Fri May 29 15:31:11 2026 ; 11 min 25 s 874.27 ms remaining ; 15 min  2 s 466.14 ms total)
Fri May 29 15:20:07 2026: Iterated ≈26% of D-proof candidates. [ 47536736 of 182833601] (ETC: Fri May 29 15:31:24 2026 ; 11 min 17 s 181.90 ms remaining ; 15 min 15 s 110.67 ms total)
Fri May 29 15:20:26 2026: Iterated ≈28% of D-proof candidates. [ 51193408 of 182833601] (ETC: Fri May 29 15:31:29 2026 ; 11 min  2 s 414.21 ms remaining ; 15 min 20 s  19.73 ms total)
Fri May 29 15:20:48 2026: Iterated ≈30% of D-proof candidates. [ 54850080 of 182833601] (ETC: Fri May 29 15:31:39 2026 ; 10 min 51 s 392.47 ms remaining ; 15 min 30 s 560.67 ms total)
Fri May 29 15:21:10 2026: Iterated ≈32% of D-proof candidates. [ 58506752 of 182833601] (ETC: Fri May 29 15:31:49 2026 ; 10 min 38 s 972.93 ms remaining ; 15 min 39 s 666.07 ms total)
Fri May 29 15:21:28 2026: Iterated ≈34% of D-proof candidates. [ 62163424 of 182833601] (ETC: Fri May 29 15:31:48 2026 ; 10 min 19 s 776.33 ms remaining ; 15 min 39 s  55.05 ms total)
Fri May 29 15:21:45 2026: Iterated ≈36% of D-proof candidates. [ 65820096 of 182833601] (ETC: Fri May 29 15:31:43 2026 ; 9 min 57 s 968.15 ms remaining ; 15 min 34 s 325.23 ms total)
Fri May 29 15:22:03 2026: Iterated ≈38% of D-proof candidates. [ 69476768 of 182833601] (ETC: Fri May 29 15:31:40 2026 ; 9 min 37 s 197.23 ms remaining ; 15 min 30 s 963.27 ms total)
Fri May 29 15:22:21 2026: Iterated ≈40% of D-proof candidates. [ 73133440 of 182833601] (ETC: Fri May 29 15:31:39 2026 ; 9 min 17 s 974.85 ms remaining ; 15 min 29 s 958.09 ms total)
Fri May 29 15:22:40 2026: Iterated ≈42% of D-proof candidates. [ 76790112 of 182833601] (ETC: Fri May 29 15:31:40 2026 ; 8 min 59 s 890.81 ms remaining ; 15 min 30 s 846.23 ms total)
Fri May 29 15:22:56 2026: Iterated ≈44% of D-proof candidates. [ 80446784 of 182833601] (ETC: Fri May 29 15:31:35 2026 ; 8 min 38 s 576.40 ms remaining ; 15 min 26 s  29.29 ms total)
Fri May 29 15:23:14 2026: Iterated ≈46% of D-proof candidates. [ 84103456 of 182833601] (ETC: Fri May 29 15:31:34 2026 ; 8 min 19 s 446.76 ms remaining ; 15 min 24 s 901.40 ms total)
Fri May 29 15:23:31 2026: Iterated ≈48% of D-proof candidates. [ 87760128 of 182833601] (ETC: Fri May 29 15:31:31 2026 ; 7 min 59 s 492.62 ms remaining ; 15 min 22 s 101.19 ms total)
Fri May 29 15:23:48 2026: Iterated ≈50% of D-proof candidates. [ 91416800 of 182833601] (ETC: Fri May 29 15:31:26 2026 ; 7 min 38 s 682.04 ms remaining ; 15 min 17 s 364.08 ms total)
Fri May 29 15:24:07 2026: Iterated ≈52% of D-proof candidates. [ 95073472 of 182833601] (ETC: Fri May 29 15:31:28 2026 ; 7 min 21 s  55.13 ms remaining ; 15 min 18 s 864.85 ms total)
Fri May 29 15:24:26 2026: Iterated ≈54% of D-proof candidates. [ 98730144 of 182833601] (ETC: Fri May 29 15:31:30 2026 ; 7 min  3 s 792.30 ms remaining ; 15 min 21 s 287.60 ms total)
Fri May 29 15:24:45 2026: Iterated ≈56% of D-proof candidates. [102386816 of 182833601] (ETC: Fri May 29 15:31:31 2026 ; 6 min 45 s 835.63 ms remaining ; 15 min 22 s 353.70 ms total)
Fri May 29 15:25:04 2026: Iterated ≈58% of D-proof candidates. [106043488 of 182833601] (ETC: Fri May 29 15:31:31 2026 ; 6 min 27 s 447.42 ms remaining ; 15 min 22 s 493.86 ms total)
Fri May 29 15:25:20 2026: Iterated ≈60% of D-proof candidates. [109700160 of 182833601] (ETC: Fri May 29 15:31:27 2026 ; 6 min  7 s 381.46 ms remaining ; 15 min 18 s 453.65 ms total)
Fri May 29 15:25:34 2026: Iterated ≈62% of D-proof candidates. [113356832 of 182833601] (ETC: Fri May 29 15:31:21 2026 ; 5 min 46 s 658.43 ms remaining ; 15 min 12 s 259.02 ms total)
Fri May 29 15:25:53 2026: Iterated ≈64% of D-proof candidates. [117013504 of 182833601] (ETC: Fri May 29 15:31:21 2026 ; 5 min 28 s 346.24 ms remaining ; 15 min 12 s  72.88 ms total)
Fri May 29 15:26:10 2026: Iterated ≈66% of D-proof candidates. [120670176 of 182833601] (ETC: Fri May 29 15:31:19 2026 ; 5 min  9 s 583.02 ms remaining ; 15 min 10 s 538.30 ms total)
Fri May 29 15:26:26 2026: Iterated ≈68% of D-proof candidates. [124326848 of 182833601] (ETC: Fri May 29 15:31:17 2026 ; 4 min 50 s 493.00 ms remaining ; 15 min  7 s 790.61 ms total)
Fri May 29 15:26:44 2026: Iterated ≈70% of D-proof candidates. [127983520 of 182833601] (ETC: Fri May 29 15:31:16 2026 ; 4 min 32 s  61.66 ms remaining ; 15 min  6 s 872.21 ms total)
Fri May 29 15:27:01 2026: Iterated ≈72% of D-proof candidates. [131640192 of 182833601] (ETC: Fri May 29 15:31:14 2026 ; 4 min 13 s 461.79 ms remaining ; 15 min  5 s 220.67 ms total)
Fri May 29 15:27:17 2026: Iterated ≈74% of D-proof candidates. [135296864 of 182833601] (ETC: Fri May 29 15:31:12 2026 ; 3 min 54 s 733.28 ms remaining ; 15 min  2 s 820.31 ms total)
Fri May 29 15:27:34 2026: Iterated ≈76% of D-proof candidates. [138953536 of 182833601] (ETC: Fri May 29 15:31:10 2026 ; 3 min 36 s 335.74 ms remaining ; 15 min  1 s 398.91 ms total)
Fri May 29 15:27:50 2026: Iterated ≈78% of D-proof candidates. [142610208 of 182833601] (ETC: Fri May 29 15:31:08 2026 ; 3 min 17 s 769.87 ms remaining ; 14 min 58 s 953.93 ms total)
Fri May 29 15:28:06 2026: Iterated ≈80% of D-proof candidates. [146266880 of 182833601] (ETC: Fri May 29 15:31:06 2026 ; 2 min 59 s 345.84 ms remaining ; 14 min 56 s 729.19 ms total)
Fri May 29 15:28:23 2026: Iterated ≈82% of D-proof candidates. [149923552 of 182833601] (ETC: Fri May 29 15:31:04 2026 ; 2 min 41 s 135.91 ms remaining ; 14 min 55 s 199.51 ms total)
Fri May 29 15:28:38 2026: Iterated ≈84% of D-proof candidates. [153580224 of 182833601] (ETC: Fri May 29 15:31:01 2026 ; 2 min 22 s 738.40 ms remaining ; 14 min 52 s 115.00 ms total)
Fri May 29 15:28:54 2026: Iterated ≈86% of D-proof candidates. [157236896 of 182833601] (ETC: Fri May 29 15:30:58 2026 ; 2 min  4 s 520.36 ms remaining ; 14 min 49 s 431.08 ms total)
Fri May 29 15:29:11 2026: Iterated ≈88% of D-proof candidates. [160893568 of 182833601] (ETC: Fri May 29 15:30:58 2026 ; 1 min 46 s 721.24 ms remaining ; 14 min 49 s 343.63 ms total)
Fri May 29 15:29:31 2026: Iterated ≈90% of D-proof candidates. [164550240 of 182833601] (ETC: Fri May 29 15:31:00 2026 ; 1 min 29 s 115.29 ms remaining ; 14 min 51 s 152.90 ms total)
Fri May 29 15:29:49 2026: Iterated ≈92% of D-proof candidates. [168206912 of 182833601] (ETC: Fri May 29 15:31:01 2026 ; 1 min 11 s 356.76 ms remaining ; 14 min 51 s 959.45 ms total)
Fri May 29 15:30:09 2026: Iterated ≈94% of D-proof candidates. [171863584 of 182833601] (ETC: Fri May 29 15:31:03 2026 ; 53 s 618.67 ms remaining ; 14 min 53 s 644.36 ms total)
Fri May 29 15:30:28 2026: Iterated ≈96% of D-proof candidates. [175520256 of 182833601] (ETC: Fri May 29 15:31:04 2026 ; 35 s 804.98 ms remaining ; 14 min 55 s 124.43 ms total)
Fri May 29 15:30:46 2026: Iterated ≈98% of D-proof candidates. [179176928 of 182833601] (ETC: Fri May 29 15:31:04 2026 ; 17 s 905.20 ms remaining ; 14 min 55 s 259.61 ms total)
Fri May 29 15:31:04 2026: Iterated 100% of D-proof candidates. [182833601 of 182833601] (ETC: Fri May 29 15:31:04 2026 ; 0.00 ms remaining ; 14 min 54 s 840.88 ms total)
894855.04 ms (14 min 54 s 855.04 ms) taken to collect 1990449 D-proofs of length 95. [iterated 182833601 condensed detachment proof strings]
Fri May 29 15:36:54 2026: Removed ≈  2% of redundant conclusions. [ 104982 of approximately 5249128] (ETC: Fri May 29 20:22:35 2026 ; 4 h 45 min 41 s 395.90 ms remaining ; 4 h 51 min 31 s 218.40 ms total)
Fri May 29 15:42:52 2026: Removed ≈  4% of redundant conclusions. [ 209965 of approximately 5249128] (ETC: Fri May 29 20:25:56 2026 ; 4 h 43 min  4 s 765.33 ms remaining ; 4 h 54 min 52 s 463.46 ms total)
Fri May 29 15:48:58 2026: Removed ≈  6% of redundant conclusions. [ 314947 of approximately 5249128] (ETC: Fri May 29 20:29:20 2026 ; 4 h 40 min 21 s 990.39 ms remaining ; 4 h 58 min 15 s 731.99 ms total)
Fri May 29 15:55:19 2026: Removed ≈  8% of redundant conclusions. [ 419930 of approximately 5249128] (ETC: Fri May 29 20:34:12 2026 ; 4 h 38 min 53 s 214.55 ms remaining ; 5 h  3 min  8 s 275.78 ms total)
Fri May 29 16:01:53 2026: Removed ≈ 10% of redundant conclusions. [ 524912 of approximately 5249128] (ETC: Fri May 29 20:39:10 2026 ; 4 h 37 min 17 s 581.44 ms remaining ; 5 h  8 min  6 s 198.46 ms total)
Fri May 29 16:08:24 2026: Removed ≈ 12% of redundant conclusions. [ 629895 of approximately 5249128] (ETC: Fri May 29 20:42:13 2026 ; 4 h 33 min 48 s 762.95 ms remaining ; 5 h 11 min  9 s  47.35 ms total)
Fri May 29 16:14:57 2026: Removed ≈ 14% of redundant conclusions. [ 734877 of approximately 5249128] (ETC: Fri May 29 20:44:33 2026 ; 4 h 29 min 35 s 801.68 ms remaining ; 5 h 13 min 29 s  67.89 ms total)
Fri May 29 16:21:30 2026: Removed ≈ 16% of redundant conclusions. [ 839860 of approximately 5249128] (ETC: Fri May 29 20:46:19 2026 ; 4 h 24 min 48 s 755.91 ms remaining ; 5 h 15 min 15 s 183.55 ms total)
Fri May 29 16:28:05 2026: Removed ≈ 18% of redundant conclusions. [ 944843 of approximately 5249128] (ETC: Fri May 29 20:47:50 2026 ; 4 h 19 min 45 s 172.57 ms remaining ; 5 h 16 min 46 s 307.83 ms total)
Fri May 29 16:34:24 2026: Removed ≈ 20% of redundant conclusions. [1049825 of approximately 5249128] (ETC: Fri May 29 20:47:43 2026 ; 4 h 13 min 19 s 300.30 ms remaining ; 5 h 16 min 39 s 122.66 ms total)
Fri May 29 16:40:40 2026: Removed ≈ 22% of redundant conclusions. [1154808 of approximately 5249128] (ETC: Fri May 29 20:47:26 2026 ; 4 h  6 min 46 s 364.54 ms remaining ; 5 h 16 min 22 s 517.89 ms total)
Fri May 29 16:46:54 2026: Removed ≈ 24% of redundant conclusions. [1259790 of approximately 5249128] (ETC: Fri May 29 20:47:01 2026 ; 4 h         7 s 361.99 ms remaining ; 5 h 15 min 57 s  51.83 ms total)
Fri May 29 16:53:08 2026: Removed ≈ 26% of redundant conclusions. [1364773 of approximately 5249128] (ETC: Fri May 29 20:46:42 2026 ; 3 h 53 min 34 s 277.23 ms remaining ; 5 h 15 min 38 s 211.11 ms total)
Fri May 29 16:59:23 2026: Removed ≈ 28% of redundant conclusions. [1469755 of approximately 5249128] (ETC: Fri May 29 20:46:30 2026 ; 3 h 47 min  6 s 983.03 ms remaining ; 5 h 15 min 26 s 361.11 ms total)
Fri May 29 17:05:38 2026: Removed ≈ 30% of redundant conclusions. [1574738 of approximately 5249128] (ETC: Fri May 29 20:46:19 2026 ; 3 h 40 min 40 s 600.54 ms remaining ; 5 h 15 min 15 s 141.57 ms total)
6084004.27 ms (1 h 41 min 24 s 4.27 ms) taken to detect 1670741 conclusions for which there are more general variants proven in lower or equal amounts of steps.
[Copy] Custom removal counts: { { 85, 1499825 }, { 87, 2786232 }, { 89, 3634065 }, { 91, 3798684 }, { 93, 4465398 }, { 95, 1670741 } }
723.69 ms taken to filter and order new representative proofs.
Found 319708 representative, 162432164 redundant, and 20081729 invalid condensed detachment proof strings.
lengths up to 95 ; amounts per length: {(1,1), (3,1), (5,1), (7,3), (9,8), (11,14), (13,21), (15,30), (17,38), (19,59), (21,87), (23,108), (25,157), (27,185), (29,249), (31,327), (33,422), (35,561), (37,673), (39,924), (41,1159), (43,1503), (45,1876), (47,2441), (49,3049), (51,3943), (53,4947), (55,6309), (57,7991), (59,10033), (61,12799), (63,16331), (65,20563), (67,26742), (69,33603), (71,42831), (73,54140), (75,68100), (77,86149), (79,105763), (81,131511), (83,160674), (85,196091), (87,238828), (89,285765), (91,344834), (93,409861), (95,319708)} ; 319708 new representative proofs (162432164 redundant, 20081729 invalid)
Fri May 29 17:12:29 2026: Starting to write 319708 entries to data/97553789db1645226627da044ed0a2e6a9cfd5963d66a8a44e121146/extraction-l40/dProofs-withConclusions/dProofs95.txt.
158.53 ms taken to print and save 45836595 bytes of representative condensed detachment proof strings to data/97553789db1645226627da044ed0a2e6a9cfd5963d66a8a44e121146/extraction-l40/dProofs-withConclusions/dProofs95.txt.
Determined the number of proof string candidates for iteration as 237799058. [most relevant: {47,49} with 2*7442609 = 14885218, i.e. ≈6.26%]
Estimated removal count set to 625112, based on entry 95:1670741 and last known pair (93:4465398, 95:1670741) with 1670741/4465398 ≈ 0.374153 and 1670741 * (1670741/4465398)^1 ≈ 625112.36.
Fri May 29 17:12:29 2026: Starting to generate D-proof representatives of length 97.
Fri May 29 17:12:54 2026: Iterated ≈ 2% of D-proof candidates. [  4755981 of 237799058] (ETC: Fri May 29 17:33:21 2026 ; 20 min 26 s 964.26 ms remaining ; 20 min 52 s   4.34 ms total)
Fri May 29 17:13:17 2026: Iterated ≈ 4% of D-proof candidates. [  9511962 of 237799058] (ETC: Fri May 29 17:32:20 2026 ; 19 min  2 s 938.50 ms remaining ; 19 min 50 s 560.94 ms total)
Fri May 29 17:13:43 2026: Iterated ≈ 6% of D-proof candidates. [ 14267943 of 237799058] (ETC: Fri May 29 17:32:57 2026 ; 19 min 14 s 310.56 ms remaining ; 20 min 27 s 989.96 ms total)
Fri May 29 17:14:06 2026: Iterated ≈ 8% of D-proof candidates. [ 19023924 of 237799058] (ETC: Fri May 29 17:32:43 2026 ; 18 min 36 s 542.53 ms remaining ; 20 min 13 s 633.18 ms total)
Fri May 29 17:14:33 2026: Iterated ≈10% of D-proof candidates. [ 23779905 of 237799058] (ETC: Fri May 29 17:33:10 2026 ; 18 min 36 s 958.47 ms remaining ; 20 min 41 s  64.96 ms total)
Fri May 29 17:14:59 2026: Iterated ≈12% of D-proof candidates. [ 28535886 of 237799058] (ETC: Fri May 29 17:33:16 2026 ; 18 min 17 s 712.00 ms remaining ; 20 min 47 s 400.00 ms total)
Fri May 29 17:15:24 2026: Iterated ≈14% of D-proof candidates. [ 33291868 of 237799058] (ETC: Fri May 29 17:33:22 2026 ; 17 min 57 s 727.78 ms remaining ; 20 min 53 s 171.84 ms total)
Fri May 29 17:15:52 2026: Iterated ≈16% of D-proof candidates. [ 38047849 of 237799058] (ETC: Fri May 29 17:33:36 2026 ; 17 min 43 s 989.41 ms remaining ; 21 min  6 s 654.06 ms total)
Fri May 29 17:16:18 2026: Iterated ≈18% of D-proof candidates. [ 42803830 of 237799058] (ETC: Fri May 29 17:33:42 2026 ; 17 min 23 s 478.58 ms remaining ; 21 min 12 s 534.85 ms total)
Fri May 29 17:16:45 2026: Iterated ≈20% of D-proof candidates. [ 47559811 of 237799058] (ETC: Fri May 29 17:33:49 2026 ; 17 min  3 s 574.16 ms remaining ; 21 min 19 s 467.70 ms total)
Fri May 29 17:17:12 2026: Iterated ≈22% of D-proof candidates. [ 52315792 of 237799058] (ETC: Fri May 29 17:33:54 2026 ; 16 min 42 s 213.75 ms remaining ; 21 min 24 s 889.42 ms total)
Fri May 29 17:17:39 2026: Iterated ≈24% of D-proof candidates. [ 57071773 of 237799058] (ETC: Fri May 29 17:33:59 2026 ; 16 min 20 s 484.41 ms remaining ; 21 min 30 s 111.06 ms total)
Fri May 29 17:18:08 2026: Iterated ≈26% of D-proof candidates. [ 61827755 of 237799058] (ETC: Fri May 29 17:34:12 2026 ; 16 min  4 s  64.51 ms remaining ; 21 min 42 s 789.88 ms total)
Fri May 29 17:18:34 2026: Iterated ≈28% of D-proof candidates. [ 66583736 of 237799058] (ETC: Fri May 29 17:34:13 2026 ; 15 min 38 s 882.24 ms remaining ; 21 min 44 s   3.10 ms total)
Fri May 29 17:18:59 2026: Iterated ≈30% of D-proof candidates. [ 71339717 of 237799058] (ETC: Fri May 29 17:34:09 2026 ; 15 min  9 s 899.28 ms remaining ; 21 min 39 s 856.11 ms total)
Fri May 29 17:19:27 2026: Iterated ≈32% of D-proof candidates. [ 76095698 of 237799058] (ETC: Fri May 29 17:34:14 2026 ; 14 min 47 s 630.55 ms remaining ; 21 min 45 s 339.03 ms total)
Fri May 29 17:19:56 2026: Iterated ≈34% of D-proof candidates. [ 80851679 of 237799058] (ETC: Fri May 29 17:34:22 2026 ; 14 min 26 s 838.14 ms remaining ; 21 min 53 s 391.12 ms total)
Fri May 29 17:20:25 2026: Iterated ≈36% of D-proof candidates. [ 85607660 of 237799058] (ETC: Fri May 29 17:34:31 2026 ; 14 min  6 s 171.48 ms remaining ; 22 min  2 s 142.94 ms total)
Fri May 29 17:20:53 2026: Iterated ≈38% of D-proof candidates. [ 90363642 of 237799058] (ETC: Fri May 29 17:34:36 2026 ; 13 min 42 s 661.76 ms remaining ; 22 min  6 s 873.80 ms total)
Fri May 29 17:21:22 2026: Iterated ≈40% of D-proof candidates. [ 95119623 of 237799058] (ETC: Fri May 29 17:34:41 2026 ; 13 min 19 s  16.78 ms remaining ; 22 min 11 s 694.64 ms total)
Fri May 29 17:21:48 2026: Iterated ≈42% of D-proof candidates. [ 99875604 of 237799058] (ETC: Fri May 29 17:34:41 2026 ; 12 min 52 s 497.41 ms remaining ; 22 min 11 s 892.08 ms total)
Fri May 29 17:22:16 2026: Iterated ≈44% of D-proof candidates. [104631585 of 237799058] (ETC: Fri May 29 17:34:43 2026 ; 12 min 27 s 135.75 ms remaining ; 22 min 14 s 170.97 ms total)
Fri May 29 17:22:46 2026: Iterated ≈46% of D-proof candidates. [109387566 of 237799058] (ETC: Fri May 29 17:34:49 2026 ; 12 min  3 s 806.56 ms remaining ; 22 min 20 s 382.50 ms total)
Fri May 29 17:23:12 2026: Iterated ≈48% of D-proof candidates. [114143547 of 237799058] (ETC: Fri May 29 17:34:49 2026 ; 11 min 36 s 844.97 ms remaining ; 22 min 20 s  86.47 ms total)
Fri May 29 17:23:40 2026: Iterated ≈50% of D-proof candidates. [118899529 of 237799058] (ETC: Fri May 29 17:34:50 2026 ; 11 min 10 s 509.91 ms remaining ; 22 min 21 s  19.81 ms total)
Fri May 29 17:24:09 2026: Iterated ≈52% of D-proof candidates. [123655510 of 237799058] (ETC: Fri May 29 17:34:54 2026 ; 10 min 45 s 721.69 ms remaining ; 22 min 25 s 253.52 ms total)
Fri May 29 17:24:34 2026: Iterated ≈54% of D-proof candidates. [128411491 of 237799058] (ETC: Fri May 29 17:34:51 2026 ; 10 min 17 s 299.83 ms remaining ; 22 min 21 s 956.16 ms total)
Fri May 29 17:25:00 2026: Iterated ≈56% of D-proof candidates. [133167472 of 237799058] (ETC: Fri May 29 17:34:50 2026 ; 9 min 50 s 124.58 ms remaining ; 22 min 21 s 192.23 ms total)
Fri May 29 17:25:28 2026: Iterated ≈58% of D-proof candidates. [137923453 of 237799058] (ETC: Fri May 29 17:34:51 2026 ; 9 min 23 s 785.70 ms remaining ; 22 min 22 s 346.91 ms total)
Fri May 29 17:25:54 2026: Iterated ≈60% of D-proof candidates. [142679434 of 237799058] (ETC: Fri May 29 17:34:51 2026 ; 8 min 56 s 622.05 ms remaining ; 22 min 21 s 555.12 ms total)
Fri May 29 17:26:21 2026: Iterated ≈62% of D-proof candidates. [147435415 of 237799058] (ETC: Fri May 29 17:34:52 2026 ; 8 min 30 s 133.65 ms remaining ; 22 min 22 s 456.96 ms total)
Fri May 29 17:26:48 2026: Iterated ≈64% of D-proof candidates. [152191397 of 237799058] (ETC: Fri May 29 17:34:51 2026 ; 8 min  3 s 126.61 ms remaining ; 22 min 22 s  18.36 ms total)
Fri May 29 17:27:14 2026: Iterated ≈66% of D-proof candidates. [156947378 of 237799058] (ETC: Fri May 29 17:34:50 2026 ; 7 min 35 s 891.24 ms remaining ; 22 min 20 s 856.60 ms total)
Fri May 29 17:27:40 2026: Iterated ≈68% of D-proof candidates. [161703359 of 237799058] (ETC: Fri May 29 17:34:49 2026 ; 7 min  8 s 700.39 ms remaining ; 22 min 19 s 688.70 ms total)
Fri May 29 17:28:06 2026: Iterated ≈70% of D-proof candidates. [166459340 of 237799058] (ETC: Fri May 29 17:34:48 2026 ; 6 min 41 s 650.95 ms remaining ; 22 min 18 s 836.50 ms total)
Fri May 29 17:28:32 2026: Iterated ≈72% of D-proof candidates. [171215321 of 237799058] (ETC: Fri May 29 17:34:47 2026 ; 6 min 14 s 626.95 ms remaining ; 22 min 17 s 953.38 ms total)
Fri May 29 17:29:00 2026: Iterated ≈74% of D-proof candidates. [175971302 of 237799058] (ETC: Fri May 29 17:34:48 2026 ; 5 min 48 s  24.08 ms remaining ; 22 min 18 s 554.15 ms total)
Fri May 29 17:29:25 2026: Iterated ≈76% of D-proof candidates. [180727284 of 237799058] (ETC: Fri May 29 17:34:46 2026 ; 5 min 20 s 895.75 ms remaining ; 22 min 17 s  65.64 ms total)
Fri May 29 17:29:51 2026: Iterated ≈78% of D-proof candidates. [185483265 of 237799058] (ETC: Fri May 29 17:34:45 2026 ; 4 min 53 s 850.38 ms remaining ; 22 min 15 s 683.55 ms total)
Fri May 29 17:30:17 2026: Iterated ≈80% of D-proof candidates. [190239246 of 237799058] (ETC: Fri May 29 17:34:44 2026 ; 4 min 26 s 972.05 ms remaining ; 22 min 14 s 860.24 ms total)
Fri May 29 17:30:42 2026: Iterated ≈82% of D-proof candidates. [194995227 of 237799058] (ETC: Fri May 29 17:34:41 2026 ; 3 min 59 s 810.30 ms remaining ; 22 min 12 s 279.42 ms total)
Fri May 29 17:31:07 2026: Iterated ≈84% of D-proof candidates. [199751208 of 237799058] (ETC: Fri May 29 17:34:40 2026 ; 3 min 32 s 948.51 ms remaining ; 22 min 10 s 928.20 ms total)
Fri May 29 17:31:33 2026: Iterated ≈86% of D-proof candidates. [204507189 of 237799058] (ETC: Fri May 29 17:34:39 2026 ; 3 min  6 s 145.48 ms remaining ; 22 min  9 s 610.54 ms total)
Fri May 29 17:31:59 2026: Iterated ≈88% of D-proof candidates. [209263171 of 237799058] (ETC: Fri May 29 17:34:39 2026 ; 2 min 39 s 566.74 ms remaining ; 22 min  9 s 722.87 ms total)
Fri May 29 17:32:25 2026: Iterated ≈90% of D-proof candidates. [214019152 of 237799058] (ETC: Fri May 29 17:34:38 2026 ; 2 min 12 s 873.09 ms remaining ; 22 min  8 s 730.88 ms total)
Fri May 29 17:32:50 2026: Iterated ≈92% of D-proof candidates. [218775133 of 237799058] (ETC: Fri May 29 17:34:36 2026 ; 1 min 46 s 138.03 ms remaining ; 22 min  6 s 725.32 ms total)
Fri May 29 17:33:14 2026: Iterated ≈94% of D-proof candidates. [223531114 of 237799058] (ETC: Fri May 29 17:34:34 2026 ; 1 min 19 s 478.51 ms remaining ; 22 min  4 s 641.78 ms total)
Fri May 29 17:33:40 2026: Iterated ≈96% of D-proof candidates. [228287095 of 237799058] (ETC: Fri May 29 17:34:32 2026 ; 52 s 936.78 ms remaining ; 22 min  3 s 419.34 ms total)
Fri May 29 17:34:05 2026: Iterated ≈98% of D-proof candidates. [233043076 of 237799058] (ETC: Fri May 29 17:34:31 2026 ; 26 s 448.30 ms remaining ; 22 min  2 s 414.98 ms total)
Fri May 29 17:34:31 2026: Iterated 100% of D-proof candidates. [237799058 of 237799058] (ETC: Fri May 29 17:34:31 2026 ; 0.00 ms remaining ; 22 min  2 s 114.48 ms total)
1322176.15 ms (22 min 2 s 176.15 ms) taken to collect 2322129 D-proofs of length 97. [iterated 237799058 condensed detachment proof strings]
Fri May 29 17:35:15 2026: Removed ≈  2% of redundant conclusions. [ 12502 of approximately 625112] (ETC: Fri May 29 18:10:47 2026 ; 35 min 32 s 350.12 ms remaining ; 36 min 15 s 866.62 ms total)
Fri May 29 17:35:59 2026: Removed ≈  4% of redundant conclusions. [ 25004 of approximately 625112] (ETC: Fri May 29 18:11:04 2026 ; 35 min  5 s 283.99 ms remaining ; 36 min 33 s   2.40 ms total)
Fri May 29 17:36:42 2026: Removed ≈  6% of redundant conclusions. [ 37506 of approximately 625112] (ETC: Fri May 29 18:10:54 2026 ; 34 min 11 s 224.74 ms remaining ; 36 min 22 s 151.31 ms total)
Fri May 29 17:37:26 2026: Removed ≈  8% of redundant conclusions. [ 50008 of approximately 625112] (ETC: Fri May 29 18:10:49 2026 ; 33 min 23 s 682.98 ms remaining ; 36 min 17 s 912.64 ms total)
Fri May 29 17:38:09 2026: Removed ≈ 10% of redundant conclusions. [ 62511 of approximately 625112] (ETC: Fri May 29 18:10:43 2026 ; 32 min 34 s 103.16 ms remaining ; 36 min 11 s 224.96 ms total)
Fri May 29 17:38:51 2026: Removed ≈ 12% of redundant conclusions. [ 75013 of approximately 625112] (ETC: Fri May 29 18:10:36 2026 ; 31 min 45 s  60.69 ms remaining ; 36 min  4 s 839.96 ms total)
Fri May 29 17:39:36 2026: Removed ≈ 14% of redundant conclusions. [ 87515 of approximately 625112] (ETC: Fri May 29 18:10:45 2026 ; 31 min  8 s 953.87 ms remaining ; 36 min 13 s 199.42 ms total)
Fri May 29 17:40:19 2026: Removed ≈ 16% of redundant conclusions. [100017 of approximately 625112] (ETC: Fri May 29 18:10:44 2026 ; 30 min 24 s 574.91 ms remaining ; 36 min 12 s 109.18 ms total)
Fri May 29 17:41:02 2026: Removed ≈ 18% of redundant conclusions. [112520 of approximately 625112] (ETC: Fri May 29 18:10:43 2026 ; 29 min 40 s 901.74 ms remaining ; 36 min 11 s 830.72 ms total)
Fri May 29 17:41:45 2026: Removed ≈ 20% of redundant conclusions. [125022 of approximately 625112] (ETC: Fri May 29 18:10:40 2026 ; 28 min 54 s 946.51 ms remaining ; 36 min  8 s 681.40 ms total)
Fri May 29 17:42:28 2026: Removed ≈ 22% of redundant conclusions. [137524 of approximately 625112] (ETC: Fri May 29 18:10:39 2026 ; 28 min 10 s 655.25 ms remaining ; 36 min  7 s 503.89 ms total)
Fri May 29 17:43:12 2026: Removed ≈ 24% of redundant conclusions. [150026 of approximately 625112] (ETC: Fri May 29 18:10:40 2026 ; 27 min 27 s 922.39 ms remaining ; 36 min  8 s 314.91 ms total)
Fri May 29 17:43:56 2026: Removed ≈ 26% of redundant conclusions. [162529 of approximately 625112] (ETC: Fri May 29 18:10:42 2026 ; 26 min 46 s 171.05 ms remaining ; 36 min 10 s 500.86 ms total)
Fri May 29 17:44:40 2026: Removed ≈ 28% of redundant conclusions. [175031 of approximately 625112] (ETC: Fri May 29 18:10:45 2026 ; 26 min  4 s 730.41 ms remaining ; 36 min 13 s 234.94 ms total)
Fri May 29 17:45:23 2026: Removed ≈ 30% of redundant conclusions. [187533 of approximately 625112] (ETC: Fri May 29 18:10:44 2026 ; 25 min 20 s 596.09 ms remaining ; 36 min 12 s 277.15 ms total)
Fri May 29 17:46:07 2026: Removed ≈ 32% of redundant conclusions. [200035 of approximately 625112] (ETC: Fri May 29 18:10:46 2026 ; 24 min 38 s 652.38 ms remaining ; 36 min 14 s 484.50 ms total)
Fri May 29 17:46:52 2026: Removed ≈ 34% of redundant conclusions. [212538 of approximately 625112] (ETC: Fri May 29 18:10:49 2026 ; 23 min 57 s 423.76 ms remaining ; 36 min 17 s 914.37 ms total)
Fri May 29 17:47:35 2026: Removed ≈ 36% of redundant conclusions. [225040 of approximately 625112] (ETC: Fri May 29 18:10:47 2026 ; 23 min 12 s 180.66 ms remaining ; 36 min 15 s 280.55 ms total)
Fri May 29 17:48:19 2026: Removed ≈ 38% of redundant conclusions. [237542 of approximately 625112] (ETC: Fri May 29 18:10:48 2026 ; 22 min 29 s 431.34 ms remaining ; 36 min 16 s 499.02 ms total)
Fri May 29 17:49:01 2026: Removed ≈ 40% of redundant conclusions. [250044 of approximately 625112] (ETC: Fri May 29 18:10:46 2026 ; 21 min 44 s 996.48 ms remaining ; 36 min 14 s 989.50 ms total)
Fri May 29 17:49:45 2026: Removed ≈ 42% of redundant conclusions. [262547 of approximately 625112] (ETC: Fri May 29 18:10:47 2026 ; 21 min  1 s 721.66 ms remaining ; 36 min 15 s 381.94 ms total)
Fri May 29 17:50:29 2026: Removed ≈ 44% of redundant conclusions. [275049 of approximately 625112] (ETC: Fri May 29 18:10:47 2026 ; 20 min 18 s 400.06 ms remaining ; 36 min 15 s 712.65 ms total)
Fri May 29 17:51:11 2026: Removed ≈ 46% of redundant conclusions. [287551 of approximately 625112] (ETC: Fri May 29 18:10:45 2026 ; 19 min 33 s 530.73 ms remaining ; 36 min 13 s 201.71 ms total)
Fri May 29 17:51:53 2026: Removed ≈ 48% of redundant conclusions. [300053 of approximately 625112] (ETC: Fri May 29 18:10:42 2026 ; 18 min 48 s 575.41 ms remaining ; 36 min 10 s 332.25 ms total)
Fri May 29 17:52:38 2026: Removed ≈ 50% of redundant conclusions. [312556 of approximately 625112] (ETC: Fri May 29 18:10:44 2026 ; 18 min  6 s 231.18 ms remaining ; 36 min 12 s 462.37 ms total)
Fri May 29 17:53:21 2026: Removed ≈ 52% of redundant conclusions. [325058 of approximately 625112] (ETC: Fri May 29 18:10:44 2026 ; 17 min 22 s 753.22 ms remaining ; 36 min 12 s 400.80 ms total)
Fri May 29 17:54:04 2026: Removed ≈ 54% of redundant conclusions. [337560 of approximately 625112] (ETC: Fri May 29 18:10:44 2026 ; 16 min 39 s 197.17 ms remaining ; 36 min 12 s 164.13 ms total)
Fri May 29 17:54:47 2026: Removed ≈ 56% of redundant conclusions. [350062 of approximately 625112] (ETC: Fri May 29 18:10:42 2026 ; 15 min 55 s 130.20 ms remaining ; 36 min 10 s 744.76 ms total)
Fri May 29 17:55:30 2026: Removed ≈ 58% of redundant conclusions. [362564 of approximately 625112] (ETC: Fri May 29 18:10:40 2026 ; 15 min 10 s 984.88 ms remaining ; 36 min  9 s   3.68 ms total)
Fri May 29 17:56:12 2026: Removed ≈ 60% of redundant conclusions. [375067 of approximately 625112] (ETC: Fri May 29 18:10:40 2026 ; 14 min 27 s 324.97 ms remaining ; 36 min  8 s 310.69 ms total)
Fri May 29 17:56:55 2026: Removed ≈ 62% of redundant conclusions. [387569 of approximately 625112] (ETC: Fri May 29 18:10:39 2026 ; 13 min 43 s 749.31 ms remaining ; 36 min  7 s 757.32 ms total)
Fri May 29 17:57:38 2026: Removed ≈ 64% of redundant conclusions. [400071 of approximately 625112] (ETC: Fri May 29 18:10:38 2026 ; 12 min 59 s 831.28 ms remaining ; 36 min  6 s 191.47 ms total)
Fri May 29 17:58:23 2026: Removed ≈ 66% of redundant conclusions. [412573 of approximately 625112] (ETC: Fri May 29 18:10:40 2026 ; 12 min 17 s 419.06 ms remaining ; 36 min  8 s 870.21 ms total)
Fri May 29 17:59:06 2026: Removed ≈ 68% of redundant conclusions. [425076 of approximately 625112] (ETC: Fri May 29 18:10:40 2026 ; 11 min 33 s 777.45 ms remaining ; 36 min  8 s  52.81 ms total)
Fri May 29 17:59:49 2026: Removed ≈ 70% of redundant conclusions. [437578 of approximately 625112] (ETC: Fri May 29 18:10:39 2026 ; 10 min 50 s 181.47 ms remaining ; 36 min  7 s 266.94 ms total)
Fri May 29 18:00:33 2026: Removed ≈ 72% of redundant conclusions. [450080 of approximately 625112] (ETC: Fri May 29 18:10:40 2026 ; 10 min  7 s 125.30 ms remaining ; 36 min  8 s 296.70 ms total)
Fri May 29 18:01:16 2026: Removed ≈ 74% of redundant conclusions. [462582 of approximately 625112] (ETC: Fri May 29 18:10:40 2026 ; 9 min 23 s 856.25 ms remaining ; 36 min  8 s 666.16 ms total)
Fri May 29 18:01:59 2026: Removed ≈ 76% of redundant conclusions. [475085 of approximately 625112] (ETC: Fri May 29 18:10:39 2026 ; 8 min 40 s 264.96 ms remaining ; 36 min  7 s 768.94 ms total)
Fri May 29 18:02:42 2026: Removed ≈ 78% of redundant conclusions. [487587 of approximately 625112] (ETC: Fri May 29 18:10:39 2026 ; 7 min 56 s 833.78 ms remaining ; 36 min  7 s 420.60 ms total)
Fri May 29 18:03:25 2026: Removed ≈ 80% of redundant conclusions. [500089 of approximately 625112] (ETC: Fri May 29 18:10:39 2026 ; 7 min 13 s 478.96 ms remaining ; 36 min  7 s 384.40 ms total)
Fri May 29 18:04:10 2026: Removed ≈ 82% of redundant conclusions. [512591 of approximately 625112] (ETC: Fri May 29 18:10:41 2026 ; 6 min 30 s 514.34 ms remaining ; 36 min  9 s 507.91 ms total)
Fri May 29 18:04:54 2026: Removed ≈ 84% of redundant conclusions. [525094 of approximately 625112] (ETC: Fri May 29 18:10:41 2026 ; 5 min 47 s 157.95 ms remaining ; 36 min  9 s 735.43 ms total)
Fri May 29 18:05:37 2026: Removed ≈ 86% of redundant conclusions. [537596 of approximately 625112] (ETC: Fri May 29 18:10:41 2026 ; 5 min  3 s 706.91 ms remaining ; 36 min  9 s 327.17 ms total)
Fri May 29 18:06:19 2026: Removed ≈ 88% of redundant conclusions. [550098 of approximately 625112] (ETC: Fri May 29 18:10:39 2026 ; 4 min 20 s 134.21 ms remaining ; 36 min  7 s 768.90 ms total)
Fri May 29 18:07:03 2026: Removed ≈ 90% of redundant conclusions. [562600 of approximately 625112] (ETC: Fri May 29 18:10:40 2026 ; 3 min 36 s 878.68 ms remaining ; 36 min  8 s 759.05 ms total)
Fri May 29 18:07:47 2026: Removed ≈ 92% of redundant conclusions. [575103 of approximately 625112] (ETC: Fri May 29 18:10:41 2026 ; 2 min 53 s 552.07 ms remaining ; 36 min  9 s 399.13 ms total)
Fri May 29 18:08:31 2026: Removed ≈ 94% of redundant conclusions. [587605 of approximately 625112] (ETC: Fri May 29 18:10:42 2026 ; 2 min 10 s 203.59 ms remaining ; 36 min 10 s  43.69 ms total)
Fri May 29 18:09:14 2026: Removed ≈ 96% of redundant conclusions. [600107 of approximately 625112] (ETC: Fri May 29 18:10:41 2026 ; 1 min 26 s 762.65 ms remaining ; 36 min  9 s  21.20 ms total)
Fri May 29 18:09:57 2026: Removed ≈ 98% of redundant conclusions. [612609 of approximately 625112] (ETC: Fri May 29 18:10:40 2026 ; 43 s 371.73 ms remaining ; 36 min  8 s 454.79 ms total)
Fri May 29 18:10:40 2026: Removed ≈100% of redundant conclusions. [625112 of approximately 625112] (ETC: Fri May 29 18:10:40 2026 ; 0.00 ms remaining ; 36 min  8 s 457.45 ms total)
6957221.52 ms (1 h 55 min 57 s 221.52 ms) taken to detect 2009999 conclusions for which there are more general variants proven in lower or equal amounts of steps.
[Copy] Custom removal counts: { { 85, 1499825 }, { 87, 2786232 }, { 89, 3634065 }, { 91, 3798684 }, { 93, 4465398 }, { 95, 1670741 }, { 97, 2009999 } }
686.06 ms taken to filter and order new representative proofs.
Found 312130 representative, 211511021 redundant, and 25975907 invalid condensed detachment proof strings.
lengths up to 97 ; amounts per length: {(1,1), (3,1), (5,1), (7,3), (9,8), (11,14), (13,21), (15,30), (17,38), (19,59), (21,87), (23,108), (25,157), (27,185), (29,249), (31,327), (33,422), (35,561), (37,673), (39,924), (41,1159), (43,1503), (45,1876), (47,2441), (49,3049), (51,3943), (53,4947), (55,6309), (57,7991), (59,10033), (61,12799), (63,16331), (65,20563), (67,26742), (69,33603), (71,42831), (73,54140), (75,68100), (77,86149), (79,105763), (81,131511), (83,160674), (85,196091), (87,238828), (89,285765), (91,344834), (93,409861), (95,319708), (97,312130)} ; 312130 new representative proofs (211511021 redundant, 25975907 invalid)
Fri May 29 19:30:29 2026: Starting to write 312130 entries to data/97553789db1645226627da044ed0a2e6a9cfd5963d66a8a44e121146/extraction-l40/dProofs-withConclusions/dProofs97.txt.
153.23 ms taken to print and save 45444408 bytes of representative condensed detachment proof strings to data/97553789db1645226627da044ed0a2e6a9cfd5963d66a8a44e121146/extraction-l40/dProofs-withConclusions/dProofs97.txt.
Determined the number of proof string candidates for iteration as 308575731. [most relevant: {47,51} with 2*9624863 = 19249726, i.e. ≈6.24%]
Estimated removal count set to 2418146, based on entry 97:2009999 and last known pair (95:1670741, 97:2009999) with 2009999/1670741 ≈ 1.20306 and 2009999 * (2009999/1670741)^1 ≈ 2418146.19.
Fri May 29 19:30:30 2026: Starting to generate D-proof representatives of length 99.
Fri May 29 19:31:04 2026: Iterated ≈ 2% of D-proof candidates. [  6171514 of 308575731] (ETC: Fri May 29 19:59:08 2026 ; 28 min  4 s 177.60 ms remaining ; 28 min 38 s 548.57 ms total)
Fri May 29 19:31:38 2026: Iterated ≈ 4% of D-proof candidates. [ 12343029 of 308575731] (ETC: Fri May 29 19:58:56 2026 ; 27 min 17 s 909.96 ms remaining ; 28 min 26 s 156.21 ms total)
Fri May 29 19:32:08 2026: Iterated ≈ 6% of D-proof candidates. [ 18514543 of 308575731] (ETC: Fri May 29 19:57:48 2026 ; 25 min 40 s 398.82 ms remaining ; 27 min 18 s 722.14 ms total)
Fri May 29 19:32:45 2026: Iterated ≈ 8% of D-proof candidates. [ 24686058 of 308575731] (ETC: Fri May 29 19:58:42 2026 ; 25 min 57 s 192.91 ms remaining ; 28 min 12 s 600.98 ms total)
Fri May 29 19:33:18 2026: Iterated ≈10% of D-proof candidates. [ 30857573 of 308575731] (ETC: Fri May 29 19:58:37 2026 ; 25 min 18 s 501.94 ms remaining ; 28 min  7 s 224.38 ms total)
Fri May 29 19:33:51 2026: Iterated ≈12% of D-proof candidates. [ 37029087 of 308575731] (ETC: Fri May 29 19:58:28 2026 ; 24 min 36 s 739.58 ms remaining ; 27 min 58 s 113.16 ms total)
Fri May 29 19:34:29 2026: Iterated ≈14% of D-proof candidates. [ 43200602 of 308575731] (ETC: Fri May 29 19:58:58 2026 ; 24 min 29 s 146.24 ms remaining ; 28 min 28 s 309.58 ms total)
Fri May 29 19:35:06 2026: Iterated ≈16% of D-proof candidates. [ 49372116 of 308575731] (ETC: Fri May 29 19:59:16 2026 ; 24 min 10 s 424.32 ms remaining ; 28 min 46 s 695.61 ms total)
Fri May 29 19:35:41 2026: Iterated ≈18% of D-proof candidates. [ 55543631 of 308575731] (ETC: Fri May 29 19:59:20 2026 ; 23 min 38 s 721.90 ms remaining ; 28 min 50 s 148.65 ms total)
Fri May 29 19:36:18 2026: Iterated ≈20% of D-proof candidates. [ 61715146 of 308575731] (ETC: Fri May 29 19:59:32 2026 ; 23 min 13 s 961.90 ms remaining ; 29 min  2 s 452.38 ms total)
Fri May 29 19:36:53 2026: Iterated ≈22% of D-proof candidates. [ 67886660 of 308575731] (ETC: Fri May 29 19:59:31 2026 ; 22 min 37 s 840.96 ms remaining ; 29 min      821.74 ms total)
Fri May 29 19:37:28 2026: Iterated ≈24% of D-proof candidates. [ 74058175 of 308575731] (ETC: Fri May 29 19:59:32 2026 ; 22 min  4 s  35.74 ms remaining ; 29 min  2 s 152.29 ms total)
Fri May 29 19:38:08 2026: Iterated ≈26% of D-proof candidates. [ 80229690 of 308575731] (ETC: Fri May 29 19:59:52 2026 ; 21 min 43 s 847.65 ms remaining ; 29 min 21 s 956.29 ms total)
Fri May 29 19:38:48 2026: Iterated ≈28% of D-proof candidates. [ 86401204 of 308575731] (ETC: Fri May 29 20:00:11 2026 ; 21 min 22 s 435.27 ms remaining ; 29 min 41 s 160.09 ms total)
Fri May 29 19:39:24 2026: Iterated ≈30% of D-proof candidates. [ 92572719 of 308575731] (ETC: Fri May 29 20:00:10 2026 ; 20 min 45 s 969.18 ms remaining ; 29 min 39 s 955.96 ms total)
Fri May 29 19:40:02 2026: Iterated ≈32% of D-proof candidates. [ 98744233 of 308575731] (ETC: Fri May 29 20:00:17 2026 ; 20 min 15 s  70.03 ms remaining ; 29 min 46 s 867.68 ms total)
Fri May 29 19:40:38 2026: Iterated ≈34% of D-proof candidates. [104915748 of 308575731] (ETC: Fri May 29 20:00:20 2026 ; 19 min 41 s 421.88 ms remaining ; 29 min 50 s  33.14 ms total)
Fri May 29 19:41:17 2026: Iterated ≈36% of D-proof candidates. [111087263 of 308575731] (ETC: Fri May 29 20:00:28 2026 ; 19 min 11 s   1.02 ms remaining ; 29 min 58 s 439.09 ms total)
Fri May 29 19:41:55 2026: Iterated ≈38% of D-proof candidates. [117258777 of 308575731] (ETC: Fri May 29 20:00:33 2026 ; 18 min 37 s 946.82 ms remaining ; 30 min  3 s 140.02 ms total)
Fri May 29 19:42:31 2026: Iterated ≈40% of D-proof candidates. [123430292 of 308575731] (ETC: Fri May 29 20:00:34 2026 ; 18 min  2 s 393.20 ms remaining ; 30 min  3 s 988.67 ms total)
Fri May 29 19:43:08 2026: Iterated ≈42% of D-proof candidates. [129601807 of 308575731] (ETC: Fri May 29 20:00:34 2026 ; 17 min 26 s 550.00 ms remaining ; 30 min  4 s 396.55 ms total)
Fri May 29 19:43:47 2026: Iterated ≈44% of D-proof candidates. [135773321 of 308575731] (ETC: Fri May 29 20:00:42 2026 ; 16 min 54 s 768.55 ms remaining ; 30 min 12 s  86.68 ms total)
Fri May 29 19:44:22 2026: Iterated ≈46% of D-proof candidates. [141944836 of 308575731] (ETC: Fri May 29 20:00:39 2026 ; 16 min 17 s  20.95 ms remaining ; 30 min  9 s 298.06 ms total)
Fri May 29 19:45:00 2026: Iterated ≈48% of D-proof candidates. [148116350 of 308575731] (ETC: Fri May 29 20:00:42 2026 ; 15 min 42 s 240.99 ms remaining ; 30 min 12 s   1.90 ms total)
Fri May 29 19:45:37 2026: Iterated ≈50% of D-proof candidates. [154287865 of 308575731] (ETC: Fri May 29 20:00:44 2026 ; 15 min  7 s  42.96 ms remaining ; 30 min 14 s  85.92 ms total)
Fri May 29 19:46:11 2026: Iterated ≈52% of D-proof candidates. [160459380 of 308575731] (ETC: Fri May 29 20:00:40 2026 ; 14 min 28 s 989.70 ms remaining ; 30 min 10 s 395.20 ms total)
Fri May 29 19:46:47 2026: Iterated ≈54% of D-proof candidates. [166630894 of 308575731] (ETC: Fri May 29 20:00:40 2026 ; 13 min 52 s 688.46 ms remaining ; 30 min 10 s 192.30 ms total)
Fri May 29 19:47:24 2026: Iterated ≈56% of D-proof candidates. [172802409 of 308575731] (ETC: Fri May 29 20:00:40 2026 ; 13 min 16 s 558.95 ms remaining ; 30 min 10 s 361.25 ms total)
Fri May 29 19:47:57 2026: Iterated ≈58% of D-proof candidates. [178973923 of 308575731] (ETC: Fri May 29 20:00:36 2026 ; 12 min 38 s 421.44 ms remaining ; 30 min  5 s 765.33 ms total)
Fri May 29 19:48:34 2026: Iterated ≈60% of D-proof candidates. [185145438 of 308575731] (ETC: Fri May 29 20:00:38 2026 ; 12 min  3 s 127.32 ms remaining ; 30 min  7 s 818.30 ms total)
Fri May 29 19:49:09 2026: Iterated ≈62% of D-proof candidates. [191316953 of 308575731] (ETC: Fri May 29 20:00:35 2026 ; 11 min 26 s 155.90 ms remaining ; 30 min  5 s 673.40 ms total)
Fri May 29 19:49:43 2026: Iterated ≈64% of D-proof candidates. [197488467 of 308575731] (ETC: Fri May 29 20:00:31 2026 ; 10 min 48 s 579.51 ms remaining ; 30 min  1 s 609.73 ms total)
Fri May 29 19:50:18 2026: Iterated ≈66% of D-proof candidates. [203659982 of 308575731] (ETC: Fri May 29 20:00:30 2026 ; 10 min 12 s 133.01 ms remaining ; 30 min      391.20 ms total)
Fri May 29 19:50:53 2026: Iterated ≈68% of D-proof candidates. [209831497 of 308575731] (ETC: Fri May 29 20:00:28 2026 ; 9 min 35 s 580.70 ms remaining ; 29 min 58 s 689.68 ms total)
Fri May 29 19:51:25 2026: Iterated ≈70% of D-proof candidates. [216003011 of 308575731] (ETC: Fri May 29 20:00:24 2026 ; 8 min 58 s 129.39 ms remaining ; 29 min 53 s 764.63 ms total)
Fri May 29 19:52:00 2026: Iterated ≈72% of D-proof candidates. [222174526 of 308575731] (ETC: Fri May 29 20:00:21 2026 ; 8 min 21 s 638.57 ms remaining ; 29 min 51 s 566.32 ms total)
Fri May 29 19:52:34 2026: Iterated ≈74% of D-proof candidates. [228346040 of 308575731] (ETC: Fri May 29 20:00:20 2026 ; 7 min 45 s 380.56 ms remaining ; 29 min 49 s 925.22 ms total)
Fri May 29 19:53:07 2026: Iterated ≈76% of D-proof candidates. [234517555 of 308575731] (ETC: Fri May 29 20:00:16 2026 ; 7 min  8 s 710.86 ms remaining ; 29 min 46 s 295.24 ms total)
Fri May 29 19:53:41 2026: Iterated ≈78% of D-proof candidates. [240689070 of 308575731] (ETC: Fri May 29 20:00:13 2026 ; 6 min 32 s 352.03 ms remaining ; 29 min 43 s 418.31 ms total)
Fri May 29 19:54:14 2026: Iterated ≈80% of D-proof candidates. [246860584 of 308575731] (ETC: Fri May 29 20:00:10 2026 ; 5 min 56 s 123.95 ms remaining ; 29 min 40 s 619.71 ms total)
Fri May 29 19:54:48 2026: Iterated ≈82% of D-proof candidates. [253032099 of 308575731] (ETC: Fri May 29 20:00:08 2026 ; 5 min 20 s  84.05 ms remaining ; 29 min 38 s 244.68 ms total)
Fri May 29 19:55:22 2026: Iterated ≈84% of D-proof candidates. [259203614 of 308575731] (ETC: Fri May 29 20:00:07 2026 ; 4 min 44 s 313.30 ms remaining ; 29 min 36 s 958.13 ms total)
Fri May 29 19:55:56 2026: Iterated ≈86% of D-proof candidates. [265375128 of 308575731] (ETC: Fri May 29 20:00:05 2026 ; 4 min  8 s 505.67 ms remaining ; 29 min 35 s  40.46 ms total)
Fri May 29 19:56:29 2026: Iterated ≈88% of D-proof candidates. [271546643 of 308575731] (ETC: Fri May 29 20:00:02 2026 ; 3 min 32 s 685.85 ms remaining ; 29 min 32 s 382.05 ms total)
Fri May 29 19:57:02 2026: Iterated ≈90% of D-proof candidates. [277718157 of 308575731] (ETC: Fri May 29 19:59:59 2026 ; 2 min 56 s 879.81 ms remaining ; 29 min 28 s 798.09 ms total)
Fri May 29 19:57:35 2026: Iterated ≈92% of D-proof candidates. [283889672 of 308575731] (ETC: Fri May 29 19:59:57 2026 ; 2 min 21 s 352.89 ms remaining ; 29 min 26 s 911.11 ms total)
Fri May 29 19:58:09 2026: Iterated ≈94% of D-proof candidates. [290061187 of 308575731] (ETC: Fri May 29 19:59:55 2026 ; 1 min 45 s 923.29 ms remaining ; 29 min 25 s 388.19 ms total)
Fri May 29 19:58:43 2026: Iterated ≈96% of D-proof candidates. [296232701 of 308575731] (ETC: Fri May 29 19:59:53 2026 ; 1 min 10 s 534.85 ms remaining ; 29 min 23 s 371.19 ms total)
Fri May 29 19:59:16 2026: Iterated ≈98% of D-proof candidates. [302404216 of 308575731] (ETC: Fri May 29 19:59:51 2026 ; 35 s 232.86 ms remaining ; 29 min 21 s 643.10 ms total)
Fri May 29 19:59:50 2026: Iterated 100% of D-proof candidates. [308575731 of 308575731] (ETC: Fri May 29 19:59:50 2026 ; 0.00 ms remaining ; 29 min 19 s 946.51 ms total)
1760022.09 ms (29 min 20 s 22.09 ms) taken to collect 2796062 D-proofs of length 99. [iterated 308575731 condensed detachment proof strings]
Fri May 29 20:03:03 2026: Removed ≈  2% of redundant conclusions. [  48362 of approximately 2418146] (ETC: Fri May 29 22:40:31 2026 ; 2 h 37 min 27 s 942.88 ms remaining ; 2 h 40 min 40 s 754.29 ms total)
Fri May 29 20:06:15 2026: Removed ≈  4% of redundant conclusions. [  96725 of approximately 2418146] (ETC: Fri May 29 22:40:06 2026 ; 2 h 33 min 51 s 154.16 ms remaining ; 2 h 40 min 15 s 782.11 ms total)
Fri May 29 20:09:29 2026: Removed ≈  6% of redundant conclusions. [ 145088 of approximately 2418146] (ETC: Fri May 29 22:40:40 2026 ; 2 h 31 min 10 s 859.35 ms remaining ; 2 h 40 min 49 s 847.15 ms total)
Fri May 29 20:12:47 2026: Removed ≈  8% of redundant conclusions. [ 193451 of approximately 2418146] (ETC: Fri May 29 22:41:39 2026 ; 2 h 28 min 52 s 126.53 ms remaining ; 2 h 41 min 48 s 830.21 ms total)
Fri May 29 20:15:58 2026: Removed ≈ 10% of redundant conclusions. [ 241814 of approximately 2418146] (ETC: Fri May 29 22:41:07 2026 ; 2 h 25 min  9 s 449.03 ms remaining ; 2 h 41 min 17 s 162.92 ms total)
Fri May 29 20:19:06 2026: Removed ≈ 12% of redundant conclusions. [ 290177 of approximately 2418146] (ETC: Fri May 29 22:40:25 2026 ; 2 h 21 min 18 s 813.88 ms remaining ; 2 h 40 min 35 s  13.42 ms total)
Fri May 29 20:22:17 2026: Removed ≈ 14% of redundant conclusions. [ 338540 of approximately 2418146] (ETC: Fri May 29 22:40:13 2026 ; 2 h 17 min 56 s  72.63 ms remaining ; 2 h 40 min 23 s 338.23 ms total)
Fri May 29 20:25:32 2026: Removed ≈ 16% of redundant conclusions. [ 386903 of approximately 2418146] (ETC: Fri May 29 22:40:26 2026 ; 2 h 14 min 54 s 527.30 ms remaining ; 2 h 40 min 36 s 340.32 ms total)
Fri May 29 20:28:41 2026: Removed ≈ 18% of redundant conclusions. [ 435266 of approximately 2418146] (ETC: Fri May 29 22:40:07 2026 ; 2 h 11 min 25 s 897.94 ms remaining ; 2 h 40 min 16 s 947.35 ms total)
Fri May 29 20:31:54 2026: Removed ≈ 20% of redundant conclusions. [ 483629 of approximately 2418146] (ETC: Fri May 29 22:40:10 2026 ; 2 h  8 min 16 s  26.67 ms remaining ; 2 h 40 min 20 s  32.35 ms total)
Fri May 29 20:35:06 2026: Removed ≈ 22% of redundant conclusions. [ 531992 of approximately 2418146] (ETC: Fri May 29 22:40:08 2026 ; 2 h  5 min  2 s   5.82 ms remaining ; 2 h 40 min 17 s 955.56 ms total)
Fri May 29 20:38:20 2026: Removed ≈ 24% of redundant conclusions. [ 580355 of approximately 2418146] (ETC: Fri May 29 22:40:14 2026 ; 2 h  1 min 54 s 308.21 ms remaining ; 2 h 40 min 24 s  89.54 ms total)
Fri May 29 20:41:34 2026: Removed ≈ 26% of redundant conclusions. [ 628717 of approximately 2418146] (ETC: Fri May 29 22:40:20 2026 ; 1 h 58 min 46 s  73.70 ms remaining ; 2 h 40 min 29 s 824.15 ms total)
Fri May 29 20:44:48 2026: Removed ≈ 28% of redundant conclusions. [ 677080 of approximately 2418146] (ETC: Fri May 29 22:40:27 2026 ; 1 h 55 min 38 s 345.90 ms remaining ; 2 h 40 min 36 s 586.66 ms total)
Fri May 29 20:48:02 2026: Removed ≈ 30% of redundant conclusions. [ 725443 of approximately 2418146] (ETC: Fri May 29 22:40:31 2026 ; 1 h 52 min 28 s 467.12 ms remaining ; 2 h 40 min 40 s 662.75 ms total)
Fri May 29 20:51:14 2026: Removed ≈ 32% of redundant conclusions. [ 773806 of approximately 2418146] (ETC: Fri May 29 22:40:28 2026 ; 1 h 49 min 13 s 511.80 ms remaining ; 2 h 40 min 37 s 513.13 ms total)
Fri May 29 20:54:24 2026: Removed ≈ 34% of redundant conclusions. [ 822169 of approximately 2418146] (ETC: Fri May 29 22:40:19 2026 ; 1 h 45 min 55 s  65.48 ms remaining ; 2 h 40 min 28 s 883.22 ms total)
Fri May 29 20:57:32 2026: Removed ≈ 36% of redundant conclusions. [ 870532 of approximately 2418146] (ETC: Fri May 29 22:40:06 2026 ; 1 h 42 min 33 s 903.06 ms remaining ; 2 h 40 min 15 s 470.05 ms total)
Fri May 29 21:00:42 2026: Removed ≈ 38% of redundant conclusions. [ 918895 of approximately 2418146] (ETC: Fri May 29 22:40:02 2026 ; 1 h 39 min 19 s 197.58 ms remaining ; 2 h 40 min 11 s 605.92 ms total)
Fri May 29 21:03:55 2026: Removed ≈ 40% of redundant conclusions. [ 967258 of approximately 2418146] (ETC: Fri May 29 22:40:02 2026 ; 1 h 36 min  7 s 240.07 ms remaining ; 2 h 40 min 12 s  64.14 ms total)
Fri May 29 21:07:05 2026: Removed ≈ 42% of redundant conclusions. [1015621 of approximately 2418146] (ETC: Fri May 29 22:39:57 2026 ; 1 h 32 min 52 s  88.47 ms remaining ; 2 h 40 min  7 s  46.90 ms total)
Fri May 29 21:10:16 2026: Removed ≈ 44% of redundant conclusions. [1063984 of approximately 2418146] (ETC: Fri May 29 22:39:54 2026 ; 1 h 29 min 38 s 247.21 ms remaining ; 2 h 40 min  4 s  11.17 ms total)
Fri May 29 21:13:33 2026: Removed ≈ 46% of redundant conclusions. [1112347 of approximately 2418146] (ETC: Fri May 29 22:40:06 2026 ; 1 h 26 min 32 s 395.98 ms remaining ; 2 h 40 min 15 s 546.94 ms total)
Fri May 29 21:16:45 2026: Removed ≈ 48% of redundant conclusions. [1160710 of approximately 2418146] (ETC: Fri May 29 22:40:05 2026 ; 1 h 23 min 19 s 905.17 ms remaining ; 2 h 40 min 15 s 201.65 ms total)
Fri May 29 21:20:01 2026: Removed ≈ 50% of redundant conclusions. [1209073 of approximately 2418146] (ETC: Fri May 29 22:40:11 2026 ; 1 h 20 min 10 s 584.13 ms remaining ; 2 h 40 min 21 s 168.25 ms total)
Fri May 29 21:23:12 2026: Removed ≈ 52% of redundant conclusions. [1257435 of approximately 2418146] (ETC: Fri May 29 22:40:09 2026 ; 1 h 16 min 57 s 268.52 ms remaining ; 2 h 40 min 19 s 301.79 ms total)
Fri May 29 21:26:24 2026: Removed ≈ 54% of redundant conclusions. [1305798 of approximately 2418146] (ETC: Fri May 29 22:40:08 2026 ; 1 h 13 min 44 s 344.34 ms remaining ; 2 h 40 min 18 s 132.61 ms total)
Fri May 29 21:29:39 2026: Removed ≈ 56% of redundant conclusions. [1354161 of approximately 2418146] (ETC: Fri May 29 22:40:13 2026 ; 1 h 10 min 34 s 118.26 ms remaining ; 2 h 40 min 22 s 989.18 ms total)
Fri May 29 21:32:50 2026: Removed ≈ 58% of redundant conclusions. [1402524 of approximately 2418146] (ETC: Fri May 29 22:40:10 2026 ; 1 h  7 min 20 s 423.44 ms remaining ; 2 h 40 min 20 s  49.36 ms total)
Fri May 29 21:36:03 2026: Removed ≈ 60% of redundant conclusions. [1450887 of approximately 2418146] (ETC: Fri May 29 22:40:11 2026 ; 1 h  4 min  8 s 439.03 ms remaining ; 2 h 40 min 21 s  91.61 ms total)
Fri May 29 21:39:12 2026: Removed ≈ 62% of redundant conclusions. [1499250 of approximately 2418146] (ETC: Fri May 29 22:40:05 2026 ; 1 h        53 s 813.94 ms remaining ; 2 h 40 min 15 s 294.40 ms total)
Fri May 29 21:42:24 2026: Removed ≈ 64% of redundant conclusions. [1547613 of approximately 2418146] (ETC: Fri May 29 22:40:05 2026 ; 57 min 41 s 512.01 ms remaining ; 2 h 40 min 15 s 306.29 ms total)
Fri May 29 21:45:37 2026: Removed ≈ 66% of redundant conclusions. [1595976 of approximately 2418146] (ETC: Fri May 29 22:40:06 2026 ; 54 min 29 s 465.00 ms remaining ; 2 h 40 min 16 s  69.33 ms total)
Fri May 29 21:48:48 2026: Removed ≈ 68% of redundant conclusions. [1644339 of approximately 2418146] (ETC: Fri May 29 22:40:04 2026 ; 51 min 16 s 572.65 ms remaining ; 2 h 40 min 14 s 286.07 ms total)
Fri May 29 21:51:58 2026: Removed ≈ 70% of redundant conclusions. [1692702 of approximately 2418146] (ETC: Fri May 29 22:40:01 2026 ; 48 min  3 s 326.49 ms remaining ; 2 h 40 min 11 s  85.66 ms total)
Fri May 29 21:55:11 2026: Removed ≈ 72% of redundant conclusions. [1741065 of approximately 2418146] (ETC: Fri May 29 22:40:03 2026 ; 44 min 51 s 512.45 ms remaining ; 2 h 40 min 12 s 542.77 ms total)
Fri May 29 21:58:23 2026: Removed ≈ 74% of redundant conclusions. [1789428 of approximately 2418146] (ETC: Fri May 29 22:40:03 2026 ; 41 min 39 s 258.24 ms remaining ; 2 h 40 min 12 s 531.08 ms total)
Fri May 29 22:01:35 2026: Removed ≈ 76% of redundant conclusions. [1837790 of approximately 2418146] (ETC: Fri May 29 22:40:02 2026 ; 38 min 26 s 883.89 ms remaining ; 2 h 40 min 12 s   0.30 ms total)
Fri May 29 22:04:46 2026: Removed ≈ 78% of redundant conclusions. [1886153 of approximately 2418146] (ETC: Fri May 29 22:40:00 2026 ; 35 min 14 s 193.53 ms remaining ; 2 h 40 min  9 s 954.72 ms total)
Fri May 29 22:08:01 2026: Removed ≈ 80% of redundant conclusions. [1934516 of approximately 2418146] (ETC: Fri May 29 22:40:03 2026 ; 32 min  2 s 609.65 ms remaining ; 2 h 40 min 13 s  32.37 ms total)
Fri May 29 22:11:15 2026: Removed ≈ 82% of redundant conclusions. [1982879 of approximately 2418146] (ETC: Fri May 29 22:40:05 2026 ; 28 min 50 s 763.57 ms remaining ; 2 h 40 min 15 s 337.29 ms total)
Fri May 29 22:14:32 2026: Removed ≈ 84% of redundant conclusions. [2031242 of approximately 2418146] (ETC: Fri May 29 22:40:11 2026 ; 25 min 39 s 343.18 ms remaining ; 2 h 40 min 20 s 878.95 ms total)
Fri May 29 22:17:46 2026: Removed ≈ 86% of redundant conclusions. [2079605 of approximately 2418146] (ETC: Fri May 29 22:40:13 2026 ; 22 min 27 s 179.93 ms remaining ; 2 h 40 min 22 s 697.84 ms total)
Fri May 29 22:20:57 2026: Removed ≈ 88% of redundant conclusions. [2127968 of approximately 2418146] (ETC: Fri May 29 22:40:12 2026 ; 19 min 14 s 629.36 ms remaining ; 2 h 40 min 21 s 895.44 ms total)
Fri May 29 22:24:09 2026: Removed ≈ 90% of redundant conclusions. [2176331 of approximately 2418146] (ETC: Fri May 29 22:40:11 2026 ; 16 min  2 s  58.76 ms remaining ; 2 h 40 min 20 s 571.70 ms total)
Fri May 29 22:27:22 2026: Removed ≈ 92% of redundant conclusions. [2224694 of approximately 2418146] (ETC: Fri May 29 22:40:12 2026 ; 12 min 49 s 715.75 ms remaining ; 2 h 40 min 21 s 430.97 ms total)
Fri May 29 22:30:31 2026: Removed ≈ 94% of redundant conclusions. [2273057 of approximately 2418146] (ETC: Fri May 29 22:40:08 2026 ; 9 min 37 s  84.27 ms remaining ; 2 h 40 min 18 s  55.33 ms total)
Fri May 29 22:33:44 2026: Removed ≈ 96% of redundant conclusions. [2321420 of approximately 2418146] (ETC: Fri May 29 22:40:09 2026 ; 6 min 24 s 751.95 ms remaining ; 2 h 40 min 18 s 782.71 ms total)
Fri May 29 22:36:59 2026: Removed ≈ 98% of redundant conclusions. [2369783 of approximately 2418146] (ETC: Fri May 29 22:40:12 2026 ; 3 min 12 s 433.78 ms remaining ; 2 h 40 min 21 s 673.23 ms total)
Fri May 29 22:40:12 2026: Removed ≈100% of redundant conclusions. [2418146 of approximately 2418146] (ETC: Fri May 29 22:40:12 2026 ; 0.00 ms remaining ; 2 h 40 min 21 s 860.72 ms total)
9659093.11 ms (2 h 40 min 59 s 93.11 ms) taken to detect 2425983 conclusions for which there are more general variants proven in lower or equal amounts of steps.
[Copy] Custom removal counts: { { 85, 1499825 }, { 87, 2786232 }, { 89, 3634065 }, { 91, 3798684 }, { 93, 4465398 }, { 95, 1670741 }, { 97, 2009999 }, { 99, 2425983 } }
814.48 ms taken to filter and order new representative proofs.
Found 370079 representative, 274649530 redundant, and 33556122 invalid condensed detachment proof strings.
lengths up to 99 ; amounts per length: {(1,1), (3,1), (5,1), (7,3), (9,8), (11,14), (13,21), (15,30), (17,38), (19,59), (21,87), (23,108), (25,157), (27,185), (29,249), (31,327), (33,422), (35,561), (37,673), (39,924), (41,1159), (43,1503), (45,1876), (47,2441), (49,3049), (51,3943), (53,4947), (55,6309), (57,7991), (59,10033), (61,12799), (63,16331), (65,20563), (67,26742), (69,33603), (71,42831), (73,54140), (75,68100), (77,86149), (79,105763), (81,131511), (83,160674), (85,196091), (87,238828), (89,285765), (91,344834), (93,409861), (95,319708), (97,312130), (99,370079)} ; 370079 new representative proofs (274649530 redundant, 33556122 invalid)
Fri May 29 22:40:50 2026: Starting to write 370079 entries to data/97553789db1645226627da044ed0a2e6a9cfd5963d66a8a44e121146/extraction-l40/dProofs-withConclusions/dProofs99.txt.
172.53 ms taken to print and save 54749516 bytes of representative condensed detachment proof strings to data/97553789db1645226627da044ed0a2e6a9cfd5963d66a8a44e121146/extraction-l40/dProofs-withConclusions/dProofs99.txt.
Determined the number of proof string candidates for iteration as 399660356. [most relevant: {47,53} with 2*12075627 = 24151254, i.e. ≈6.04%]
Estimated removal count set to 2928057, based on entry 99:2425983 and last known pair (97:2009999, 99:2425983) with 2425983/2009999 ≈ 1.20696 and 2425983 * (2425983/2009999)^1 ≈ 2928057.93.
Fri May 29 22:40:50 2026: Starting to generate D-proof representatives of length 101.
Fri May 29 22:41:34 2026: Iterated ≈ 2% of D-proof candidates. [  7993207 of 399660356] (ETC: Fri May 29 23:17:08 2026 ; 35 min 34 s 344.58 ms remaining ; 36 min 17 s 902.63 ms total)
Fri May 29 22:42:16 2026: Iterated ≈ 4% of D-proof candidates. [ 15986414 of 399660356] (ETC: Fri May 29 23:16:27 2026 ; 34 min 11 s 564.62 ms remaining ; 35 min 37 s  46.48 ms total)
[2026-05-29T22:42:59.833] error: *** JOB 685238 ON nco03 CANCELLED AT 2026-05-29T22:42:59 DUE to SIGNAL Terminated ***
[NOTE: Switched to '-b' (brief parsing) for '-g'.]
