( This log file was generated by 'pmGenerator 1.2.3' (master branch), compiled by 'oneAPI DPC++/C++ Compiler 2024.2.0 (2024.2.0.20240602)'.
  The run was executed on a CLAIX-2018-OPTANE MPI node
  — 2-socket Intel Xeon Gold 6338, 32 cores each (64 cores total per node), 2.0 GHz, 3.20 GHz turbo mode, 512 GiB DDR4-3200 caching for 2 TiB non-volatile memory (NVM) (Intel Optane DC Persistent Memory DIMMs) —
  running Linux, Rocky 9.6.
  Wall-clock time:  145.3869444… h
  CPU utilization: 9304.76444… core-h )
Tue Jun  9 00:31:02 2026: Process started. [pid: 188447, tid:23383734253376]
Tasks:
1. resetRepresentativesFor("CCCpqrCCrpCsp", true, 0, true, "l40l30")
2. generateDProofRepresentativeFiles(223, true, true, null, 30, -1, true, true)

[Main] Calling resetRepresentativesFor("CCCpqrCCrpCsp", true, 0, true, "l40l30").
Loaded 1 custom axioms. [SHA-512/224 hash: 97553789db1645226627da044ed0a2e6a9cfd5963d66a8a44e121146]
(1) CCC0.1.2CC2.0C3.0    -    CCCpqrCCrpCsp    -    ((0\imply1)\imply2)\imply((2\imply0)\imply(3\imply0))
Selected extracted proof system at "data/97553789db1645226627da044ed0a2e6a9cfd5963d66a8a44e121146/extraction-l40l30/".
(1) 1    -    CCC0.1.2CC2.0C3.0    -    CCCpqrCCrpCsp    -    ((0\imply1)\imply2)\imply((2\imply0)\imply(3\imply0))
[Main] Calling generateDProofRepresentativeFiles(223, true, true, null, 30, -1, true, true).
Tue Jun  9 00:31:02 2026: Limited D-proof representative generator started. [parallel ; 64 hardware thread contexts, limit: 223, candidate queue capacities: 50, conclusion length limit: 30, use conclusion trees]
0.01 ms taken to load initial representatives.
6.71 ms taken to read 108 condensed detachment proofs and conclusions from data/97553789db1645226627da044ed0a2e6a9cfd5963d66a8a44e121146/extraction-l40l30/dProofs-withConclusions/dProofs23.txt. [tid:23383511094848]
0.40 ms taken to read 14 condensed detachment proofs and conclusions from data/97553789db1645226627da044ed0a2e6a9cfd5963d66a8a44e121146/extraction-l40l30/dProofs-withConclusions/dProofs11.txt. [tid:23383523702336]
0.56 ms taken to read 1 condensed detachment proof and conclusion from data/97553789db1645226627da044ed0a2e6a9cfd5963d66a8a44e121146/extraction-l40l30/dProofs-withConclusions/dProofs3.txt. [tid:23383532107328]
0.45 ms taken to read 3 condensed detachment proofs and conclusions from data/97553789db1645226627da044ed0a2e6a9cfd5963d66a8a44e121146/extraction-l40l30/dProofs-withConclusions/dProofs7.txt. [tid:23383527904832]
0.01 ms taken to read 87 condensed detachment proofs and conclusions from data/97553789db1645226627da044ed0a2e6a9cfd5963d66a8a44e121146/extraction-l40l30/dProofs-withConclusions/dProofs21.txt. [tid:23383513196096]
0.35 ms taken to read 30 condensed detachment proofs and conclusions from data/97553789db1645226627da044ed0a2e6a9cfd5963d66a8a44e121146/extraction-l40l30/dProofs-withConclusions/dProofs15.txt. [tid:23383519499840]
0.40 ms taken to read 1 condensed detachment proof and conclusion from data/97553789db1645226627da044ed0a2e6a9cfd5963d66a8a44e121146/extraction-l40l30/dProofs-withConclusions/dProofs5.txt. [tid:23383530006080]
0.60 ms taken to read 38 condensed detachment proofs and conclusions from data/97553789db1645226627da044ed0a2e6a9cfd5963d66a8a44e121146/extraction-l40l30/dProofs-withConclusions/dProofs17.txt. [tid:23383517398592]
0.19 ms taken to read 59 condensed detachment proofs and conclusions from data/97553789db1645226627da044ed0a2e6a9cfd5963d66a8a44e121146/extraction-l40l30/dProofs-withConclusions/dProofs19.txt. [tid:23383515297344]
351.95 ms taken to read 118515 condensed detachment proofs and conclusions from data/97553789db1645226627da044ed0a2e6a9cfd5963d66a8a44e121146/extraction-l40l30/dProofs-withConclusions/dProofs135.txt. [tid:23383532107328]
620.70 ms taken to read 156483 condensed detachment proofs and conclusions from data/97553789db1645226627da044ed0a2e6a9cfd5963d66a8a44e121146/extraction-l40l30/dProofs-withConclusions/dProofs143.txt. [tid:23383530006080]
1259.39 ms (1 s 259.39 ms) taken to read 127207 condensed detachment proofs and conclusions from data/97553789db1645226627da044ed0a2e6a9cfd5963d66a8a44e121146/extraction-l40l30/dProofs-withConclusions/dProofs137.txt. [tid:23383527904832]
2.31 ms taken to read 8 condensed detachment proofs and conclusions from data/97553789db1645226627da044ed0a2e6a9cfd5963d66a8a44e121146/extraction-l40l30/dProofs-withConclusions/dProofs9.txt. [tid:23383525803584]
379.74 ms taken to read 105032 condensed detachment proofs and conclusions from data/97553789db1645226627da044ed0a2e6a9cfd5963d66a8a44e121146/extraction-l40l30/dProofs-withConclusions/dProofs133.txt. [tid:23383523702336]
0.07 ms taken to read 21 condensed detachment proofs and conclusions from data/97553789db1645226627da044ed0a2e6a9cfd5963d66a8a44e121146/extraction-l40l30/dProofs-withConclusions/dProofs13.txt. [tid:23383521601088]
659.64 ms taken to read 146392 condensed detachment proofs and conclusions from data/97553789db1645226627da044ed0a2e6a9cfd5963d66a8a44e121146/extraction-l40l30/dProofs-withConclusions/dProofs141.txt. [tid:23383519499840]
573.60 ms taken to read 166841 condensed detachment proofs and conclusions from data/97553789db1645226627da044ed0a2e6a9cfd5963d66a8a44e121146/extraction-l40l30/dProofs-withConclusions/dProofs145.txt. [tid:23383517398592]
1139.23 ms (1 s 139.23 ms) taken to read 178381 condensed detachment proofs and conclusions from data/97553789db1645226627da044ed0a2e6a9cfd5963d66a8a44e121146/extraction-l40l30/dProofs-withConclusions/dProofs147.txt. [tid:23383515297344]
670.05 ms taken to read 136161 condensed detachment proofs and conclusions from data/97553789db1645226627da044ed0a2e6a9cfd5963d66a8a44e121146/extraction-l40l30/dProofs-withConclusions/dProofs139.txt. [tid:23383513196096]
577.66 ms taken to read 99340 condensed detachment proofs and conclusions from data/97553789db1645226627da044ed0a2e6a9cfd5963d66a8a44e121146/extraction-l40l30/dProofs-withConclusions/dProofs131.txt. [tid:23383511094848]
0.10 ms taken to read 157 condensed detachment proofs and conclusions from data/97553789db1645226627da044ed0a2e6a9cfd5963d66a8a44e121146/extraction-l40l30/dProofs-withConclusions/dProofs25.txt. [tid:23383508993600]
4.70 ms taken to read 185 condensed detachment proofs and conclusions from data/97553789db1645226627da044ed0a2e6a9cfd5963d66a8a44e121146/extraction-l40l30/dProofs-withConclusions/dProofs27.txt. [tid:23383506892352]
5.68 ms taken to read 249 condensed detachment proofs and conclusions from data/97553789db1645226627da044ed0a2e6a9cfd5963d66a8a44e121146/extraction-l40l30/dProofs-withConclusions/dProofs29.txt. [tid:23383504791104]
13.95 ms taken to read 327 condensed detachment proofs and conclusions from data/97553789db1645226627da044ed0a2e6a9cfd5963d66a8a44e121146/extraction-l40l30/dProofs-withConclusions/dProofs31.txt. [tid:23383502689856]
9.89 ms taken to read 422 condensed detachment proofs and conclusions from data/97553789db1645226627da044ed0a2e6a9cfd5963d66a8a44e121146/extraction-l40l30/dProofs-withConclusions/dProofs33.txt. [tid:23383500588608]
34.98 ms taken to read 561 condensed detachment proofs and conclusions from data/97553789db1645226627da044ed0a2e6a9cfd5963d66a8a44e121146/extraction-l40l30/dProofs-withConclusions/dProofs35.txt. [tid:23383498487360]
1.72 ms taken to read 673 condensed detachment proofs and conclusions from data/97553789db1645226627da044ed0a2e6a9cfd5963d66a8a44e121146/extraction-l40l30/dProofs-withConclusions/dProofs37.txt. [tid:23383496386112]
345.33 ms taken to read 924 condensed detachment proofs and conclusions from data/97553789db1645226627da044ed0a2e6a9cfd5963d66a8a44e121146/extraction-l40l30/dProofs-withConclusions/dProofs39.txt. [tid:23383494284864]
13.42 ms taken to read 1159 condensed detachment proofs and conclusions from data/97553789db1645226627da044ed0a2e6a9cfd5963d66a8a44e121146/extraction-l40l30/dProofs-withConclusions/dProofs41.txt. [tid:23383492183616]
11.07 ms taken to read 1503 condensed detachment proofs and conclusions from data/97553789db1645226627da044ed0a2e6a9cfd5963d66a8a44e121146/extraction-l40l30/dProofs-withConclusions/dProofs43.txt. [tid:23383490082368]
14.34 ms taken to read 1876 condensed detachment proofs and conclusions from data/97553789db1645226627da044ed0a2e6a9cfd5963d66a8a44e121146/extraction-l40l30/dProofs-withConclusions/dProofs45.txt. [tid:23383487981120]
23.77 ms taken to read 2441 condensed detachment proofs and conclusions from data/97553789db1645226627da044ed0a2e6a9cfd5963d66a8a44e121146/extraction-l40l30/dProofs-withConclusions/dProofs47.txt. [tid:23383485879872]
34.87 ms taken to read 3049 condensed detachment proofs and conclusions from data/97553789db1645226627da044ed0a2e6a9cfd5963d66a8a44e121146/extraction-l40l30/dProofs-withConclusions/dProofs49.txt. [tid:23383483778624]
17.52 ms taken to read 3943 condensed detachment proofs and conclusions from data/97553789db1645226627da044ed0a2e6a9cfd5963d66a8a44e121146/extraction-l40l30/dProofs-withConclusions/dProofs51.txt. [tid:23382338827840]
314.45 ms taken to read 4947 condensed detachment proofs and conclusions from data/97553789db1645226627da044ed0a2e6a9cfd5963d66a8a44e121146/extraction-l40l30/dProofs-withConclusions/dProofs53.txt. [tid:23382336726592]
40.69 ms taken to read 6309 condensed detachment proofs and conclusions from data/97553789db1645226627da044ed0a2e6a9cfd5963d66a8a44e121146/extraction-l40l30/dProofs-withConclusions/dProofs55.txt. [tid:23382334625344]
174.34 ms taken to read 7991 condensed detachment proofs and conclusions from data/97553789db1645226627da044ed0a2e6a9cfd5963d66a8a44e121146/extraction-l40l30/dProofs-withConclusions/dProofs57.txt. [tid:23382332524096]
33.72 ms taken to read 10033 condensed detachment proofs and conclusions from data/97553789db1645226627da044ed0a2e6a9cfd5963d66a8a44e121146/extraction-l40l30/dProofs-withConclusions/dProofs59.txt. [tid:23382330422848]
94.87 ms taken to read 12799 condensed detachment proofs and conclusions from data/97553789db1645226627da044ed0a2e6a9cfd5963d66a8a44e121146/extraction-l40l30/dProofs-withConclusions/dProofs61.txt. [tid:23382328321600]
54.10 ms taken to read 16331 condensed detachment proofs and conclusions from data/97553789db1645226627da044ed0a2e6a9cfd5963d66a8a44e121146/extraction-l40l30/dProofs-withConclusions/dProofs63.txt. [tid:23382326220352]
29.36 ms taken to read 20563 condensed detachment proofs and conclusions from data/97553789db1645226627da044ed0a2e6a9cfd5963d66a8a44e121146/extraction-l40l30/dProofs-withConclusions/dProofs65.txt. [tid:23382324119104]
278.88 ms taken to read 26742 condensed detachment proofs and conclusions from data/97553789db1645226627da044ed0a2e6a9cfd5963d66a8a44e121146/extraction-l40l30/dProofs-withConclusions/dProofs67.txt. [tid:23382322017856]
289.38 ms taken to read 33603 condensed detachment proofs and conclusions from data/97553789db1645226627da044ed0a2e6a9cfd5963d66a8a44e121146/extraction-l40l30/dProofs-withConclusions/dProofs69.txt. [tid:23382319916608]
57.35 ms taken to read 42831 condensed detachment proofs and conclusions from data/97553789db1645226627da044ed0a2e6a9cfd5963d66a8a44e121146/extraction-l40l30/dProofs-withConclusions/dProofs71.txt. [tid:23382317815360]
147.56 ms taken to read 54140 condensed detachment proofs and conclusions from data/97553789db1645226627da044ed0a2e6a9cfd5963d66a8a44e121146/extraction-l40l30/dProofs-withConclusions/dProofs73.txt. [tid:23382315714112]
337.77 ms taken to read 68100 condensed detachment proofs and conclusions from data/97553789db1645226627da044ed0a2e6a9cfd5963d66a8a44e121146/extraction-l40l30/dProofs-withConclusions/dProofs75.txt. [tid:23382313612864]
297.72 ms taken to read 86149 condensed detachment proofs and conclusions from data/97553789db1645226627da044ed0a2e6a9cfd5963d66a8a44e121146/extraction-l40l30/dProofs-withConclusions/dProofs77.txt. [tid:23382311511616]
61.44 ms taken to read 105763 condensed detachment proofs and conclusions from data/97553789db1645226627da044ed0a2e6a9cfd5963d66a8a44e121146/extraction-l40l30/dProofs-withConclusions/dProofs79.txt. [tid:23382309410368]
574.47 ms taken to read 131511 condensed detachment proofs and conclusions from data/97553789db1645226627da044ed0a2e6a9cfd5963d66a8a44e121146/extraction-l40l30/dProofs-withConclusions/dProofs81.txt. [tid:23382307309120]
594.58 ms taken to read 160674 condensed detachment proofs and conclusions from data/97553789db1645226627da044ed0a2e6a9cfd5963d66a8a44e121146/extraction-l40l30/dProofs-withConclusions/dProofs83.txt. [tid:23382305207872]
585.58 ms taken to read 196091 condensed detachment proofs and conclusions from data/97553789db1645226627da044ed0a2e6a9cfd5963d66a8a44e121146/extraction-l40l30/dProofs-withConclusions/dProofs85.txt. [tid:23382303106624]
870.32 ms taken to read 238828 condensed detachment proofs and conclusions from data/97553789db1645226627da044ed0a2e6a9cfd5963d66a8a44e121146/extraction-l40l30/dProofs-withConclusions/dProofs87.txt. [tid:23382301005376]
758.84 ms taken to read 285765 condensed detachment proofs and conclusions from data/97553789db1645226627da044ed0a2e6a9cfd5963d66a8a44e121146/extraction-l40l30/dProofs-withConclusions/dProofs89.txt. [tid:23382298904128]
887.43 ms taken to read 344834 condensed detachment proofs and conclusions from data/97553789db1645226627da044ed0a2e6a9cfd5963d66a8a44e121146/extraction-l40l30/dProofs-withConclusions/dProofs91.txt. [tid:23382296802880]
835.35 ms taken to read 409861 condensed detachment proofs and conclusions from data/97553789db1645226627da044ed0a2e6a9cfd5963d66a8a44e121146/extraction-l40l30/dProofs-withConclusions/dProofs93.txt. [tid:23382294701632]
1071.16 ms (1 s 71.16 ms) taken to read 319708 condensed detachment proofs and conclusions from data/97553789db1645226627da044ed0a2e6a9cfd5963d66a8a44e121146/extraction-l40l30/dProofs-withConclusions/dProofs95.txt. [tid:23382292600384]
1060.91 ms (1 s 60.91 ms) taken to read 312130 condensed detachment proofs and conclusions from data/97553789db1645226627da044ed0a2e6a9cfd5963d66a8a44e121146/extraction-l40l30/dProofs-withConclusions/dProofs97.txt. [tid:23382290499136]
1115.47 ms (1 s 115.47 ms) taken to read 370079 condensed detachment proofs and conclusions from data/97553789db1645226627da044ed0a2e6a9cfd5963d66a8a44e121146/extraction-l40l30/dProofs-withConclusions/dProofs99.txt. [tid:23382288397888]
894.68 ms taken to read 462853 condensed detachment proofs and conclusions from data/97553789db1645226627da044ed0a2e6a9cfd5963d66a8a44e121146/extraction-l40l30/dProofs-withConclusions/dProofs101.txt. [tid:23382286296640]
1077.72 ms (1 s 77.72 ms) taken to read 568419 condensed detachment proofs and conclusions from data/97553789db1645226627da044ed0a2e6a9cfd5963d66a8a44e121146/extraction-l40l30/dProofs-withConclusions/dProofs103.txt. [tid:23382284195392]
1267.78 ms (1 s 267.78 ms) taken to read 691826 condensed detachment proofs and conclusions from data/97553789db1645226627da044ed0a2e6a9cfd5963d66a8a44e121146/extraction-l40l30/dProofs-withConclusions/dProofs105.txt. [tid:23382282094144]
1418.93 ms (1 s 418.93 ms) taken to read 816151 condensed detachment proofs and conclusions from data/97553789db1645226627da044ed0a2e6a9cfd5963d66a8a44e121146/extraction-l40l30/dProofs-withConclusions/dProofs107.txt. [tid:23382279992896]
1473.64 ms (1 s 473.64 ms) taken to read 935689 condensed detachment proofs and conclusions from data/97553789db1645226627da044ed0a2e6a9cfd5963d66a8a44e121146/extraction-l40l30/dProofs-withConclusions/dProofs109.txt. [tid:23382277891648]
1498.76 ms (1 s 498.76 ms) taken to read 1025073 condensed detachment proofs and conclusions from data/97553789db1645226627da044ed0a2e6a9cfd5963d66a8a44e121146/extraction-l40l30/dProofs-withConclusions/dProofs111.txt. [tid:23382275790400]
391.30 ms taken to read 59519 condensed detachment proofs and conclusions from data/97553789db1645226627da044ed0a2e6a9cfd5963d66a8a44e121146/extraction-l40l30/dProofs-withConclusions/dProofs113.txt. [tid:23379990017600]
340.83 ms taken to read 56002 condensed detachment proofs and conclusions from data/97553789db1645226627da044ed0a2e6a9cfd5963d66a8a44e121146/extraction-l40l30/dProofs-withConclusions/dProofs115.txt. [tid:23379987916352]
416.97 ms taken to read 58978 condensed detachment proofs and conclusions from data/97553789db1645226627da044ed0a2e6a9cfd5963d66a8a44e121146/extraction-l40l30/dProofs-withConclusions/dProofs117.txt. [tid:23379985815104]
370.82 ms taken to read 62472 condensed detachment proofs and conclusions from data/97553789db1645226627da044ed0a2e6a9cfd5963d66a8a44e121146/extraction-l40l30/dProofs-withConclusions/dProofs119.txt. [tid:23379983713856]
788.04 ms taken to read 67531 condensed detachment proofs and conclusions from data/97553789db1645226627da044ed0a2e6a9cfd5963d66a8a44e121146/extraction-l40l30/dProofs-withConclusions/dProofs121.txt. [tid:23379981612608]
484.46 ms taken to read 76343 condensed detachment proofs and conclusions from data/97553789db1645226627da044ed0a2e6a9cfd5963d66a8a44e121146/extraction-l40l30/dProofs-withConclusions/dProofs123.txt. [tid:23379979511360]
371.95 ms taken to read 83907 condensed detachment proofs and conclusions from data/97553789db1645226627da044ed0a2e6a9cfd5963d66a8a44e121146/extraction-l40l30/dProofs-withConclusions/dProofs125.txt. [tid:23379977410112]
1254.57 ms (1 s 254.57 ms) taken to read 88161 condensed detachment proofs and conclusions from data/97553789db1645226627da044ed0a2e6a9cfd5963d66a8a44e121146/extraction-l40l30/dProofs-withConclusions/dProofs127.txt. [tid:23379975308864]
509.59 ms taken to read 93944 condensed detachment proofs and conclusions from data/97553789db1645226627da044ed0a2e6a9cfd5963d66a8a44e121146/extraction-l40l30/dProofs-withConclusions/dProofs129.txt. [tid:23379973207616]
1668.61 ms (1 s 668.61 ms) total read duration.
Loaded 74 representative collections of sizes:
1 : 1
3 : 1
5 : 1
7 : 3
9 : 8
11 : 14
13 : 21
15 : 30
17 : 38
19 : 59
21 : 87
23 : 108
25 : 157
27 : 185
29 : 249
31 : 327
33 : 422
35 : 561
37 : 673
39 : 924
41 : 1159
43 : 1503
45 : 1876
47 : 2441
49 : 3049
51 : 3943
53 : 4947
55 : 6309
57 : 7991
59 : 10033
61 : 12799
63 : 16331
65 : 20563
67 : 26742
69 : 33603
71 : 42831
73 : 54140
75 : 68100
77 : 86149
79 : 105763
81 : 131511
83 : 160674
85 : 196091
87 : 238828
89 : 285765
91 : 344834
93 : 409861
95 : 319708
97 : 312130
99 : 370079
101 : 462853
103 : 568419
105 : 691826
107 : 816151
109 : 935689
111 : 1025073
113 : 59519
115 : 56002
117 : 58978
119 : 62472
121 : 67531
123 : 76343
125 : 83907
127 : 88161
129 : 93944
131 : 99340
133 : 105032
135 : 118515
137 : 127207
139 : 136161
141 : 146392
143 : 156483
145 : 166841
147 : 178381
9664842 representatives in total.
Tue Jun  9 00:31:04 2026: Inserted ≈ 5% of D-proof conclusions. [ 483242 of 9664842] (ETC: Tue Jun  9 00:31:06 2026 ; 2 s  99.41 ms remaining ; 2 s 209.90 ms total)
Tue Jun  9 00:31:04 2026: Inserted ≈10% of D-proof conclusions. [ 966484 of 9664842] (ETC: Tue Jun  9 00:31:06 2026 ; 1 s 886.19 ms remaining ; 2 s  95.77 ms total)
Tue Jun  9 00:31:04 2026: Inserted ≈15% of D-proof conclusions. [1449726 of 9664842] (ETC: Tue Jun  9 00:31:06 2026 ; 1 s 761.74 ms remaining ; 2 s  72.63 ms total)
Tue Jun  9 00:31:04 2026: Inserted ≈20% of D-proof conclusions. [1932968 of 9664842] (ETC: Tue Jun  9 00:31:06 2026 ; 1 s 679.07 ms remaining ; 2 s  98.84 ms total)
Tue Jun  9 00:31:05 2026: Inserted ≈25% of D-proof conclusions. [2416210 of 9664842] (ETC: Tue Jun  9 00:31:06 2026 ; 1 s 571.78 ms remaining ; 2 s  95.70 ms total)
Tue Jun  9 00:31:05 2026: Inserted ≈30% of D-proof conclusions. [2899452 of 9664842] (ETC: Tue Jun  9 00:31:06 2026 ; 1 s 480.90 ms remaining ; 2 s 115.57 ms total)
Tue Jun  9 00:31:05 2026: Inserted ≈35% of D-proof conclusions. [3382694 of 9664842] (ETC: Tue Jun  9 00:31:06 2026 ; 1 s 369.57 ms remaining ; 2 s 107.03 ms total)
Tue Jun  9 00:31:05 2026: Inserted ≈40% of D-proof conclusions. [3865936 of 9664842] (ETC: Tue Jun  9 00:31:06 2026 ; 1 s 262.02 ms remaining ; 2 s 103.36 ms total)
Tue Jun  9 00:31:05 2026: Inserted ≈45% of D-proof conclusions. [4349178 of 9664842] (ETC: Tue Jun  9 00:31:06 2026 ; 1 s 174.58 ms remaining ; 2 s 135.60 ms total)
Tue Jun  9 00:31:05 2026: Inserted ≈50% of D-proof conclusions. [4832421 of 9664842] (ETC: Tue Jun  9 00:31:06 2026 ; 1 s  64.75 ms remaining ; 2 s 129.50 ms total)
Tue Jun  9 00:31:05 2026: Inserted ≈55% of D-proof conclusions. [5315663 of 9664842] (ETC: Tue Jun  9 00:31:06 2026 ; 972.91 ms remaining ; 2 s 162.03 ms total)
Tue Jun  9 00:31:05 2026: Inserted ≈60% of D-proof conclusions. [5798905 of 9664842] (ETC: Tue Jun  9 00:31:06 2026 ; 864.69 ms remaining ; 2 s 161.72 ms total)
Tue Jun  9 00:31:05 2026: Inserted ≈65% of D-proof conclusions. [6282147 of 9664842] (ETC: Tue Jun  9 00:31:06 2026 ; 753.86 ms remaining ; 2 s 153.89 ms total)
Tue Jun  9 00:31:06 2026: Inserted ≈70% of D-proof conclusions. [6765389 of 9664842] (ETC: Tue Jun  9 00:31:06 2026 ; 645.82 ms remaining ; 2 s 152.72 ms total)
Tue Jun  9 00:31:06 2026: Inserted ≈75% of D-proof conclusions. [7248631 of 9664842] (ETC: Tue Jun  9 00:31:06 2026 ; 536.78 ms remaining ; 2 s 147.13 ms total)
Tue Jun  9 00:31:06 2026: Inserted ≈80% of D-proof conclusions. [7731873 of 9664842] (ETC: Tue Jun  9 00:31:06 2026 ; 429.26 ms remaining ; 2 s 146.30 ms total)
Tue Jun  9 00:31:06 2026: Inserted ≈85% of D-proof conclusions. [8215115 of 9664842] (ETC: Tue Jun  9 00:31:06 2026 ; 323.47 ms remaining ; 2 s 156.48 ms total)
Tue Jun  9 00:31:06 2026: Inserted ≈90% of D-proof conclusions. [8698357 of 9664842] (ETC: Tue Jun  9 00:31:06 2026 ; 219.55 ms remaining ; 2 s 195.46 ms total)
Tue Jun  9 00:31:06 2026: Inserted ≈95% of D-proof conclusions. [9181599 of 9664842] (ETC: Tue Jun  9 00:31:06 2026 ; 109.88 ms remaining ; 2 s 197.55 ms total)
Tue Jun  9 00:31:06 2026: Inserted 100% of D-proof conclusions. [9664842 of 9664842] (ETC: Tue Jun  9 00:31:06 2026 ; 0.00 ms remaining ; 2 s 210.13 ms total)
2210.31 ms (2 s 210.31 ms) total insertion duration.
Determined the number of proof string candidates for iteration as 84096054526. [most relevant: {71,77} with 2*3689847819 = 7379695638, i.e. ≈8.78%]
Estimated removal count set to 5757665, based on entry 147:5219540 and last known pair (145:4731709, 147:5219540) with 5219540/4731709 ≈ 1.1031 and 5219540 * (5219540/4731709)^1 ≈ 5757665.53.
Tue Jun  9 00:31:06 2026: Starting to generate D-proof representatives of length 149.
Tue Jun  9 01:15:41 2026: Iterated ≈ 2% of D-proof candidates. [ 1681921090 of 84096054526] (ETC: Wed Jun 10 13:40:24 2026 ; 1 d 12 h 24 min 42 s 377.09 ms remaining ; 1 d 13 h  9 min 17 s 527.64 ms total)
Tue Jun  9 02:02:22 2026: Iterated ≈ 4% of D-proof candidates. [ 3363842181 of 84096054526] (ETC: Wed Jun 10 14:32:39 2026 ; 1 d 12 h 30 min 16 s 741.20 ms remaining ; 1 d 14 h  1 min 32 s 438.75 ms total)
Tue Jun  9 02:50:21 2026: Iterated ≈ 6% of D-proof candidates. [ 5045763271 of 84096054526] (ETC: Wed Jun 10 15:11:50 2026 ; 1 d 12 h 21 min 29 s  57.68 ms remaining ; 1 d 14 h 40 min 43 s 678.38 ms total)
Tue Jun  9 03:39:57 2026: Iterated ≈ 8% of D-proof candidates. [ 6727684362 of 84096054526] (ETC: Wed Jun 10 15:51:43 2026 ; 1 d 12 h 11 min 45 s 843.13 ms remaining ; 1 d 15 h 20 min 36 s 786.01 ms total)
Tue Jun  9 04:22:46 2026: Iterated ≈10% of D-proof candidates. [ 8409605452 of 84096054526] (ETC: Wed Jun 10 15:07:44 2026 ; 1 d 10 h 44 min 58 s 264.12 ms remaining ; 1 d 14 h 36 min 38 s  71.24 ms total)
Tue Jun  9 05:06:45 2026: Iterated ≈12% of D-proof candidates. [10091526543 of 84096054526] (ETC: Wed Jun 10 14:48:08 2026 ; 1 d  9 h 41 min 23 s 332.26 ms remaining ; 1 d 14 h 17 min  1 s 968.48 ms total)
Tue Jun  9 05:46:36 2026: Iterated ≈14% of D-proof candidates. [11773447633 of 84096054526] (ETC: Wed Jun 10 14:04:41 2026 ; 1 d  8 h 18 min  4 s 541.33 ms remaining ; 1 d 13 h 33 min 34 s 582.94 ms total)
Tue Jun  9 06:27:09 2026: Iterated ≈16% of D-proof candidates. [13455368724 of 84096054526] (ETC: Wed Jun 10 13:36:26 2026 ; 1 d  7 h  9 min 16 s 782.71 ms remaining ; 1 d 13 h  5 min 19 s 979.41 ms total)
Tue Jun  9 07:11:31 2026: Iterated ≈18% of D-proof candidates. [15137289814 of 84096054526] (ETC: Wed Jun 10 13:35:34 2026 ; 1 d  6 h 24 min  3 s 666.22 ms remaining ; 1 d 13 h  4 min 27 s 885.63 ms total)
Tue Jun  9 08:04:51 2026: Iterated ≈20% of D-proof candidates. [16819210905 of 84096054526] (ETC: Wed Jun 10 14:19:49 2026 ; 1 d  6 h 14 min 58 s 531.75 ms remaining ; 1 d 13 h 48 min 43 s 164.69 ms total)
Tue Jun  9 09:01:36 2026: Iterated ≈22% of D-proof candidates. [18501131995 of 84096054526] (ETC: Wed Jun 10 15:11:34 2026 ; 1 d  6 h  9 min 57 s 600.35 ms remaining ; 1 d 14 h 40 min 27 s 692.76 ms total)
Tue Jun  9 09:51:57 2026: Iterated ≈24% of D-proof candidates. [20183053086 of 84096054526] (ETC: Wed Jun 10 15:27:55 2026 ; 1 d  5 h 35 min 58 s 846.65 ms remaining ; 1 d 14 h 56 min 49 s   8.75 ms total)
Tue Jun  9 10:44:59 2026: Iterated ≈26% of D-proof candidates. [21864974176 of 84096054526] (ETC: Wed Jun 10 15:52:10 2026 ; 1 d  5 h  7 min 11 s 303.10 ms remaining ; 1 d 15 h 21 min  3 s 923.10 ms total)
Tue Jun  9 11:35:50 2026: Iterated ≈28% of D-proof candidates. [23546895267 of 84096054526] (ETC: Wed Jun 10 16:05:08 2026 ; 1 d  4 h 29 min 17 s 975.59 ms remaining ; 1 d 15 h 34 min  1 s 632.77 ms total)
Tue Jun  9 12:28:51 2026: Iterated ≈30% of D-proof candidates. [25228816357 of 84096054526] (ETC: Wed Jun 10 16:23:37 2026 ; 1 d  3 h 54 min 45 s 458.42 ms remaining ; 1 d 15 h 52 min 30 s 654.88 ms total)
Tue Jun  9 13:09:39 2026: Iterated ≈32% of D-proof candidates. [26910737448 of 84096054526] (ETC: Wed Jun 10 16:01:35 2026 ; 1 d  2 h 51 min 55 s 563.59 ms remaining ; 1 d 15 h 30 min 28 s 769.98 ms total)
Tue Jun  9 13:49:51 2026: Iterated ≈34% of D-proof candidates. [28592658538 of 84096054526] (ETC: Wed Jun 10 15:40:20 2026 ; 1 d  1 h 50 min 29 s 552.99 ms remaining ; 1 d 15 h  9 min 13 s 868.16 ms total)
Tue Jun  9 14:34:43 2026: Iterated ≈36% of D-proof candidates. [30274579629 of 84096054526] (ETC: Wed Jun 10 15:34:29 2026 ; 1 d      59 min 46 s  34.02 ms remaining ; 1 d 15 h  3 min 23 s 178.15 ms total)
Tue Jun  9 15:17:28 2026: Iterated ≈38% of D-proof candidates. [31956500719 of 84096054526] (ETC: Wed Jun 10 15:23:38 2026 ; 1 d       6 min  9 s 888.82 ms remaining ; 1 d 14 h 52 min 31 s 433.58 ms total)
Tue Jun  9 15:56:53 2026: Iterated ≈40% of D-proof candidates. [33638421810 of 84096054526] (ETC: Wed Jun 10 15:05:32 2026 ; 23 h  8 min 39 s 651.67 ms remaining ; 1 d 14 h 34 min 26 s  86.12 ms total)
Tue Jun  9 16:38:42 2026: Iterated ≈42% of D-proof candidates. [35320342900 of 84096054526] (ETC: Wed Jun 10 14:54:54 2026 ; 22 h 16 min 12 s 127.30 ms remaining ; 1 d 14 h 23 min 47 s 805.68 ms total)
Tue Jun  9 17:20:48 2026: Iterated ≈44% of D-proof candidates. [37002263991 of 84096054526] (ETC: Wed Jun 10 14:45:53 2026 ; 21 h 25 min  4 s 376.86 ms remaining ; 1 d 14 h 14 min 46 s 387.24 ms total)
Tue Jun  9 18:01:28 2026: Iterated ≈46% of D-proof candidates. [38684185081 of 84096054526] (ETC: Wed Jun 10 14:34:31 2026 ; 20 h 33 min  2 s 525.18 ms remaining ; 1 d 14 h  3 min 24 s 676.26 ms total)
Tue Jun  9 18:40:30 2026: Iterated ≈48% of D-proof candidates. [40366106172 of 84096054526] (ETC: Wed Jun 10 14:20:40 2026 ; 19 h 40 min 10 s 217.27 ms remaining ; 1 d 13 h 49 min 33 s 494.74 ms total)
Tue Jun  9 19:24:04 2026: Iterated ≈50% of D-proof candidates. [42048027263 of 84096054526] (ETC: Wed Jun 10 14:17:01 2026 ; 18 h 52 min 57 s 356.60 ms remaining ; 1 d 13 h 45 min 54 s 713.19 ms total)
Tue Jun  9 20:05:38 2026: Iterated ≈52% of D-proof candidates. [43729948353 of 84096054526] (ETC: Wed Jun 10 14:09:49 2026 ; 18 h  4 min 10 s 830.64 ms remaining ; 1 d 13 h 38 min 42 s 563.84 ms total)
Tue Jun  9 20:47:04 2026: Iterated ≈54% of D-proof candidates. [45411869444 of 84096054526] (ETC: Wed Jun 10 14:02:52 2026 ; 17 h 15 min 48 s 678.24 ms remaining ; 1 d 13 h 31 min 45 s 822.25 ms total)
Tue Jun  9 21:29:37 2026: Iterated ≈56% of D-proof candidates. [47093790534 of 84096054526] (ETC: Wed Jun 10 13:58:28 2026 ; 16 h 28 min 50 s 145.60 ms remaining ; 1 d 13 h 27 min 21 s 240.00 ms total)
Tue Jun  9 22:13:00 2026: Iterated ≈58% of D-proof candidates. [48775711625 of 84096054526] (ETC: Wed Jun 10 13:55:46 2026 ; 15 h 42 min 45 s 271.32 ms remaining ; 1 d 13 h 24 min 39 s 217.43 ms total)
Tue Jun  9 22:55:10 2026: Iterated ≈60% of D-proof candidates. [50457632715 of 84096054526] (ETC: Wed Jun 10 13:51:12 2026 ; 14 h 56 min  2 s 473.96 ms remaining ; 1 d 13 h 20 min  6 s 184.89 ms total)
Tue Jun  9 23:36:33 2026: Iterated ≈62% of D-proof candidates. [52139553806 of 84096054526] (ETC: Wed Jun 10 13:45:41 2026 ; 14 h  9 min  8 s 498.52 ms remaining ; 1 d 13 h 14 min 34 s 996.11 ms total)
Wed Jun 10 00:19:48 2026: Iterated ≈64% of D-proof candidates. [53821474896 of 84096054526] (ETC: Wed Jun 10 13:43:26 2026 ; 13 h 23 min 38 s 290.57 ms remaining ; 1 d 13 h 12 min 19 s 696.01 ms total)
Wed Jun 10 01:01:00 2026: Iterated ≈66% of D-proof candidates. [55503395987 of 84096054526] (ETC: Wed Jun 10 13:38:13 2026 ; 12 h 37 min 12 s 939.38 ms remaining ; 1 d 13 h  7 min  6 s 292.31 ms total)
Wed Jun 10 01:42:09 2026: Iterated ≈68% of D-proof candidates. [57185317077 of 84096054526] (ETC: Wed Jun 10 13:33:13 2026 ; 11 h 51 min  4 s 676.33 ms remaining ; 1 d 13 h  2 min  7 s 113.53 ms total)
Wed Jun 10 02:23:08 2026: Iterated ≈70% of D-proof candidates. [58867238168 of 84096054526] (ETC: Wed Jun 10 13:28:18 2026 ; 11 h  5 min  9 s 388.59 ms remaining ; 1 d 12 h 57 min 11 s 295.30 ms total)
Wed Jun 10 03:04:05 2026: Iterated ≈72% of D-proof candidates. [60549159258 of 84096054526] (ETC: Wed Jun 10 13:23:34 2026 ; 10 h 19 min 29 s 307.39 ms remaining ; 1 d 12 h 52 min 27 s 526.40 ms total)
Wed Jun 10 03:48:30 2026: Iterated ≈74% of D-proof candidates. [62231080349 of 84096054526] (ETC: Wed Jun 10 13:23:48 2026 ; 9 h 35 min 17 s 920.75 ms remaining ; 1 d 12 h 52 min 41 s 233.66 ms total)
Wed Jun 10 04:27:13 2026: Iterated ≈76% of D-proof candidates. [63913001439 of 84096054526] (ETC: Wed Jun 10 13:16:30 2026 ; 8 h 49 min 17 s 809.34 ms remaining ; 1 d 12 h 45 min 24 s 205.56 ms total)
Wed Jun 10 05:12:12 2026: Iterated ≈78% of D-proof candidates. [65594922530 of 84096054526] (ETC: Wed Jun 10 13:17:38 2026 ; 8 h  5 min 26 s  90.35 ms remaining ; 1 d 12 h 46 min 31 s 319.78 ms total)
Wed Jun 10 05:58:14 2026: Iterated ≈80% of D-proof candidates. [67276843620 of 84096054526] (ETC: Wed Jun 10 13:20:00 2026 ; 7 h 21 min 46 s 806.16 ms remaining ; 1 d 12 h 48 min 54 s  30.80 ms total)
Wed Jun 10 06:39:42 2026: Iterated ≈82% of D-proof candidates. [68958764711 of 84096054526] (ETC: Wed Jun 10 13:16:42 2026 ; 6 h 37 min      473.18 ms remaining ; 1 d 12 h 45 min 35 s 962.12 ms total)
Wed Jun 10 07:23:15 2026: Iterated ≈84% of D-proof candidates. [70640685801 of 84096054526] (ETC: Wed Jun 10 13:16:02 2026 ; 5 h 52 min 47 s 308.84 ms remaining ; 1 d 12 h 44 min 55 s 680.24 ms total)
Wed Jun 10 08:02:18 2026: Iterated ≈86% of D-proof candidates. [72322606892 of 84096054526] (ETC: Wed Jun 10 13:10:10 2026 ; 5 h  7 min 52 s 160.12 ms remaining ; 1 d 12 h 39 min  4 s   0.83 ms total)
Wed Jun 10 08:41:30 2026: Iterated ≈88% of D-proof candidates. [74004527982 of 84096054526] (ETC: Wed Jun 10 13:04:44 2026 ; 4 h 23 min 14 s  75.48 ms remaining ; 1 d 12 h 33 min 37 s 295.69 ms total)
Wed Jun 10 09:24:30 2026: Iterated ≈90% of D-proof candidates. [75686449073 of 84096054526] (ETC: Wed Jun 10 13:03:46 2026 ; 3 h 39 min 15 s 939.20 ms remaining ; 1 d 12 h 32 min 39 s 391.95 ms total)
Wed Jun 10 10:07:44 2026: Iterated ≈92% of D-proof candidates. [77368370163 of 84096054526] (ETC: Wed Jun 10 13:03:05 2026 ; 2 h 55 min 21 s 520.81 ms remaining ; 1 d 12 h 31 min 59 s  10.12 ms total)
Wed Jun 10 10:49:47 2026: Iterated ≈94% of D-proof candidates. [79050291254 of 84096054526] (ETC: Wed Jun 10 13:01:12 2026 ; 2 h 11 min 24 s 327.99 ms remaining ; 1 d 12 h 30 min  5 s 466.56 ms total)
Wed Jun 10 11:30:45 2026: Iterated ≈96% of D-proof candidates. [80732212344 of 84096054526] (ETC: Wed Jun 10 12:58:14 2026 ; 1 h 27 min 29 s 123.93 ms remaining ; 1 d 12 h 27 min  8 s  98.18 ms total)
Wed Jun 10 12:18:06 2026: Iterated ≈98% of D-proof candidates. [82414133435 of 84096054526] (ETC: Wed Jun 10 13:01:55 2026 ; 43 min 48 s 966.59 ms remaining ; 1 d 12 h 30 min 48 s 329.68 ms total)
Wed Jun 10 13:19:12 2026: Iterated 100% of D-proof candidates. [84096054526 of 84096054526] (ETC: Wed Jun 10 13:19:12 2026 ; 0.00 ms remaining ; 1 d 12 h 48 min  5 s 846.81 ms total)
132485951.76 ms (1 d 12 h 48 min 5 s 951.76 ms) taken to collect 5937465 D-proofs of length 149. [iterated 84096054526 condensed detachment proof strings]
Wed Jun 10 13:24:45 2026: Removed ≈  2% of redundant conclusions. [ 115153 of approximately 5757665] (ETC: Wed Jun 10 17:55:29 2026 ; 4 h 30 min 44 s 571.11 ms remaining ; 4 h 36 min 16 s  92.08 ms total)
Wed Jun 10 13:30:19 2026: Removed ≈  4% of redundant conclusions. [ 230306 of approximately 5757665] (ETC: Wed Jun 10 17:56:41 2026 ; 4 h 26 min 21 s 796.23 ms remaining ; 4 h 37 min 27 s 702.60 ms total)
Wed Jun 10 13:35:53 2026: Removed ≈  6% of redundant conclusions. [ 345459 of approximately 5757665] (ETC: Wed Jun 10 17:56:54 2026 ; 4 h 21 min  1 s 649.61 ms remaining ; 4 h 37 min 41 s 326.61 ms total)
Wed Jun 10 13:41:27 2026: Removed ≈  8% of redundant conclusions. [ 460613 of approximately 5757665] (ETC: Wed Jun 10 17:57:09 2026 ; 4 h 15 min 42 s  56.60 ms remaining ; 4 h 37 min 56 s 147.85 ms total)
Wed Jun 10 13:47:02 2026: Removed ≈ 10% of redundant conclusions. [ 575766 of approximately 5757665] (ETC: Wed Jun 10 17:57:23 2026 ; 4 h 10 min 20 s 794.20 ms remaining ; 4 h 38 min  9 s 769.72 ms total)
Wed Jun 10 13:52:35 2026: Removed ≈ 12% of redundant conclusions. [ 690919 of approximately 5757665] (ETC: Wed Jun 10 17:57:19 2026 ; 4 h  4 min 43 s 261.50 ms remaining ; 4 h 38 min  5 s 521.80 ms total)
Wed Jun 10 13:58:05 2026: Removed ≈ 14% of redundant conclusions. [ 806073 of approximately 5757665] (ETC: Wed Jun 10 17:56:48 2026 ; 3 h 58 min 43 s 231.11 ms remaining ; 4 h 37 min 34 s 919.56 ms total)
Wed Jun 10 14:03:37 2026: Removed ≈ 16% of redundant conclusions. [ 921226 of approximately 5757665] (ETC: Wed Jun 10 17:56:44 2026 ; 3 h 53 min  6 s 748.08 ms remaining ; 4 h 37 min 30 s 889.19 ms total)
Wed Jun 10 14:09:08 2026: Removed ≈ 18% of redundant conclusions. [1036379 of approximately 5757665] (ETC: Wed Jun 10 17:56:33 2026 ; 3 h 47 min 25 s  91.76 ms remaining ; 4 h 37 min 20 s 353.34 ms total)
Wed Jun 10 14:14:42 2026: Removed ≈ 20% of redundant conclusions. [1151533 of approximately 5757665] (ETC: Wed Jun 10 17:56:38 2026 ; 3 h 41 min 55 s 515.91 ms remaining ; 4 h 37 min 24 s 394.89 ms total)
Wed Jun 10 14:20:16 2026: Removed ≈ 22% of redundant conclusions. [1266686 of approximately 5757665] (ETC: Wed Jun 10 17:56:41 2026 ; 3 h 36 min 25 s 138.38 ms remaining ; 4 h 37 min 27 s 612.20 ms total)
Wed Jun 10 14:25:47 2026: Removed ≈ 24% of redundant conclusions. [1381839 of approximately 5757665] (ETC: Wed Jun 10 17:56:34 2026 ; 3 h 30 min 47 s  49.51 ms remaining ; 4 h 37 min 20 s 852.34 ms total)
Wed Jun 10 14:31:16 2026: Removed ≈ 26% of redundant conclusions. [1496992 of approximately 5757665] (ETC: Wed Jun 10 17:56:21 2026 ; 3 h 25 min  4 s 718.73 ms remaining ; 4 h 37 min  7 s 994.78 ms total)
Wed Jun 10 14:36:45 2026: Removed ≈ 28% of redundant conclusions. [1612146 of approximately 5757665] (ETC: Wed Jun 10 17:56:06 2026 ; 3 h 19 min 21 s 458.45 ms remaining ; 4 h 36 min 53 s 135.94 ms total)
Wed Jun 10 14:42:18 2026: Removed ≈ 30% of redundant conclusions. [1727299 of approximately 5757665] (ETC: Wed Jun 10 17:56:10 2026 ; 3 h 13 min 52 s 112.80 ms remaining ; 4 h 36 min 57 s 301.94 ms total)
Wed Jun 10 14:47:49 2026: Removed ≈ 32% of redundant conclusions. [1842452 of approximately 5757665] (ETC: Wed Jun 10 17:56:05 2026 ; 3 h  8 min 16 s 158.96 ms remaining ; 4 h 36 min 51 s 995.08 ms total)
Wed Jun 10 14:53:22 2026: Removed ≈ 34% of redundant conclusions. [1957606 of approximately 5757665] (ETC: Wed Jun 10 17:56:06 2026 ; 3 h  2 min 44 s 697.30 ms remaining ; 4 h 36 min 53 s 177.29 ms total)
Wed Jun 10 14:58:54 2026: Removed ≈ 36% of redundant conclusions. [2072759 of approximately 5757665] (ETC: Wed Jun 10 17:56:08 2026 ; 2 h 57 min 13 s 303.42 ms remaining ; 4 h 36 min 54 s 534.80 ms total)
Wed Jun 10 15:04:25 2026: Removed ≈ 38% of redundant conclusions. [2187912 of approximately 5757665] (ETC: Wed Jun 10 17:56:03 2026 ; 2 h 51 min 37 s 872.72 ms remaining ; 4 h 36 min 49 s 468.87 ms total)
Wed Jun 10 15:09:55 2026: Removed ≈ 40% of redundant conclusions. [2303066 of approximately 5757665] (ETC: Wed Jun 10 17:55:59 2026 ; 2 h 46 min  3 s 265.06 ms remaining ; 4 h 36 min 45 s 441.77 ms total)
Wed Jun 10 15:15:24 2026: Removed ≈ 42% of redundant conclusions. [2418219 of approximately 5757665] (ETC: Wed Jun 10 17:55:50 2026 ; 2 h 40 min 26 s  69.08 ms remaining ; 4 h 36 min 36 s 669.34 ms total)
Wed Jun 10 15:20:56 2026: Removed ≈ 44% of redundant conclusions. [2533372 of approximately 5757665] (ETC: Wed Jun 10 17:55:52 2026 ; 2 h 34 min 55 s 110.25 ms remaining ; 4 h 36 min 38 s 408.07 ms total)
Wed Jun 10 15:26:31 2026: Removed ≈ 46% of redundant conclusions. [2648525 of approximately 5757665] (ETC: Wed Jun 10 17:55:57 2026 ; 2 h 29 min 26 s 283.90 ms remaining ; 4 h 36 min 44 s 224.64 ms total)
Wed Jun 10 15:32:05 2026: Removed ≈ 48% of redundant conclusions. [2763679 of approximately 5757665] (ETC: Wed Jun 10 17:56:02 2026 ; 2 h 23 min 56 s 551.52 ms remaining ; 4 h 36 min 48 s 751.81 ms total)
Wed Jun 10 15:37:41 2026: Removed ≈ 50% of redundant conclusions. [2878832 of approximately 5757665] (ETC: Wed Jun 10 17:56:09 2026 ; 2 h 18 min 28 s  34.22 ms remaining ; 4 h 36 min 56 s  65.56 ms total)
Wed Jun 10 15:43:13 2026: Removed ≈ 52% of redundant conclusions. [2993985 of approximately 5757665] (ETC: Wed Jun 10 17:56:08 2026 ; 2 h 12 min 55 s 378.53 ms remaining ; 4 h 36 min 55 s 367.13 ms total)
Wed Jun 10 15:48:42 2026: Removed ≈ 54% of redundant conclusions. [3109139 of approximately 5757665] (ETC: Wed Jun 10 17:56:02 2026 ; 2 h  7 min 20 s 225.46 ms remaining ; 4 h 36 min 49 s 185.16 ms total)
Wed Jun 10 15:54:17 2026: Removed ≈ 56% of redundant conclusions. [3224292 of approximately 5757665] (ETC: Wed Jun 10 17:56:07 2026 ; 2 h  1 min 50 s  95.36 ms remaining ; 4 h 36 min 53 s 850.48 ms total)
Wed Jun 10 15:59:48 2026: Removed ≈ 58% of redundant conclusions. [3339445 of approximately 5757665] (ETC: Wed Jun 10 17:56:04 2026 ; 1 h 56 min 16 s 669.06 ms remaining ; 4 h 36 min 51 s 112.00 ms total)
Wed Jun 10 16:05:20 2026: Removed ≈ 60% of redundant conclusions. [3454599 of approximately 5757665] (ETC: Wed Jun 10 17:56:05 2026 ; 1 h 50 min 44 s 763.48 ms remaining ; 4 h 36 min 51 s 908.71 ms total)
Wed Jun 10 16:10:55 2026: Removed ≈ 62% of redundant conclusions. [3569752 of approximately 5757665] (ETC: Wed Jun 10 17:56:10 2026 ; 1 h 45 min 14 s 254.82 ms remaining ; 4 h 36 min 56 s 457.78 ms total)
Wed Jun 10 16:16:29 2026: Removed ≈ 64% of redundant conclusions. [3684905 of approximately 5757665] (ETC: Wed Jun 10 17:56:11 2026 ; 1 h 39 min 42 s 534.53 ms remaining ; 4 h 36 min 58 s 146.65 ms total)
Wed Jun 10 16:21:59 2026: Removed ≈ 66% of redundant conclusions. [3800058 of approximately 5757665] (ETC: Wed Jun 10 17:56:08 2026 ; 1 h 34 min  9 s  20.95 ms remaining ; 4 h 36 min 54 s 759.85 ms total)
Wed Jun 10 16:27:35 2026: Removed ≈ 68% of redundant conclusions. [3915212 of approximately 5757665] (ETC: Wed Jun 10 17:56:14 2026 ; 1 h 28 min 38 s 654.92 ms remaining ; 4 h 37 min      794.84 ms total)
Wed Jun 10 16:33:07 2026: Removed ≈ 70% of redundant conclusions. [4030365 of approximately 5757665] (ETC: Wed Jun 10 17:56:13 2026 ; 1 h 23 min  5 s 887.14 ms remaining ; 4 h 36 min 59 s 619.01 ms total)
Wed Jun 10 16:38:39 2026: Removed ≈ 72% of redundant conclusions. [4145518 of approximately 5757665] (ETC: Wed Jun 10 17:56:13 2026 ; 1 h 17 min 33 s 450.89 ms remaining ; 4 h 36 min 59 s 459.22 ms total)
Wed Jun 10 16:44:15 2026: Removed ≈ 74% of redundant conclusions. [4260672 of approximately 5757665] (ETC: Wed Jun 10 17:56:17 2026 ; 1 h 12 min  2 s 274.26 ms remaining ; 4 h 37 min  4 s 130.65 ms total)
Wed Jun 10 16:49:48 2026: Removed ≈ 76% of redundant conclusions. [4375825 of approximately 5757665] (ETC: Wed Jun 10 17:56:18 2026 ; 1 h  6 min 30 s  69.68 ms remaining ; 4 h 37 min  5 s 285.53 ms total)
Wed Jun 10 16:55:22 2026: Removed ≈ 78% of redundant conclusions. [4490978 of approximately 5757665] (ETC: Wed Jun 10 17:56:20 2026 ; 1 h        57 s 980.86 ms remaining ; 4 h 37 min  7 s 176.55 ms total)
Wed Jun 10 17:00:55 2026: Removed ≈ 80% of redundant conclusions. [4606132 of approximately 5757665] (ETC: Wed Jun 10 17:56:20 2026 ; 55 min 25 s 420.49 ms remaining ; 4 h 37 min  7 s 102.46 ms total)
Wed Jun 10 17:06:21 2026: Removed ≈ 82% of redundant conclusions. [4721285 of approximately 5757665] (ETC: Wed Jun 10 17:56:12 2026 ; 49 min 51 s 433.72 ms remaining ; 4 h 36 min 59 s  71.41 ms total)
Wed Jun 10 17:11:54 2026: Removed ≈ 84% of redundant conclusions. [4836438 of approximately 5757665] (ETC: Wed Jun 10 17:56:13 2026 ; 44 min 19 s 196.11 ms remaining ; 4 h 36 min 59 s 964.88 ms total)
Wed Jun 10 17:17:17 2026: Removed ≈ 86% of redundant conclusions. [4951591 of approximately 5757665] (ETC: Wed Jun 10 17:56:02 2026 ; 38 min 45 s 239.14 ms remaining ; 4 h 36 min 48 s 832.44 ms total)
Wed Jun 10 17:22:49 2026: Removed ≈ 88% of redundant conclusions. [5066745 of approximately 5757665] (ETC: Wed Jun 10 17:56:02 2026 ; 33 min 13 s  17.58 ms remaining ; 4 h 36 min 48 s 475.00 ms total)
Wed Jun 10 17:28:21 2026: Removed ≈ 90% of redundant conclusions. [5181898 of approximately 5757665] (ETC: Wed Jun 10 17:56:02 2026 ; 27 min 40 s 921.12 ms remaining ; 4 h 36 min 49 s 196.79 ms total)
Wed Jun 10 17:33:51 2026: Removed ≈ 92% of redundant conclusions. [5297051 of approximately 5757665] (ETC: Wed Jun 10 17:55:59 2026 ; 22 min  8 s 497.50 ms remaining ; 4 h 36 min 46 s 189.95 ms total)
Wed Jun 10 17:39:24 2026: Removed ≈ 94% of redundant conclusions. [5412205 of approximately 5757665] (ETC: Wed Jun 10 17:56:01 2026 ; 16 min 36 s 447.91 ms remaining ; 4 h 36 min 47 s 460.43 ms total)
Wed Jun 10 17:44:54 2026: Removed ≈ 96% of redundant conclusions. [5527358 of approximately 5757665] (ETC: Wed Jun 10 17:55:58 2026 ; 11 min  4 s 189.36 ms remaining ; 4 h 36 min 44 s 705.18 ms total)
Wed Jun 10 17:50:25 2026: Removed ≈ 98% of redundant conclusions. [5642511 of approximately 5757665] (ETC: Wed Jun 10 17:55:57 2026 ; 5 min 32 s  78.39 ms remaining ; 4 h 36 min 43 s 818.78 ms total)
16620525.28 ms (4 h 37 min 525.28 ms) taken to detect 5748476 conclusions for which there are more general variants proven in lower or equal amounts of steps.
[Copy] Custom removal counts: { { 85, 1499825 }, { 87, 2786232 }, { 89, 3634065 }, { 91, 3798684 }, { 93, 4465398 }, { 95, 1670741 }, { 97, 2009999 }, { 99, 2425983 }, { 101, 2891405 }, { 103, 3465286 }, { 105, 4104411 }, { 107, 4768017 }, { 109, 5527052 }, { 111, 6463551 }, { 113, 885395 }, { 115, 996439 }, { 117, 1107887 }, { 119, 1237637 }, { 121, 1388881 }, { 123, 1545209 }, { 125, 1710877 }, { 127, 1908147 }, { 129, 2120841 }, { 131, 2348056 }, { 133, 2608261 }, { 135, 2893623 }, { 137, 3201462 }, { 139, 3518601 }, { 141, 3886722 }, { 143, 4294518 }, { 145, 4731709 }, { 147, 5219540 }, { 149, 5748476 } }
1309.72 ms (1 s 309.72 ms) taken to filter and order new representative proofs.
Found 188989 representative, 26312459554 redundant, and 57783405983 invalid condensed detachment proof strings.
lengths up to 149 ; amounts per length: {(1,1), (3,1), (5,1), (7,3), (9,8), (11,14), (13,21), (15,30), (17,38), (19,59), (21,87), (23,108), (25,157), (27,185), (29,249), (31,327), (33,422), (35,561), (37,673), (39,924), (41,1159), (43,1503), (45,1876), (47,2441), (49,3049), (51,3943), (53,4947), (55,6309), (57,7991), (59,10033), (61,12799), (63,16331), (65,20563), (67,26742), (69,33603), (71,42831), (73,54140), (75,68100), (77,86149), (79,105763), (81,131511), (83,160674), (85,196091), (87,238828), (89,285765), (91,344834), (93,409861), (95,319708), (97,312130), (99,370079), (101,462853), (103,568419), (105,691826), (107,816151), (109,935689), (111,1025073), (113,59519), (115,56002), (117,58978), (119,62472), (121,67531), (123,76343), (125,83907), (127,88161), (129,93944), (131,99340), (133,105032), (135,118515), (137,127207), (139,136161), (141,146392), (143,156483), (145,166841), (147,178381), (149,188989)} ; 188989 new representative proofs (26312459554 redundant, 57783405983 invalid)
Wed Jun 10 17:56:14 2026: Starting to write 188989 entries to data/97553789db1645226627da044ed0a2e6a9cfd5963d66a8a44e121146/extraction-l40l30/dProofs-withConclusions/dProofs149.txt.
110.71 ms taken to print and save 35230445 bytes of representative condensed detachment proof strings to data/97553789db1645226627da044ed0a2e6a9cfd5963d66a8a44e121146/extraction-l40l30/dProofs-withConclusions/dProofs149.txt.
Determined the number of proof string candidates for iteration as 102255488262. [most relevant: {73,77} with 2*4664106860 = 9328213720, i.e. ≈9.12%]
Estimated removal count set to 6331013, based on entry 149:5748476 and last known pair (147:5219540, 149:5748476) with 5748476/5219540 ≈ 1.10134 and 5748476 * (5748476/5219540)^1 ≈ 6331013.14.
Wed Jun 10 17:56:15 2026: Starting to generate D-proof representatives of length 151.
Wed Jun 10 18:44:52 2026: Iterated ≈ 2% of D-proof candidates. [  2045109765 of 102255488262] (ETC: Fri Jun 12 10:27:45 2026 ; 1 d 15 h 42 min 52 s 963.73 ms remaining ; 1 d 16 h 31 min 30 s 779.32 ms total)
Wed Jun 10 19:44:53 2026: Iterated ≈ 4% of D-proof candidates. [  4090219530 of 102255488262] (ETC: Fri Jun 12 15:12:16 2026 ; 1 d 19 h 27 min 22 s 767.62 ms remaining ; 1 d 21 h 16 min  1 s 216.27 ms total)
Wed Jun 10 20:41:55 2026: Iterated ≈ 6% of D-proof candidates. [  6135329295 of 102255488262] (ETC: Fri Jun 12 15:57:33 2026 ; 1 d 19 h 15 min 37 s 277.51 ms remaining ; 1 d 22 h  1 min 17 s 954.80 ms total)
Wed Jun 10 21:40:42 2026: Iterated ≈ 8% of D-proof candidates. [  8180439060 of 102255488262] (ETC: Fri Jun 12 16:41:54 2026 ; 1 d 19 h  1 min 12 s 275.78 ms remaining ; 1 d 22 h 45 min 39 s 430.19 ms total)
Wed Jun 10 22:38:51 2026: Iterated ≈10% of D-proof candidates. [ 10225548826 of 102255488262] (ETC: Fri Jun 12 17:02:20 2026 ; 1 d 18 h 23 min 29 s  37.02 ms remaining ; 1 d 23 h  6 min  5 s 596.68 ms total)
Wed Jun 10 23:36:24 2026: Iterated ≈12% of D-proof candidates. [ 12270658591 of 102255488262] (ETC: Fri Jun 12 17:10:54 2026 ; 1 d 17 h 34 min 29 s 901.63 ms remaining ; 1 d 23 h 14 min 39 s 433.66 ms total)
Thu Jun 11 00:29:29 2026: Iterated ≈14% of D-proof candidates. [ 14315768356 of 102255488262] (ETC: Fri Jun 12 16:45:10 2026 ; 1 d 16 h 15 min 40 s  62.21 ms remaining ; 1 d 22 h 48 min 54 s 956.06 ms total)
Thu Jun 11 01:19:42 2026: Iterated ≈16% of D-proof candidates. [ 16360878121 of 102255488262] (ETC: Fri Jun 12 16:07:51 2026 ; 1 d 14 h 48 min  9 s  60.97 ms remaining ; 1 d 22 h 11 min 36 s 501.15 ms total)
Thu Jun 11 02:14:00 2026: Iterated ≈18% of D-proof candidates. [ 18405987887 of 102255488262] (ETC: Fri Jun 12 16:01:35 2026 ; 1 d 13 h 47 min 34 s 435.74 ms remaining ; 1 d 22 h  5 min 20 s  43.58 ms total)
Thu Jun 11 03:05:01 2026: Iterated ≈20% of D-proof candidates. [ 20451097652 of 102255488262] (ETC: Fri Jun 12 15:40:05 2026 ; 1 d 12 h 35 min  3 s 980.33 ms remaining ; 1 d 21 h 43 min 49 s 975.41 ms total)
Thu Jun 11 03:53:40 2026: Iterated ≈22% of D-proof candidates. [ 22496207417 of 102255488262] (ETC: Fri Jun 12 15:11:48 2026 ; 1 d 11 h 18 min  7 s 827.71 ms remaining ; 1 d 21 h 15 min 33 s 112.45 ms total)
Thu Jun 11 04:45:27 2026: Iterated ≈24% of D-proof candidates. [ 24541317182 of 102255488262] (ETC: Fri Jun 12 15:01:18 2026 ; 1 d 10 h 15 min 50 s 294.89 ms remaining ; 1 d 21 h  5 min  3 s  19.59 ms total)
Thu Jun 11 05:33:20 2026: Iterated ≈26% of D-proof candidates. [ 26586426948 of 102255488262] (ETC: Fri Jun 12 14:37:21 2026 ; 1 d  9 h  4 min      865.59 ms remaining ; 1 d 20 h 41 min  6 s  34.58 ms total)
Thu Jun 11 06:23:18 2026: Iterated ≈28% of D-proof candidates. [ 28631536713 of 102255488262] (ETC: Fri Jun 12 14:24:20 2026 ; 1 d  8 h  1 min  1 s 162.95 ms remaining ; 1 d 20 h 28 min  4 s 948.54 ms total)
Thu Jun 11 07:11:39 2026: Iterated ≈30% of D-proof candidates. [ 30676646478 of 102255488262] (ETC: Fri Jun 12 14:07:35 2026 ; 1 d  6 h 55 min 56 s 199.60 ms remaining ; 1 d 20 h 11 min 20 s 285.14 ms total)
Thu Jun 11 07:59:36 2026: Iterated ≈32% of D-proof candidates. [ 32721756243 of 102255488262] (ETC: Fri Jun 12 13:51:45 2026 ; 1 d  5 h 52 min  8 s 864.39 ms remaining ; 1 d 19 h 55 min 30 s 682.93 ms total)
Thu Jun 11 08:48:47 2026: Iterated ≈34% of D-proof candidates. [ 34766866009 of 102255488262] (ETC: Fri Jun 12 13:41:21 2026 ; 1 d  4 h 52 min 33 s 972.34 ms remaining ; 1 d 19 h 45 min  6 s  18.70 ms total)
Thu Jun 11 09:36:43 2026: Iterated ≈36% of D-proof candidates. [ 36811975774 of 102255488262] (ETC: Fri Jun 12 13:28:40 2026 ; 1 d  3 h 51 min 56 s 896.12 ms remaining ; 1 d 19 h 32 min 25 s 150.18 ms total)
Thu Jun 11 10:32:47 2026: Iterated ≈38% of D-proof candidates. [ 38857085539 of 102255488262] (ETC: Fri Jun 12 13:38:43 2026 ; 1 d  3 h  5 min 55 s 735.57 ms remaining ; 1 d 19 h 42 min 27 s 960.59 ms total)
Thu Jun 11 11:21:33 2026: Iterated ≈40% of D-proof candidates. [ 40902195304 of 102255488262] (ETC: Fri Jun 12 13:29:30 2026 ; 1 d  2 h  7 min 57 s 142.43 ms remaining ; 1 d 19 h 33 min 15 s 237.38 ms total)
Thu Jun 11 12:11:14 2026: Iterated ≈42% of D-proof candidates. [ 42947305070 of 102255488262] (ETC: Fri Jun 12 13:23:21 2026 ; 1 d  1 h 12 min  7 s 453.28 ms remaining ; 1 d 19 h 27 min  6 s 643.58 ms total)
Thu Jun 11 13:00:05 2026: Iterated ≈44% of D-proof candidates. [ 44992414835 of 102255488262] (ETC: Fri Jun 12 13:15:53 2026 ; 1 d      15 min 47 s 777.03 ms remaining ; 1 d 19 h 19 min 38 s 173.26 ms total)
Thu Jun 11 13:52:03 2026: Iterated ≈46% of D-proof candidates. [ 47037524600 of 102255488262] (ETC: Fri Jun 12 13:15:49 2026 ; 23 h 23 min 46 s  41.77 ms remaining ; 1 d 19 h 19 min 34 s 151.43 ms total)
Thu Jun 11 14:41:02 2026: Iterated ≈48% of D-proof candidates. [ 49082634365 of 102255488262] (ETC: Fri Jun 12 13:09:33 2026 ; 22 h 28 min 30 s 929.17 ms remaining ; 1 d 19 h 13 min 17 s 940.70 ms total)
Thu Jun 11 15:30:19 2026: Iterated ≈50% of D-proof candidates. [ 51127744131 of 102255488262] (ETC: Fri Jun 12 13:04:23 2026 ; 21 h 34 min  4 s  64.50 ms remaining ; 1 d 19 h  8 min  8 s 129.00 ms total)
Thu Jun 11 16:18:16 2026: Iterated ≈52% of D-proof candidates. [ 53172853896 of 102255488262] (ETC: Fri Jun 12 12:57:03 2026 ; 20 h 38 min 47 s  21.37 ms remaining ; 1 d 19 h        47 s 961.18 ms total)
Thu Jun 11 17:08:39 2026: Iterated ≈54% of D-proof candidates. [ 55217963661 of 102255488262] (ETC: Fri Jun 12 12:54:46 2026 ; 19 h 46 min  7 s 345.12 ms remaining ; 1 d 18 h 58 min 31 s 619.82 ms total)
Thu Jun 11 17:57:48 2026: Iterated ≈56% of D-proof candidates. [ 57263073426 of 102255488262] (ETC: Fri Jun 12 12:50:26 2026 ; 18 h 52 min 38 s 817.43 ms remaining ; 1 d 18 h 54 min 11 s 857.80 ms total)
Thu Jun 11 18:48:49 2026: Iterated ≈58% of D-proof candidates. [ 59308183191 of 102255488262] (ETC: Fri Jun 12 12:49:39 2026 ; 18 h        49 s 665.60 ms remaining ; 1 d 18 h 53 min 23 s 965.70 ms total)
Thu Jun 11 19:38:46 2026: Iterated ≈60% of D-proof candidates. [ 61353292957 of 102255488262] (ETC: Fri Jun 12 12:47:07 2026 ; 17 h  8 min 20 s 896.00 ms remaining ; 1 d 18 h 50 min 52 s 240.00 ms total)
Thu Jun 11 20:25:35 2026: Iterated ≈62% of D-proof candidates. [ 63398402722 of 102255488262] (ETC: Fri Jun 12 12:39:42 2026 ; 16 h 14 min  6 s 834.67 ms remaining ; 1 d 18 h 43 min 27 s 459.66 ms total)
Thu Jun 11 21:16:24 2026: Iterated ≈64% of D-proof candidates. [ 65443512487 of 102255488262] (ETC: Fri Jun 12 12:38:59 2026 ; 15 h 22 min 35 s 310.11 ms remaining ; 1 d 18 h 42 min 44 s 750.30 ms total)
Thu Jun 11 22:08:36 2026: Iterated ≈66% of D-proof candidates. [ 67488622252 of 102255488262] (ETC: Fri Jun 12 12:40:25 2026 ; 14 h 31 min 49 s  77.87 ms remaining ; 1 d 18 h 44 min 10 s 229.03 ms total)
Thu Jun 11 23:01:26 2026: Iterated ≈68% of D-proof candidates. [ 69533732018 of 102255488262] (ETC: Fri Jun 12 12:42:42 2026 ; 13 h 41 min 15 s 888.29 ms remaining ; 1 d 18 h 46 min 27 s 150.92 ms total)
Thu Jun 11 23:49:40 2026: Iterated ≈70% of D-proof candidates. [ 71578841783 of 102255488262] (ETC: Fri Jun 12 12:38:17 2026 ; 12 h 48 min 36 s 767.48 ms remaining ; 1 d 18 h 42 min  2 s 558.25 ms total)
Fri Jun 12 00:41:06 2026: Iterated ≈72% of D-proof candidates. [ 73623951548 of 102255488262] (ETC: Fri Jun 12 12:38:32 2026 ; 11 h 57 min 26 s 487.22 ms remaining ; 1 d 18 h 42 min 17 s 454.34 ms total)
Fri Jun 12 01:28:52 2026: Iterated ≈74% of D-proof candidates. [ 75669061313 of 102255488262] (ETC: Fri Jun 12 12:33:51 2026 ; 11 h  4 min 58 s 639.89 ms remaining ; 1 d 18 h 37 min 36 s 307.27 ms total)
Fri Jun 12 02:22:07 2026: Iterated ≈76% of D-proof candidates. [ 77714171079 of 102255488262] (ETC: Fri Jun 12 12:36:37 2026 ; 10 h 14 min 29 s 294.10 ms remaining ; 1 d 18 h 40 min 22 s  58.77 ms total)
Fri Jun 12 03:10:37 2026: Iterated ≈78% of D-proof candidates. [ 79759280844 of 102255488262] (ETC: Fri Jun 12 12:33:08 2026 ; 9 h 22 min 30 s 889.40 ms remaining ; 1 d 18 h 36 min 53 s 133.66 ms total)
Fri Jun 12 04:01:44 2026: Iterated ≈80% of D-proof candidates. [ 81804390609 of 102255488262] (ETC: Fri Jun 12 12:33:07 2026 ; 8 h 31 min 22 s 432.36 ms remaining ; 1 d 18 h 36 min 52 s 161.79 ms total)
Fri Jun 12 04:50:36 2026: Iterated ≈82% of D-proof candidates. [ 83849500374 of 102255488262] (ETC: Fri Jun 12 12:30:20 2026 ; 7 h 39 min 44 s 247.82 ms remaining ; 1 d 18 h 34 min  5 s 821.21 ms total)
Fri Jun 12 05:44:04 2026: Iterated ≈84% of D-proof candidates. [ 85894610140 of 102255488262] (ETC: Fri Jun 12 12:33:11 2026 ; 6 h 49 min  6 s 622.65 ms remaining ; 1 d 18 h 36 min 56 s 391.56 ms total)
Fri Jun 12 06:34:45 2026: Iterated ≈86% of D-proof candidates. [ 87939719905 of 102255488262] (ETC: Fri Jun 12 12:32:39 2026 ; 5 h 57 min 53 s 857.69 ms remaining ; 1 d 18 h 36 min 24 s 697.81 ms total)
Fri Jun 12 07:23:58 2026: Iterated ≈88% of D-proof candidates. [ 89984829670 of 102255488262] (ETC: Fri Jun 12 12:30:28 2026 ; 5 h  6 min 30 s 407.24 ms remaining ; 1 d 18 h 34 min 13 s 393.63 ms total)
Fri Jun 12 08:13:55 2026: Iterated ≈90% of D-proof candidates. [ 92029939435 of 102255488262] (ETC: Fri Jun 12 12:29:12 2026 ; 4 h 15 min 17 s 777.67 ms remaining ; 1 d 18 h 32 min 57 s 776.70 ms total)
Fri Jun 12 09:03:38 2026: Iterated ≈92% of D-proof candidates. [ 94075049201 of 102255488262] (ETC: Fri Jun 12 12:27:45 2026 ; 3 h 24 min  7 s 256.33 ms remaining ; 1 d 18 h 31 min 30 s 704.18 ms total)
Fri Jun 12 09:55:58 2026: Iterated ≈94% of D-proof candidates. [ 96120158966 of 102255488262] (ETC: Fri Jun 12 12:29:09 2026 ; 2 h 33 min 10 s 458.73 ms remaining ; 1 d 18 h 32 min 54 s 312.20 ms total)
Fri Jun 12 10:47:23 2026: Iterated ≈96% of D-proof candidates. [ 98165268731 of 102255488262] (ETC: Fri Jun 12 12:29:30 2026 ; 1 h 42 min  7 s 835.14 ms remaining ; 1 d 18 h 33 min 15 s 878.50 ms total)
Fri Jun 12 11:37:34 2026: Iterated ≈98% of D-proof candidates. [100210378496 of 102255488262] (ETC: Fri Jun 12 12:28:37 2026 ; 51 min  2 s 851.36 ms remaining ; 1 d 18 h 32 min 22 s 567.70 ms total)
Fri Jun 12 12:29:32 2026: Iterated 100% of D-proof candidates. [102255488262 of 102255488262] (ETC: Fri Jun 12 12:29:32 2026 ; 0.00 ms remaining ; 1 d 18 h 33 min 17 s 722.41 ms total)
153197850.15 ms (1 d 18 h 33 min 17 s 850.15 ms) taken to collect 6521807 D-proofs of length 151. [iterated 102255488262 condensed detachment proof strings]
Fri Jun 12 12:35:20 2026: Removed ≈  2% of redundant conclusions. [ 126620 of approximately 6331013] (ETC: Fri Jun 12 17:18:52 2026 ; 4 h 43 min 32 s  12.45 ms remaining ; 4 h 49 min 19 s 195.65 ms total)
Fri Jun 12 12:41:15 2026: Removed ≈  4% of redundant conclusions. [ 253240 of approximately 6331013] (ETC: Fri Jun 12 17:21:59 2026 ; 4 h 40 min 43 s 885.11 ms remaining ; 4 h 52 min 25 s 712.15 ms total)
Fri Jun 12 12:47:13 2026: Removed ≈  6% of redundant conclusions. [ 379860 of approximately 6331013] (ETC: Fri Jun 12 17:23:54 2026 ; 4 h 36 min 41 s 719.57 ms remaining ; 4 h 54 min 21 s 401.48 ms total)
Fri Jun 12 12:53:01 2026: Removed ≈  8% of redundant conclusions. [ 506481 of approximately 6331013] (ETC: Fri Jun 12 17:22:58 2026 ; 4 h 29 min 56 s 927.82 ms remaining ; 4 h 53 min 25 s 356.20 ms total)
Fri Jun 12 12:58:52 2026: Removed ≈ 10% of redundant conclusions. [ 633101 of approximately 6331013] (ETC: Fri Jun 12 17:22:43 2026 ; 4 h 23 min 50 s 863.63 ms remaining ; 4 h 53 min  9 s 847.56 ms total)
Fri Jun 12 13:04:49 2026: Removed ≈ 12% of redundant conclusions. [ 759721 of approximately 6331013] (ETC: Fri Jun 12 17:23:27 2026 ; 4 h 18 min 38 s 247.54 ms remaining ; 4 h 53 min 54 s 370.43 ms total)
Fri Jun 12 13:10:43 2026: Removed ≈ 14% of redundant conclusions. [ 886341 of approximately 6331013] (ETC: Fri Jun 12 17:23:35 2026 ; 4 h 12 min 52 s  68.46 ms remaining ; 4 h 54 min  1 s 937.41 ms total)
Fri Jun 12 13:16:40 2026: Removed ≈ 16% of redundant conclusions. [1012962 of approximately 6331013] (ETC: Fri Jun 12 17:24:01 2026 ; 4 h  7 min 21 s 445.47 ms remaining ; 4 h 54 min 28 s 387.20 ms total)
Fri Jun 12 13:22:39 2026: Removed ≈ 18% of redundant conclusions. [1139582 of approximately 6331013] (ETC: Fri Jun 12 17:24:31 2026 ; 4 h  1 min 52 s 711.51 ms remaining ; 4 h 54 min 58 s 427.51 ms total)
Fri Jun 12 13:28:33 2026: Removed ≈ 20% of redundant conclusions. [1266202 of approximately 6331013] (ETC: Fri Jun 12 17:24:31 2026 ; 3 h 55 min 58 s 642.87 ms remaining ; 4 h 54 min 58 s 301.50 ms total)
Fri Jun 12 13:34:30 2026: Removed ≈ 22% of redundant conclusions. [1392822 of approximately 6331013] (ETC: Fri Jun 12 17:24:45 2026 ; 3 h 50 min 15 s 713.04 ms remaining ; 4 h 55 min 12 s 449.53 ms total)
Fri Jun 12 13:40:22 2026: Removed ≈ 24% of redundant conclusions. [1519443 of approximately 6331013] (ETC: Fri Jun 12 17:24:38 2026 ; 3 h 44 min 16 s 226.57 ms remaining ; 4 h 55 min  5 s 560.84 ms total)
Fri Jun 12 13:46:19 2026: Removed ≈ 26% of redundant conclusions. [1646063 of approximately 6331013] (ETC: Fri Jun 12 17:24:49 2026 ; 3 h 38 min 29 s 632.64 ms remaining ; 4 h 55 min 15 s 718.34 ms total)
Fri Jun 12 13:52:13 2026: Removed ≈ 28% of redundant conclusions. [1772683 of approximately 6331013] (ETC: Fri Jun 12 17:24:48 2026 ; 3 h 32 min 34 s 807.59 ms remaining ; 4 h 55 min 15 s   8.06 ms total)
Fri Jun 12 13:58:08 2026: Removed ≈ 30% of redundant conclusions. [1899303 of approximately 6331013] (ETC: Fri Jun 12 17:24:51 2026 ; 3 h 26 min 42 s 777.04 ms remaining ; 4 h 55 min 18 s 249.31 ms total)
Fri Jun 12 14:04:04 2026: Removed ≈ 32% of redundant conclusions. [2025924 of approximately 6331013] (ETC: Fri Jun 12 17:24:56 2026 ; 3 h 20 min 51 s 678.04 ms remaining ; 4 h 55 min 23 s  55.28 ms total)
Fri Jun 12 14:10:01 2026: Removed ≈ 34% of redundant conclusions. [2152544 of approximately 6331013] (ETC: Fri Jun 12 17:25:02 2026 ; 3 h 15 min  1 s 512.87 ms remaining ; 4 h 55 min 29 s 563.17 ms total)
Fri Jun 12 14:16:00 2026: Removed ≈ 36% of redundant conclusions. [2279164 of approximately 6331013] (ETC: Fri Jun 12 17:25:14 2026 ; 3 h  9 min 14 s  58.34 ms remaining ; 4 h 55 min 40 s 713.18 ms total)
Fri Jun 12 14:21:57 2026: Removed ≈ 38% of redundant conclusions. [2405784 of approximately 6331013] (ETC: Fri Jun 12 17:25:20 2026 ; 3 h  3 min 22 s 947.72 ms remaining ; 4 h 55 min 46 s 685.63 ms total)
Fri Jun 12 14:27:51 2026: Removed ≈ 40% of redundant conclusions. [2532405 of approximately 6331013] (ETC: Fri Jun 12 17:25:19 2026 ; 2 h 57 min 27 s 698.65 ms remaining ; 4 h 55 min 46 s 163.48 ms total)
Fri Jun 12 14:33:46 2026: Removed ≈ 42% of redundant conclusions. [2659025 of approximately 6331013] (ETC: Fri Jun 12 17:25:18 2026 ; 2 h 51 min 32 s 320.17 ms remaining ; 4 h 55 min 45 s 377.37 ms total)
Fri Jun 12 14:39:38 2026: Removed ≈ 44% of redundant conclusions. [2785645 of approximately 6331013] (ETC: Fri Jun 12 17:25:13 2026 ; 2 h 45 min 34 s 404.65 ms remaining ; 4 h 55 min 40 s   4.70 ms total)
Fri Jun 12 14:45:40 2026: Removed ≈ 46% of redundant conclusions. [2912265 of approximately 6331013] (ETC: Fri Jun 12 17:25:27 2026 ; 2 h 39 min 47 s 261.32 ms remaining ; 4 h 55 min 54 s 182.55 ms total)
Fri Jun 12 14:51:35 2026: Removed ≈ 48% of redundant conclusions. [3038886 of approximately 6331013] (ETC: Fri Jun 12 17:25:28 2026 ; 2 h 33 min 52 s 783.31 ms remaining ; 4 h 55 min 55 s 351.22 ms total)
Fri Jun 12 14:57:29 2026: Removed ≈ 50% of redundant conclusions. [3165506 of approximately 6331013] (ETC: Fri Jun 12 17:25:24 2026 ; 2 h 27 min 55 s 795.37 ms remaining ; 4 h 55 min 51 s 587.93 ms total)
Fri Jun 12 15:03:27 2026: Removed ≈ 52% of redundant conclusions. [3292126 of approximately 6331013] (ETC: Fri Jun 12 17:25:32 2026 ; 2 h 22 min  4 s 144.56 ms remaining ; 4 h 55 min 58 s 630.06 ms total)
Fri Jun 12 15:09:25 2026: Removed ≈ 54% of redundant conclusions. [3418747 of approximately 6331013] (ETC: Fri Jun 12 17:25:37 2026 ; 2 h 16 min 11 s 324.26 ms remaining ; 4 h 56 min  3 s 748.26 ms total)
Fri Jun 12 15:15:19 2026: Removed ≈ 56% of redundant conclusions. [3545367 of approximately 6331013] (ETC: Fri Jun 12 17:25:34 2026 ; 2 h 10 min 15 s  58.54 ms remaining ; 4 h 56 min  1 s 494.90 ms total)
Fri Jun 12 15:21:21 2026: Removed ≈ 58% of redundant conclusions. [3671987 of approximately 6331013] (ETC: Fri Jun 12 17:25:45 2026 ; 2 h  4 min 24 s 191.65 ms remaining ; 4 h 56 min 11 s 881.27 ms total)
Fri Jun 12 15:27:18 2026: Removed ≈ 60% of redundant conclusions. [3798607 of approximately 6331013] (ETC: Fri Jun 12 17:25:49 2026 ; 1 h 58 min 30 s 326.76 ms remaining ; 4 h 56 min 15 s 811.29 ms total)
Fri Jun 12 15:33:23 2026: Removed ≈ 62% of redundant conclusions. [3925228 of approximately 6331013] (ETC: Fri Jun 12 17:26:03 2026 ; 1 h 52 min 40 s 181.30 ms remaining ; 4 h 56 min 29 s 950.34 ms total)
Fri Jun 12 15:39:16 2026: Removed ≈ 64% of redundant conclusions. [4051848 of approximately 6331013] (ETC: Fri Jun 12 17:25:59 2026 ; 1 h 46 min 43 s  31.79 ms remaining ; 4 h 56 min 26 s 196.92 ms total)
Fri Jun 12 15:45:10 2026: Removed ≈ 66% of redundant conclusions. [4178468 of approximately 6331013] (ETC: Fri Jun 12 17:25:57 2026 ; 1 h 40 min 46 s 515.69 ms remaining ; 4 h 56 min 23 s 864.88 ms total)
Fri Jun 12 15:51:07 2026: Removed ≈ 68% of redundant conclusions. [4305088 of approximately 6331013] (ETC: Fri Jun 12 17:25:58 2026 ; 1 h 34 min 51 s 223.44 ms remaining ; 4 h 56 min 25 s  65.87 ms total)
Fri Jun 12 15:56:58 2026: Removed ≈ 70% of redundant conclusions. [4431709 of approximately 6331013] (ETC: Fri Jun 12 17:25:52 2026 ; 1 h 28 min 53 s 813.45 ms remaining ; 4 h 56 min 19 s 377.25 ms total)
Fri Jun 12 16:02:54 2026: Removed ≈ 72% of redundant conclusions. [4558329 of approximately 6331013] (ETC: Fri Jun 12 17:25:52 2026 ; 1 h 22 min 58 s 160.93 ms remaining ; 4 h 56 min 19 s 142.57 ms total)
Fri Jun 12 16:08:52 2026: Removed ≈ 74% of redundant conclusions. [4684949 of approximately 6331013] (ETC: Fri Jun 12 17:25:56 2026 ; 1 h 17 min  3 s 521.10 ms remaining ; 4 h 56 min 22 s 766.76 ms total)
Fri Jun 12 16:14:50 2026: Removed ≈ 76% of redundant conclusions. [4811569 of approximately 6331013] (ETC: Fri Jun 12 17:25:59 2026 ; 1 h 11 min  8 s 624.01 ms remaining ; 4 h 56 min 25 s 923.06 ms total)
Fri Jun 12 16:20:43 2026: Removed ≈ 78% of redundant conclusions. [4938190 of approximately 6331013] (ETC: Fri Jun 12 17:25:55 2026 ; 1 h  5 min 12 s  97.02 ms remaining ; 4 h 56 min 22 s 257.40 ms total)
Fri Jun 12 16:26:38 2026: Removed ≈ 80% of redundant conclusions. [5064810 of approximately 6331013] (ETC: Fri Jun 12 17:25:54 2026 ; 59 min 16 s 299.03 ms remaining ; 4 h 56 min 21 s 489.51 ms total)
Fri Jun 12 16:32:34 2026: Removed ≈ 82% of redundant conclusions. [5191430 of approximately 6331013] (ETC: Fri Jun 12 17:25:54 2026 ; 53 min 20 s 686.92 ms remaining ; 4 h 56 min 21 s 583.70 ms total)
Fri Jun 12 16:38:27 2026: Removed ≈ 84% of redundant conclusions. [5318050 of approximately 6331013] (ETC: Fri Jun 12 17:25:51 2026 ; 47 min 24 s 522.55 ms remaining ; 4 h 56 min 18 s 249.77 ms total)
Fri Jun 12 16:44:27 2026: Removed ≈ 86% of redundant conclusions. [5444671 of approximately 6331013] (ETC: Fri Jun 12 17:25:57 2026 ; 41 min 29 s 777.16 ms remaining ; 4 h 56 min 24 s 118.97 ms total)
Fri Jun 12 16:50:24 2026: Removed ≈ 88% of redundant conclusions. [5571291 of approximately 6331013] (ETC: Fri Jun 12 17:25:59 2026 ; 35 min 34 s 286.11 ms remaining ; 4 h 56 min 25 s 707.25 ms total)
Fri Jun 12 16:56:18 2026: Removed ≈ 90% of redundant conclusions. [5697911 of approximately 6331013] (ETC: Fri Jun 12 17:25:56 2026 ; 29 min 38 s 302.33 ms remaining ; 4 h 56 min 23 s   3.64 ms total)
Fri Jun 12 17:02:12 2026: Removed ≈ 92% of redundant conclusions. [5824531 of approximately 6331013] (ETC: Fri Jun 12 17:25:55 2026 ; 23 min 42 s 569.31 ms remaining ; 4 h 56 min 22 s  82.63 ms total)
Fri Jun 12 17:08:09 2026: Removed ≈ 94% of redundant conclusions. [5951152 of approximately 6331013] (ETC: Fri Jun 12 17:25:56 2026 ; 17 min 46 s 983.96 ms remaining ; 4 h 56 min 23 s  55.63 ms total)
Fri Jun 12 17:14:06 2026: Removed ≈ 96% of redundant conclusions. [6077772 of approximately 6331013] (ETC: Fri Jun 12 17:25:57 2026 ; 11 min 51 s 378.72 ms remaining ; 4 h 56 min 24 s 434.34 ms total)
Fri Jun 12 17:20:05 2026: Removed ≈ 98% of redundant conclusions. [6204392 of approximately 6331013] (ETC: Fri Jun 12 17:26:01 2026 ; 5 min 55 s 766.86 ms remaining ; 4 h 56 min 28 s 239.08 ms total)
17786114.15 ms (4 h 56 min 26 s 114.15 ms) taken to detect 6324311 conclusions for which there are more general variants proven in lower or equal amounts of steps.
[Copy] Custom removal counts: { { 85, 1499825 }, { 87, 2786232 }, { 89, 3634065 }, { 91, 3798684 }, { 93, 4465398 }, { 95, 1670741 }, { 97, 2009999 }, { 99, 2425983 }, { 101, 2891405 }, { 103, 3465286 }, { 105, 4104411 }, { 107, 4768017 }, { 109, 5527052 }, { 111, 6463551 }, { 113, 885395 }, { 115, 996439 }, { 117, 1107887 }, { 119, 1237637 }, { 121, 1388881 }, { 123, 1545209 }, { 125, 1710877 }, { 127, 1908147 }, { 129, 2120841 }, { 131, 2348056 }, { 133, 2608261 }, { 135, 2893623 }, { 137, 3201462 }, { 139, 3518601 }, { 141, 3886722 }, { 143, 4294518 }, { 145, 4731709 }, { 147, 5219540 }, { 149, 5748476 }, { 151, 6324311 } }
1221.99 ms (1 s 221.99 ms) taken to filter and order new representative proofs.
Found 197496 representative, 31395232321 redundant, and 70860058445 invalid condensed detachment proof strings.
lengths up to 151 ; amounts per length: {(1,1), (3,1), (5,1), (7,3), (9,8), (11,14), (13,21), (15,30), (17,38), (19,59), (21,87), (23,108), (25,157), (27,185), (29,249), (31,327), (33,422), (35,561), (37,673), (39,924), (41,1159), (43,1503), (45,1876), (47,2441), (49,3049), (51,3943), (53,4947), (55,6309), (57,7991), (59,10033), (61,12799), (63,16331), (65,20563), (67,26742), (69,33603), (71,42831), (73,54140), (75,68100), (77,86149), (79,105763), (81,131511), (83,160674), (85,196091), (87,238828), (89,285765), (91,344834), (93,409861), (95,319708), (97,312130), (99,370079), (101,462853), (103,568419), (105,691826), (107,816151), (109,935689), (111,1025073), (113,59519), (115,56002), (117,58978), (119,62472), (121,67531), (123,76343), (125,83907), (127,88161), (129,93944), (131,99340), (133,105032), (135,118515), (137,127207), (139,136161), (141,146392), (143,156483), (145,166841), (147,178381), (149,188989), (151,197496)} ; 197496 new representative proofs (31395232321 redundant, 70860058445 invalid)
Fri Jun 12 17:26:00 2026: Starting to write 197496 entries to data/97553789db1645226627da044ed0a2e6a9cfd5963d66a8a44e121146/extraction-l40l30/dProofs-withConclusions/dProofs151.txt.
126.27 ms taken to print and save 37210566 bytes of representative condensed detachment proof strings to data/97553789db1645226627da044ed0a2e6a9cfd5963d66a8a44e121146/extraction-l40l30/dProofs-withConclusions/dProofs151.txt.
Determined the number of proof string candidates for iteration as 123924629764. [most relevant: {75,77} with 2*5866746900 = 11733493800, i.e. ≈9.47%]
Estimated removal count set to 6957828, based on entry 151:6324311 and last known pair (149:5748476, 151:6324311) with 6324311/5748476 ≈ 1.10017 and 6324311 * (6324311/5748476)^1 ≈ 6957828.41.
Fri Jun 12 17:26:00 2026: Starting to generate D-proof representatives of length 153.
Fri Jun 12 18:19:06 2026: Iterated ≈ 2% of D-proof candidates. [  2478492595 of 123924629764] (ETC: Sun Jun 14 13:41:08 2026 ; 1 d 19 h 22 min  1 s 630.35 ms remaining ; 1 d 20 h 15 min  7 s 786.07 ms total)
Fri Jun 12 19:14:53 2026: Iterated ≈ 4% of D-proof candidates. [  4956985190 of 123924629764] (ETC: Sun Jun 14 14:47:51 2026 ; 1 d 19 h 32 min 58 s  10.03 ms remaining ; 1 d 21 h 21 min 50 s 427.12 ms total)
Fri Jun 12 20:13:56 2026: Iterated ≈ 6% of D-proof candidates. [  7435477785 of 123924629764] (ETC: Sun Jun 14 16:04:53 2026 ; 1 d 19 h 50 min 56 s 397.97 ms remaining ; 1 d 22 h 38 min 52 s 338.27 ms total)
Fri Jun 12 21:17:27 2026: Iterated ≈ 8% of D-proof candidates. [  9913970381 of 123924629764] (ETC: Sun Jun 14 17:39:01 2026 ; 1 d 20 h 21 min 34 s 109.05 ms remaining ; 2 d      13 min      553.31 ms total)
Fri Jun 12 22:12:46 2026: Iterated ≈10% of D-proof candidates. [ 12392462976 of 123924629764] (ETC: Sun Jun 14 17:13:40 2026 ; 1 d 19 h        54 s 154.13 ms remaining ; 1 d 23 h 47 min 40 s 171.25 ms total)
Fri Jun 12 23:07:37 2026: Iterated ≈12% of D-proof candidates. [ 14870955571 of 123924629764] (ETC: Sun Jun 14 16:52:46 2026 ; 1 d 17 h 45 min  9 s 217.04 ms remaining ; 1 d 23 h 26 min 45 s 928.45 ms total)
Sat Jun 13 00:11:30 2026: Iterated ≈14% of D-proof candidates. [ 17349448166 of 123924629764] (ETC: Sun Jun 14 17:42:25 2026 ; 1 d 17 h 30 min 54 s 768.21 ms remaining ; 2 d      16 min 24 s 614.20 ms total)
Sat Jun 13 01:06:47 2026: Iterated ≈16% of D-proof candidates. [ 19827940762 of 123924629764] (ETC: Sun Jun 14 17:25:54 2026 ; 1 d 16 h 19 min  6 s 863.91 ms remaining ; 1 d 23 h 59 min 53 s 885.60 ms total)
Sat Jun 13 02:04:24 2026: Iterated ≈18% of D-proof candidates. [ 22306433357 of 123924629764] (ETC: Sun Jun 14 17:25:56 2026 ; 1 d 15 h 21 min 32 s 900.50 ms remaining ; 1 d 23 h 59 min 56 s 220.12 ms total)
Sat Jun 13 03:04:10 2026: Iterated ≈20% of D-proof candidates. [ 24784925952 of 123924629764] (ETC: Sun Jun 14 17:36:49 2026 ; 1 d 14 h 32 min 39 s 162.11 ms remaining ; 2 d      10 min 48 s 952.63 ms total)
Sat Jun 13 04:03:31 2026: Iterated ≈22% of D-proof candidates. [ 27263418548 of 123924629764] (ETC: Sun Jun 14 17:43:49 2026 ; 1 d 13 h 40 min 17 s 579.65 ms remaining ; 2 d      17 min 48 s 691.86 ms total)
Sat Jun 13 05:16:56 2026: Iterated ≈24% of D-proof candidates. [ 29741911143 of 123924629764] (ETC: Sun Jun 14 18:48:14 2026 ; 1 d 13 h 31 min 17 s 499.95 ms remaining ; 2 d  1 h 22 min 13 s 552.56 ms total)
Sat Jun 13 06:17:30 2026: Iterated ≈26% of D-proof candidates. [ 32220403738 of 123924629764] (ETC: Sun Jun 14 18:53:17 2026 ; 1 d 12 h 35 min 46 s 980.57 ms remaining ; 2 d  1 h 27 min 16 s 460.23 ms total)
Sat Jun 13 07:14:56 2026: Iterated ≈28% of D-proof candidates. [ 34698896333 of 123924629764] (ETC: Sun Jun 14 18:46:27 2026 ; 1 d 11 h 31 min 31 s  81.73 ms remaining ; 2 d  1 h 20 min 26 s 502.40 ms total)
Sat Jun 13 08:15:49 2026: Iterated ≈30% of D-proof candidates. [ 37177388929 of 123924629764] (ETC: Sun Jun 14 18:52:03 2026 ; 1 d 10 h 36 min 14 s  69.54 ms remaining ; 2 d  1 h 26 min  2 s 956.48 ms total)
Sat Jun 13 09:14:43 2026: Iterated ≈32% of D-proof candidates. [ 39655881524 of 123924629764] (ETC: Sun Jun 14 18:50:44 2026 ; 1 d  9 h 36 min  1 s 113.89 ms remaining ; 2 d  1 h 24 min 43 s 991.01 ms total)
Sat Jun 13 10:13:39 2026: Iterated ≈34% of D-proof candidates. [ 42134374119 of 123924629764] (ETC: Sun Jun 14 18:49:40 2026 ; 1 d  8 h 36 min  1 s  99.60 ms remaining ; 2 d  1 h 23 min 39 s 847.87 ms total)
Sat Jun 13 11:14:07 2026: Iterated ≈36% of D-proof candidates. [ 44612866715 of 123924629764] (ETC: Sun Jun 14 18:52:58 2026 ; 1 d  7 h 38 min 51 s 172.38 ms remaining ; 2 d  1 h 26 min 57 s 456.85 ms total)
Sat Jun 13 12:17:24 2026: Iterated ≈38% of D-proof candidates. [ 47091359310 of 123924629764] (ETC: Sun Jun 14 19:03:22 2026 ; 1 d  6 h 45 min 58 s  58.43 ms remaining ; 2 d  1 h 37 min 22 s  29.72 ms total)
Sat Jun 13 13:18:25 2026: Iterated ≈40% of D-proof candidates. [ 49569851905 of 123924629764] (ETC: Sun Jun 14 19:07:03 2026 ; 1 d  5 h 48 min 37 s 499.06 ms remaining ; 2 d  1 h 41 min  2 s 498.42 ms total)
Sat Jun 13 14:18:32 2026: Iterated ≈42% of D-proof candidates. [ 52048344500 of 123924629764] (ETC: Sun Jun 14 19:08:13 2026 ; 1 d  4 h 49 min 41 s  67.48 ms remaining ; 2 d  1 h 42 min 12 s 874.96 ms total)
Sat Jun 13 15:17:42 2026: Iterated ≈44% of D-proof candidates. [ 54526837096 of 123924629764] (ETC: Sun Jun 14 19:07:07 2026 ; 1 d  3 h 49 min 25 s 259.34 ms remaining ; 2 d  1 h 41 min  6 s 534.54 ms total)
Sat Jun 13 16:15:45 2026: Iterated ≈46% of D-proof candidates. [ 57005329691 of 123924629764] (ETC: Sun Jun 14 19:03:42 2026 ; 1 d  2 h 47 min 57 s 291.62 ms remaining ; 2 d  1 h 37 min 41 s 651.15 ms total)
Sat Jun 13 17:18:53 2026: Iterated ≈48% of D-proof candidates. [ 59483822286 of 123924629764] (ETC: Sun Jun 14 19:11:11 2026 ; 1 d  1 h 52 min 17 s 525.02 ms remaining ; 2 d  1 h 45 min 10 s 625.04 ms total)
Sat Jun 13 18:20:05 2026: Iterated ≈50% of D-proof candidates. [ 61962314882 of 123924629764] (ETC: Sun Jun 14 19:14:11 2026 ; 1 d      54 min  5 s 150.10 ms remaining ; 2 d  1 h 48 min 10 s 300.20 ms total)
Sat Jun 13 19:16:44 2026: Iterated ≈52% of D-proof candidates. [ 64440807477 of 123924629764] (ETC: Sun Jun 14 19:08:10 2026 ; 23 h 51 min 26 s 240.91 ms remaining ; 2 d  1 h 42 min  9 s 668.57 ms total)
Sat Jun 13 20:17:53 2026: Iterated ≈54% of D-proof candidates. [ 66919300072 of 123924629764] (ETC: Sun Jun 14 19:10:58 2026 ; 22 h 53 min  4 s 786.25 ms remaining ; 2 d  1 h 44 min 57 s 361.41 ms total)
Sat Jun 13 21:19:49 2026: Iterated ≈56% of D-proof candidates. [ 69397792667 of 123924629764] (ETC: Sun Jun 14 19:14:57 2026 ; 21 h 55 min  8 s 381.89 ms remaining ; 2 d  1 h 48 min 57 s 231.56 ms total)
Sat Jun 13 22:19:17 2026: Iterated ≈58% of D-proof candidates. [ 71876285263 of 123924629764] (ETC: Sun Jun 14 19:14:26 2026 ; 20 h 55 min  8 s 203.37 ms remaining ; 2 d  1 h 48 min 25 s 246.13 ms total)
Sat Jun 13 23:22:13 2026: Iterated ≈60% of D-proof candidates. [ 74354777858 of 123924629764] (ETC: Sun Jun 14 19:19:41 2026 ; 19 h 57 min 28 s 382.70 ms remaining ; 2 d  1 h 53 min 40 s 956.74 ms total)
Sun Jun 14 00:25:37 2026: Iterated ≈62% of D-proof candidates. [ 76833270453 of 123924629764] (ETC: Sun Jun 14 19:25:24 2026 ; 18 h 59 min 46 s  38.20 ms remaining ; 2 d  1 h 59 min 23 s 258.43 ms total)
Sun Jun 14 01:22:45 2026: Iterated ≈64% of D-proof candidates. [ 79311763048 of 123924629764] (ETC: Sun Jun 14 19:20:55 2026 ; 17 h 58 min 10 s  81.80 ms remaining ; 2 d  1 h 54 min 54 s 671.66 ms total)
Sun Jun 14 02:22:38 2026: Iterated ≈66% of D-proof candidates. [ 81790255644 of 123924629764] (ETC: Sun Jun 14 19:20:54 2026 ; 16 h 58 min 15 s 717.34 ms remaining ; 2 d  1 h 54 min 53 s 286.29 ms total)
Sun Jun 14 03:23:26 2026: Iterated ≈68% of D-proof candidates. [ 84268748239 of 123924629764] (ETC: Sun Jun 14 19:22:14 2026 ; 15 h 58 min 47 s 615.86 ms remaining ; 2 d  1 h 56 min 13 s 799.55 ms total)
Sun Jun 14 04:23:08 2026: Iterated ≈70% of D-proof candidates. [ 86747240834 of 123924629764] (ETC: Sun Jun 14 19:21:55 2026 ; 14 h 58 min 46 s 302.25 ms remaining ; 2 d  1 h 55 min 54 s 340.83 ms total)
Sun Jun 14 05:27:28 2026: Iterated ≈72% of D-proof candidates. [ 89225733430 of 123924629764] (ETC: Sun Jun 14 19:28:02 2026 ; 14 h        33 s 994.70 ms remaining ; 2 d  2 h  2 min  1 s 409.65 ms total)
Sun Jun 14 06:27:16 2026: Iterated ≈74% of D-proof candidates. [ 91704226025 of 123924629764] (ETC: Sun Jun 14 19:27:43 2026 ; 13 h        26 s 695.13 ms remaining ; 2 d  2 h  1 min 42 s 673.59 ms total)
Sun Jun 14 07:28:28 2026: Iterated ≈76% of D-proof candidates. [ 94182718620 of 123924629764] (ETC: Sun Jun 14 19:29:15 2026 ; 12 h        46 s 638.29 ms remaining ; 2 d  2 h  3 min 14 s 326.20 ms total)
Sun Jun 14 08:29:27 2026: Iterated ≈78% of D-proof candidates. [ 96661211215 of 123924629764] (ETC: Sun Jun 14 19:30:25 2026 ; 11 h        58 s 218.35 ms remaining ; 2 d  2 h  4 min 24 s 628.87 ms total)
Sun Jun 14 09:30:01 2026: Iterated ≈80% of D-proof candidates. [ 99139703811 of 123924629764] (ETC: Sun Jun 14 19:31:01 2026 ; 10 h  1 min       63.59 ms remaining ; 2 d  2 h  5 min      317.97 ms total)
Sun Jun 14 10:36:27 2026: Iterated ≈82% of D-proof candidates. [101618196406 of 123924629764] (ETC: Sun Jun 14 19:38:45 2026 ; 9 h  2 min 17 s 623.94 ms remaining ; 2 d  2 h 12 min 44 s 577.46 ms total)
Sun Jun 14 11:36:44 2026: Iterated ≈84% of D-proof candidates. [104096689001 of 123924629764] (ETC: Sun Jun 14 19:38:46 2026 ; 8 h  2 min  2 s 526.20 ms remaining ; 2 d  2 h 12 min 45 s 788.76 ms total)
Sun Jun 14 12:36:11 2026: Iterated ≈86% of D-proof candidates. [106575181597 of 123924629764] (ETC: Sun Jun 14 19:37:50 2026 ; 7 h  1 min 39 s 364.32 ms remaining ; 2 d  2 h 11 min 49 s 745.14 ms total)
Sun Jun 14 13:32:31 2026: Iterated ≈88% of D-proof candidates. [109053674192 of 123924629764] (ETC: Sun Jun 14 19:33:24 2026 ; 6 h        53 s 245.62 ms remaining ; 2 d  2 h  7 min 23 s 713.50 ms total)
Sun Jun 14 14:38:09 2026: Iterated ≈90% of D-proof candidates. [111532166787 of 123924629764] (ETC: Sun Jun 14 19:39:30 2026 ; 5 h  1 min 20 s 960.02 ms remaining ; 2 d  2 h 13 min 29 s 600.20 ms total)
Sun Jun 14 15:41:16 2026: Iterated ≈92% of D-proof candidates. [114010659382 of 123924629764] (ETC: Sun Jun 14 19:42:36 2026 ; 4 h  1 min 19 s 631.27 ms remaining ; 2 d  2 h 16 min 35 s 390.85 ms total)
Sun Jun 14 16:45:31 2026: Iterated ≈94% of D-proof candidates. [116489151978 of 123924629764] (ETC: Sun Jun 14 19:46:46 2026 ; 3 h  1 min 14 s 737.30 ms remaining ; 2 d  2 h 20 min 45 s 621.62 ms total)
Sun Jun 14 17:46:43 2026: Iterated ≈96% of D-proof candidates. [118967644573 of 123924629764] (ETC: Sun Jun 14 19:47:35 2026 ; 2 h        51 s 795.25 ms remaining ; 2 d  2 h 21 min 34 s 881.33 ms total)
Sun Jun 14 18:48:59 2026: Iterated ≈98% of D-proof candidates. [121446137168 of 123924629764] (ETC: Sun Jun 14 19:49:27 2026 ; 1 h        28 s 139.13 ms remaining ; 2 d  2 h 23 min 26 s 956.43 ms total)
Sun Jun 14 19:48:46 2026: Iterated 100% of D-proof candidates. [123924629764 of 123924629764] (ETC: Sun Jun 14 19:48:46 2026 ; 0.00 ms remaining ; 2 d  2 h 22 min 45 s 265.71 ms total)
181365388.26 ms (2 d 2 h 22 min 45 s 388.26 ms) taken to collect 7151454 D-proofs of length 153. [iterated 123924629764 condensed detachment proof strings]
Sun Jun 14 19:55:20 2026: Removed ≈  2% of redundant conclusions. [ 139156 of approximately 6957828] (ETC: Mon Jun 15 01:16:55 2026 ; 5 h 21 min 34 s 921.30 ms remaining ; 5 h 28 min  8 s 693.58 ms total)
Sun Jun 14 20:01:56 2026: Removed ≈  4% of redundant conclusions. [ 278313 of approximately 6957828] (ETC: Mon Jun 15 01:17:47 2026 ; 5 h 15 min 50 s 986.43 ms remaining ; 5 h 29 min      610.51 ms total)
Sun Jun 14 20:08:33 2026: Removed ≈  6% of redundant conclusions. [ 417469 of approximately 6957828] (ETC: Mon Jun 15 01:18:28 2026 ; 5 h  9 min 55 s  85.32 ms remaining ; 5 h 29 min 42 s   3.60 ms total)
Sun Jun 14 20:15:06 2026: Removed ≈  8% of redundant conclusions. [ 556626 of approximately 6957828] (ETC: Mon Jun 15 01:17:46 2026 ; 5 h  2 min 40 s 555.67 ms remaining ; 5 h 28 min 59 s 733.69 ms total)
Sun Jun 14 20:21:38 2026: Removed ≈ 10% of redundant conclusions. [ 695782 of approximately 6957828] (ETC: Mon Jun 15 01:17:18 2026 ; 4 h 55 min 40 s 147.45 ms remaining ; 5 h 28 min 31 s 272.42 ms total)
Sun Jun 14 20:28:15 2026: Removed ≈ 12% of redundant conclusions. [ 834939 of approximately 6957828] (ETC: Mon Jun 15 01:17:48 2026 ; 4 h 49 min 32 s 913.06 ms remaining ; 5 h 29 min  1 s 945.50 ms total)
Sun Jun 14 20:34:52 2026: Removed ≈ 14% of redundant conclusions. [ 974095 of approximately 6957828] (ETC: Mon Jun 15 01:18:00 2026 ; 4 h 43 min  8 s 133.18 ms remaining ; 5 h 29 min 13 s 640.19 ms total)
Sun Jun 14 20:41:30 2026: Removed ≈ 16% of redundant conclusions. [1113252 of approximately 6957828] (ETC: Mon Jun 15 01:18:22 2026 ; 4 h 36 min 51 s 536.30 ms remaining ; 5 h 29 min 35 s 636.83 ms total)
Sun Jun 14 20:48:11 2026: Removed ≈ 18% of redundant conclusions. [1252409 of approximately 6957828] (ETC: Mon Jun 15 01:18:50 2026 ; 4 h 30 min 38 s 552.31 ms remaining ; 5 h 30 min  3 s 112.43 ms total)
Sun Jun 14 20:54:49 2026: Removed ≈ 20% of redundant conclusions. [1391565 of approximately 6957828] (ETC: Mon Jun 15 01:19:00 2026 ; 4 h 24 min 10 s 552.19 ms remaining ; 5 h 30 min 13 s 188.11 ms total)
Sun Jun 14 21:01:25 2026: Removed ≈ 22% of redundant conclusions. [1530722 of approximately 6957828] (ETC: Mon Jun 15 01:18:57 2026 ; 4 h 17 min 32 s  67.43 ms remaining ; 5 h 30 min 10 s 342.28 ms total)
Sun Jun 14 21:07:52 2026: Removed ≈ 24% of redundant conclusions. [1669878 of approximately 6957828] (ETC: Mon Jun 15 01:18:18 2026 ; 4 h 10 min 26 s 263.17 ms remaining ; 5 h 29 min 31 s 396.22 ms total)
Sun Jun 14 21:14:21 2026: Removed ≈ 26% of redundant conclusions. [1809035 of approximately 6957828] (ETC: Mon Jun 15 01:17:56 2026 ; 4 h  3 min 34 s 367.09 ms remaining ; 5 h 29 min  9 s 143.64 ms total)
Sun Jun 14 21:20:52 2026: Removed ≈ 28% of redundant conclusions. [1948191 of approximately 6957828] (ETC: Mon Jun 15 01:17:39 2026 ; 3 h 56 min 47 s 518.98 ms remaining ; 5 h 28 min 52 s 661.94 ms total)
Sun Jun 14 21:27:22 2026: Removed ≈ 30% of redundant conclusions. [2087348 of approximately 6957828] (ETC: Mon Jun 15 01:17:27 2026 ; 3 h 50 min  4 s  81.51 ms remaining ; 5 h 28 min 40 s 114.82 ms total)
Sun Jun 14 21:33:55 2026: Removed ≈ 32% of redundant conclusions. [2226504 of approximately 6957828] (ETC: Mon Jun 15 01:17:22 2026 ; 3 h 43 min 26 s 676.67 ms remaining ; 5 h 28 min 35 s 696.99 ms total)
Sun Jun 14 21:40:27 2026: Removed ≈ 34% of redundant conclusions. [2365661 of approximately 6957828] (ETC: Mon Jun 15 01:17:13 2026 ; 3 h 36 min 46 s 408.50 ms remaining ; 5 h 28 min 26 s 677.32 ms total)
Sun Jun 14 21:46:59 2026: Removed ≈ 36% of redundant conclusions. [2504818 of approximately 6957828] (ETC: Mon Jun 15 01:17:08 2026 ; 3 h 30 min  9 s 133.31 ms remaining ; 5 h 28 min 21 s 770.44 ms total)
Sun Jun 14 21:53:33 2026: Removed ≈ 38% of redundant conclusions. [2643974 of approximately 6957828] (ETC: Mon Jun 15 01:17:08 2026 ; 3 h 23 min 34 s 933.51 ms remaining ; 5 h 28 min 21 s 502.74 ms total)
Sun Jun 14 22:00:10 2026: Removed ≈ 40% of redundant conclusions. [2783131 of approximately 6957828] (ETC: Mon Jun 15 01:17:15 2026 ; 3 h 17 min  5 s 415.57 ms remaining ; 5 h 28 min 29 s  25.01 ms total)
Sun Jun 14 22:06:47 2026: Removed ≈ 42% of redundant conclusions. [2922287 of approximately 6957828] (ETC: Mon Jun 15 01:17:22 2026 ; 3 h 10 min 35 s 338.27 ms remaining ; 5 h 28 min 36 s  96.75 ms total)
Sun Jun 14 22:13:24 2026: Removed ≈ 44% of redundant conclusions. [3061444 of approximately 6957828] (ETC: Mon Jun 15 01:17:28 2026 ; 3 h  4 min  3 s 851.44 ms remaining ; 5 h 28 min 41 s 161.66 ms total)
Sun Jun 14 22:20:16 2026: Removed ≈ 46% of redundant conclusions. [3200600 of approximately 6957828] (ETC: Mon Jun 15 01:18:06 2026 ; 2 h 57 min 50 s 341.04 ms remaining ; 5 h 29 min 19 s 886.19 ms total)
Sun Jun 14 22:26:58 2026: Removed ≈ 48% of redundant conclusions. [3339757 of approximately 6957828] (ETC: Mon Jun 15 01:18:21 2026 ; 2 h 51 min 22 s 875.88 ms remaining ; 5 h 29 min 34 s 758.90 ms total)
Sun Jun 14 22:33:42 2026: Removed ≈ 50% of redundant conclusions. [3478914 of approximately 6957828] (ETC: Mon Jun 15 01:18:38 2026 ; 2 h 44 min 55 s 771.89 ms remaining ; 5 h 29 min 51 s 543.78 ms total)
Sun Jun 14 22:40:25 2026: Removed ≈ 52% of redundant conclusions. [3618070 of approximately 6957828] (ETC: Mon Jun 15 01:18:51 2026 ; 2 h 38 min 26 s 416.72 ms remaining ; 5 h 30 min  5 s  31.52 ms total)
Sun Jun 14 22:47:08 2026: Removed ≈ 54% of redundant conclusions. [3757227 of approximately 6957828] (ETC: Mon Jun 15 01:19:03 2026 ; 2 h 31 min 55 s 764.78 ms remaining ; 5 h 30 min 16 s 879.22 ms total)
Sun Jun 14 22:53:45 2026: Removed ≈ 56% of redundant conclusions. [3896383 of approximately 6957828] (ETC: Mon Jun 15 01:19:06 2026 ; 2 h 25 min 20 s 579.93 ms remaining ; 5 h 30 min 19 s 495.44 ms total)
Sun Jun 14 23:00:21 2026: Removed ≈ 58% of redundant conclusions. [4035540 of approximately 6957828] (ETC: Mon Jun 15 01:19:04 2026 ; 2 h 18 min 43 s 500.02 ms remaining ; 5 h 30 min 17 s 855.56 ms total)
Sun Jun 14 23:06:51 2026: Removed ≈ 60% of redundant conclusions. [4174696 of approximately 6957828] (ETC: Mon Jun 15 01:18:54 2026 ; 2 h 12 min  3 s 218.95 ms remaining ; 5 h 30 min  8 s  41.67 ms total)
Sun Jun 14 23:13:29 2026: Removed ≈ 62% of redundant conclusions. [4313853 of approximately 6957828] (ETC: Mon Jun 15 01:18:57 2026 ; 2 h  5 min 28 s  60.61 ms remaining ; 5 h 30 min 10 s 683.12 ms total)
Sun Jun 14 23:20:04 2026: Removed ≈ 64% of redundant conclusions. [4453009 of approximately 6957828] (ETC: Mon Jun 15 01:18:55 2026 ; 1 h 58 min 50 s 961.29 ms remaining ; 5 h 30 min  8 s 218.53 ms total)
Sun Jun 14 23:26:41 2026: Removed ≈ 66% of redundant conclusions. [4592166 of approximately 6957828] (ETC: Mon Jun 15 01:18:57 2026 ; 1 h 52 min 15 s 479.12 ms remaining ; 5 h 30 min 10 s 228.67 ms total)
Sun Jun 14 23:33:19 2026: Removed ≈ 68% of redundant conclusions. [4731323 of approximately 6957828] (ETC: Mon Jun 15 01:18:58 2026 ; 1 h 45 min 39 s 820.51 ms remaining ; 5 h 30 min 11 s 938.75 ms total)
Sun Jun 14 23:39:58 2026: Removed ≈ 70% of redundant conclusions. [4870479 of approximately 6957828] (ETC: Mon Jun 15 01:19:04 2026 ; 1 h 39 min  5 s 178.47 ms remaining ; 5 h 30 min 17 s 255.86 ms total)
Sun Jun 14 23:46:46 2026: Removed ≈ 72% of redundant conclusions. [5009636 of approximately 6957828] (ETC: Mon Jun 15 01:19:18 2026 ; 1 h 32 min 32 s 965.87 ms remaining ; 5 h 30 min 32 s  19.35 ms total)
Sun Jun 14 23:53:33 2026: Removed ≈ 74% of redundant conclusions. [5148792 of approximately 6957828] (ETC: Mon Jun 15 01:19:33 2026 ; 1 h 26 min       70.71 ms remaining ; 5 h 30 min 46 s 417.90 ms total)
Mon Jun 15 00:00:21 2026: Removed ≈ 76% of redundant conclusions. [5287949 of approximately 6957828] (ETC: Mon Jun 15 01:19:47 2026 ; 1 h 19 min 26 s 650.44 ms remaining ; 5 h 31 min  1 s  40.17 ms total)
Mon Jun 15 00:07:11 2026: Removed ≈ 78% of redundant conclusions. [5427105 of approximately 6957828] (ETC: Mon Jun 15 01:20:05 2026 ; 1 h 12 min 53 s 198.60 ms remaining ; 5 h 31 min 18 s 164.53 ms total)
Mon Jun 15 00:13:59 2026: Removed ≈ 80% of redundant conclusions. [5566262 of approximately 6957828] (ETC: Mon Jun 15 01:20:18 2026 ; 1 h  6 min 18 s 269.12 ms remaining ; 5 h 31 min 31 s 339.87 ms total)
Mon Jun 15 00:20:46 2026: Removed ≈ 82% of redundant conclusions. [5705418 of approximately 6957828] (ETC: Mon Jun 15 01:20:28 2026 ; 59 min 42 s 277.47 ms remaining ; 5 h 31 min 41 s 526.22 ms total)
Mon Jun 15 00:27:38 2026: Removed ≈ 84% of redundant conclusions. [5844575 of approximately 6957828] (ETC: Mon Jun 15 01:20:45 2026 ; 53 min  7 s  32.84 ms remaining ; 5 h 31 min 58 s 945.98 ms total)
Mon Jun 15 00:34:33 2026: Removed ≈ 86% of redundant conclusions. [5983732 of approximately 6957828] (ETC: Mon Jun 15 01:21:04 2026 ; 46 min 31 s 271.94 ms remaining ; 5 h 32 min 17 s 655.08 ms total)
Mon Jun 15 00:41:31 2026: Removed ≈ 88% of redundant conclusions. [6122888 of approximately 6957828] (ETC: Mon Jun 15 01:21:27 2026 ; 39 min 55 s 228.49 ms remaining ; 5 h 32 min 40 s 222.14 ms total)
Mon Jun 15 00:48:18 2026: Removed ≈ 90% of redundant conclusions. [6262045 of approximately 6957828] (ETC: Mon Jun 15 01:21:34 2026 ; 33 min 16 s 805.43 ms remaining ; 5 h 32 min 48 s  48.60 ms total)
Mon Jun 15 00:54:55 2026: Removed ≈ 92% of redundant conclusions. [6401201 of approximately 6957828] (ETC: Mon Jun 15 01:21:32 2026 ; 26 min 37 s 240.98 ms remaining ; 5 h 32 min 45 s 485.01 ms total)
Mon Jun 15 01:01:30 2026: Removed ≈ 94% of redundant conclusions. [6540358 of approximately 6957828] (ETC: Mon Jun 15 01:21:27 2026 ; 19 min 57 s 660.73 ms remaining ; 5 h 32 min 40 s 996.85 ms total)
Mon Jun 15 01:08:06 2026: Removed ≈ 96% of redundant conclusions. [6679514 of approximately 6957828] (ETC: Mon Jun 15 01:21:24 2026 ; 13 min 18 s 313.54 ms remaining ; 5 h 32 min 37 s 775.41 ms total)
Mon Jun 15 01:15:00 2026: Removed ≈ 98% of redundant conclusions. [6818671 of approximately 6957828] (ETC: Mon Jun 15 01:21:40 2026 ; 6 min 39 s 472.06 ms remaining ; 5 h 32 min 53 s 539.82 ms total)
20019761.93 ms (5 h 33 min 39 s 761.93 ms) taken to detect 6945537 conclusions for which there are more general variants proven in lower or equal amounts of steps.
[Copy] Custom removal counts: { { 85, 1499825 }, { 87, 2786232 }, { 89, 3634065 }, { 91, 3798684 }, { 93, 4465398 }, { 95, 1670741 }, { 97, 2009999 }, { 99, 2425983 }, { 101, 2891405 }, { 103, 3465286 }, { 105, 4104411 }, { 107, 4768017 }, { 109, 5527052 }, { 111, 6463551 }, { 113, 885395 }, { 115, 996439 }, { 117, 1107887 }, { 119, 1237637 }, { 121, 1388881 }, { 123, 1545209 }, { 125, 1710877 }, { 127, 1908147 }, { 129, 2120841 }, { 131, 2348056 }, { 133, 2608261 }, { 135, 2893623 }, { 137, 3201462 }, { 139, 3518601 }, { 141, 3886722 }, { 143, 4294518 }, { 145, 4731709 }, { 147, 5219540 }, { 149, 5748476 }, { 151, 6324311 }, { 153, 6945537 } }
1343.45 ms (1 s 343.44 ms) taken to filter and order new representative proofs.
Found 205917 representative, 37391362778 redundant, and 86533061069 invalid condensed detachment proof strings.
lengths up to 153 ; amounts per length: {(1,1), (3,1), (5,1), (7,3), (9,8), (11,14), (13,21), (15,30), (17,38), (19,59), (21,87), (23,108), (25,157), (27,185), (29,249), (31,327), (33,422), (35,561), (37,673), (39,924), (41,1159), (43,1503), (45,1876), (47,2441), (49,3049), (51,3943), (53,4947), (55,6309), (57,7991), (59,10033), (61,12799), (63,16331), (65,20563), (67,26742), (69,33603), (71,42831), (73,54140), (75,68100), (77,86149), (79,105763), (81,131511), (83,160674), (85,196091), (87,238828), (89,285765), (91,344834), (93,409861), (95,319708), (97,312130), (99,370079), (101,462853), (103,568419), (105,691826), (107,816151), (109,935689), (111,1025073), (113,59519), (115,56002), (117,58978), (119,62472), (121,67531), (123,76343), (125,83907), (127,88161), (129,93944), (131,99340), (133,105032), (135,118515), (137,127207), (139,136161), (141,146392), (143,156483), (145,166841), (147,178381), (149,188989), (151,197496), (153,205917)} ; 205917 new representative proofs (37391362778 redundant, 86533061069 invalid)
Mon Jun 15 01:22:27 2026: Starting to write 205917 entries to data/97553789db1645226627da044ed0a2e6a9cfd5963d66a8a44e121146/extraction-l40l30/dProofs-withConclusions/dProofs153.txt.
131.23 ms taken to print and save 39214643 bytes of representative condensed detachment proof strings to data/97553789db1645226627da044ed0a2e6a9cfd5963d66a8a44e121146/extraction-l40l30/dProofs-withConclusions/dProofs153.txt.
Determined the number of proof string candidates for iteration as 149908618237. [most relevant: {75,79} with 2*7202460300 = 14404920600, i.e. ≈9.61%]
Estimated removal count set to 7627784, based on entry 153:6945537 and last known pair (151:6324311, 153:6945537) with 6945537/6324311 ≈ 1.09823 and 6945537 * (6945537/6324311)^1 ≈ 7627784.94.
Mon Jun 15 01:22:27 2026: Starting to generate D-proof representatives of length 155.
[2026-06-15T01:54:15.185] error: *** JOB 923704 ON nco01 CANCELLED AT 2026-06-15T01:54:15 DUE to SIGNAL Terminated ***
